#
# A fatal error has been detected by the Java Runtime Environment:
#
#  SIGSEGV (0xb) at pc=0x000070d587a8bd5c, pid=16662, tid=16679
#
# JRE version: OpenJDK Runtime Environment Microsoft-11926113 (17.0.16+8) (build 17.0.16+8-LTS)
# Java VM: OpenJDK 64-Bit Server VM Microsoft-11926113 (17.0.16+8-LTS, mixed mode, sharing, tiered, compressed oops, compressed class ptrs, g1 gc, linux-amd64)
# Problematic frame:
# V  [libjvm.so+0x48bd5c]  CodeEmitInfo::interpreter_frame_size() const+0x1c
#
# Core dump will be written. Default location: Core dumps may be processed with "/usr/share/apport/apport -p%p -s%s -c%c -d%d -P%P -u%u -g%g -F%F -- %E" (or dumping to /home/juste/learnings/Spring Boot/cashcard/core.16662)
#
# If you would like to submit a bug report, please visit:
#   https://github.com/microsoft/openjdk/issues
#

---------------  S U M M A R Y ------------

Command Line: -Dorg.gradle.internal.worker.tmpdir=/home/juste/learnings/Spring Boot/cashcard/build/tmp/test/work -Xmx512m -Dfile.encoding=UTF-8 -Duser.country=US -Duser.language=en -Duser.variant -ea worker.org.gradle.process.internal.worker.GradleWorkerMain 'Gradle Test Executor 18'

Host: 11th Gen Intel(R) Core(TM) i5-1135G7 @ 2.40GHz, 8 cores, 15G, Ubuntu 24.04.3 LTS
Time: Sun Oct 26 12:34:53 2025 GMT elapsed time: 0.731001 seconds (0d 0h 0m 0s)

---------------  T H R E A D  ---------------

Current thread (0x000070d580160aa0):  JavaThread "C1 CompilerThread0" daemon [_thread_in_native, id=16679, stack(0x000070d584146000,0x000070d584246000)]


Current CompileTask:
C1:    731  515   !   3       java.net.URL::<init> (543 bytes)

Stack: [0x000070d584146000,0x000070d584246000],  sp=0x000070d584243d50,  free space=1015k
Native frames: (J=compiled Java code, j=interpreted, Vv=VM code, C=native code)
V  [libjvm.so+0x48bd5c]  CodeEmitInfo::interpreter_frame_size() const+0x1c
V  [libjvm.so+0x4da799]  LinearScan::compute_oop_map(IntervalWalker*, LIR_OpVisitState const&, LIR_Op*)+0x69
V  [libjvm.so+0x4e21ba]  LinearScan::assign_reg_num(GrowableArray<LIR_Op*>*, IntervalWalker*)+0x3ea
V  [libjvm.so+0x4e62c6]  LinearScan::do_linear_scan()+0xf6
V  [libjvm.so+0x4683fb]  Compilation::emit_lir()+0x57b
V  [libjvm.so+0x469444]  Compilation::compile_java_method()+0x264
V  [libjvm.so+0x469702]  Compilation::compile_method()+0x112
V  [libjvm.so+0x469ac4]  Compilation::Compilation(AbstractCompiler*, ciEnv*, ciMethod*, int, BufferBlob*, bool, DirectiveSet*)+0x204
V  [libjvm.so+0x46a5f1]  Compiler::compile_method(ciEnv*, ciMethod*, int, bool, DirectiveSet*)+0xb1
V  [libjvm.so+0x5de033]  CompileBroker::invoke_compiler_on_method(CompileTask*)+0xeb3
V  [libjvm.so+0x5defb8]  CompileBroker::compiler_thread_loop()+0x718
V  [libjvm.so+0xe7862e]  JavaThread::thread_main_inner()+0x1ae
V  [libjvm.so+0xe7bf1a]  Thread::call_run()+0xaa
V  [libjvm.so+0xc36353]  thread_native_entry(Thread*)+0xe3
C  [libc.so.6+0x9caa4]


siginfo: si_signo: 11 (SIGSEGV), si_code: 1 (SEGV_MAPERR), si_addr: 0x000000000000004c

Registers:
RAX=0x0000000000000001, RBX=0x000070d58065b7d0, RCX=0x0000000000000002, RDX=0x000070d5842444c0
RSP=0x000070d584243d50, RBP=0x000070d584243d70, RSI=0x0000000000000064, RDI=0x000070d4e812db90
R8 =0x0000000000000000, R9 =0x000070d4ec033d00, R10=0x000070d4e8029bb0, R11=0x000070d4ec033d08
R12=0x000070d584243e40, R13=0x000070d4e812db90, R14=0x0000000000000000, R15=0x000070d4e812db90
RIP=0x000070d587a8bd5c, EFLAGS=0x0000000000010202, CSGSFS=0x002b000000000033, ERR=0x0000000000000004
  TRAPNO=0x000000000000000e

XMM[0]=0x0000000000000000 0x000070d4e80432d0
XMM[1]=0x000070d4e80432a0 0x0000000000000000
XMM[2]=0x0000000000000000 0x0000000000000000
XMM[3]=0x0000000000000000 0x000070d4e80432d0
XMM[4]=0x000070d4e80432a0 0x0000000000000000
XMM[5]=0x000070d580169d70 0x0000000200000000
XMM[6]=0x0000000000000000 0x0000000000000000
XMM[7]=0x0000000000000000 0x0000000000000000
XMM[8]=0x0000000000000000 0x0000000000000000
XMM[9]=0x000070d584243fc0 0x000070d588851430
XMM[10]=0x000070d584243fc0 0x000070d588849f88
XMM[11]=0x000070d584243fc0 0x000070d588849f38
XMM[12]=0x000070d584243fc0 0x000070d588849ee8
XMM[13]=0x000070d584243fc0 0x000070d588849cf0
XMM[14]=0x000070d584243fc0 0x000070d588849c98
XMM[15]=0x0000000000000001 0x0000000000000000
  MXCSR=0x00001fa0


Register to memory mapping:

RAX=0x0000000000000001 is an unknown value
RBX=0x000070d58065b7d0 points into unknown readable memory: 0x000070d4ec016250 | 50 62 01 ec d4 70 00 00
RCX=0x0000000000000002 is an unknown value
RDX=0x000070d5842444c0 is pointing into the stack for thread: 0x000070d580160aa0
RSP=0x000070d584243d50 is pointing into the stack for thread: 0x000070d580160aa0
RBP=0x000070d584243d70 is pointing into the stack for thread: 0x000070d580160aa0
RSI=0x0000000000000064 is an unknown value
RDI=0x000070d4e812db90 points into unknown readable memory: 0x0000000000000000 | 00 00 00 00 00 00 00 00
R8 =0x0 is NULL
R9 =0x000070d4ec033d00 points into unknown readable memory: 0x000070d4e8029bc0 | c0 9b 02 e8 d4 70 00 00
R10=0x000070d4e8029bb0 points into unknown readable memory: 0x7fffffff7fffffff | ff ff ff 7f ff ff ff 7f
R11=0x000070d4ec033d08 points into unknown readable memory: 0x000070d580164a60 | 60 4a 16 80 d5 70 00 00
R12=0x000070d584243e40 is pointing into the stack for thread: 0x000070d580160aa0
R13=0x000070d4e812db90 points into unknown readable memory: 0x0000000000000000 | 00 00 00 00 00 00 00 00
R14=0x0 is NULL
R15=0x000070d4e812db90 points into unknown readable memory: 0x0000000000000000 | 00 00 00 00 00 00 00 00


Top of Stack: (sp=0x000070d584243d50)
0x000070d584243d50:   000070d4e8096760 000070d584243e40
0x000070d584243d60:   000070d4e812db90 0000000000000000
0x000070d584243d70:   000070d584243dd0 000070d587ada799
0x000070d584243d80:   000070d4e812dc40 000070d4ec033cc0
0x000070d584243d90:   000070d4e8043330 000070d5842444c0
0x000070d584243da0:   000070d584243dd0 0000000000000010
0x000070d584243db0:   0000000000000010 000070d4e8096760
0x000070d584243dc0:   000070d58065b8a0 0000000000000db0
0x000070d584243dd0:   000070d5842440b0 000070d587ae21ba
0x000070d584243de0:   0000000000000009 000070d4ec033cc0
0x000070d584243df0:   0000000000000048 000070d584243e60
0x000070d584243e00:   000070d5805ae980 000070d4e812d930
0x000070d584243e10:   000070d4e812dc40 000070d584243e40
0x000070d584243e20:   0000000000000000 000070d584244050
0x000070d584243e30:   0000000201000000 0000000000000030
0x000070d584243e40:   000070d4e812dc40 0000000000000002
0x000070d584243e50:   000070d500000000 000070d4e812dc88
0x000070d584243e60:   000070d4e812dad8 000070d4e812d050
0x000070d584243e70:   000070d4ec078988 000070d4ec078990
0x000070d584243e80:   000070d4e80ce008 0000000000000000
0x000070d584243e90:   00000000000000ad 0000000000000000
0x000070d584243ea0:   000070d5842440b0 000070d587ae2ca3
0x000070d584243eb0:   00000000000000a6 000070d584243ef0
0x000070d584243ec0:   000070d584243ee0 000070d584243f00
0x000070d584243ed0:   000070d4e8096760 00000000000000ae
0x000070d584243ee0:   000070d4ec02ec30 00000000000000ae
0x000070d584243ef0:   000070d4ec02ec50 00000000000000ae
0x000070d584243f00:   000070d4e812da60 000070d4e812da58
0x000070d584243f10:   000070d4e812da68 000070d4ec079380
0x000070d584243f20:   0000000800000002 000070d4ec02eb10
0x000070d584243f30:   0000000000000000 0000000800000001
0x000070d584243f40:   000070d4ec02eb30 0000000000000000 

Instructions: (pc=0x000070d587a8bd5c)
0x000070d587a8bc5c:   50 e8 0e 40 33 00 48 8d 65 d8 44 89 ee 4c 89 e7
0x000070d587a8bc6c:   5b ba 01 00 00 00 41 5c 41 5d 41 5e 41 5f 5d e9
0x000070d587a8bc7c:   d0 29 18 00 48 8b 03 4c 63 7b 08 48 8b 40 18 48
0x000070d587a8bc8c:   85 c0 74 40 41 83 ff ff 74 3a 48 8b 70 78 48 85
0x000070d587a8bc9c:   f6 74 51 4c 01 fe 0f b6 06 3d ca 00 00 00 74 34
0x000070d587a8bcac:   48 8d 15 2d cf e9 00 48 98 8b 3c 82 e8 23 2d 9b
0x000070d587a8bcbc:   00 49 8b 1e 0f b6 c0 89 45 ac e9 6b fa ff ff 0f
0x000070d587a8bccc:   1f 44 00 00 c7 45 ac 00 00 00 00 e9 5a fa ff ff
0x000070d587a8bcdc:   0f 1f 40 00 31 ff e8 29 c4 fc ff eb c3 0f 1f 80
0x000070d587a8bcec:   00 00 00 00 48 89 c7 48 89 45 b8 e8 f4 48 0c 00
0x000070d587a8bcfc:   48 8b 45 b8 48 8b 70 78 eb 99 66 2e 0f 1f 84 00
0x000070d587a8bd0c:   00 00 00 00 55 48 89 e5 53 48 89 fb 48 83 ec 08
0x000070d587a8bd1c:   48 8b 47 08 48 8b 00 48 8b 78 50 e8 e4 f5 fd ff
0x000070d587a8bd2c:   48 8b 7b 18 48 8b 5d f8 c9 48 89 c6 e9 93 59 79
0x000070d587a8bd3c:   00 90 66 90 55 48 89 e5 41 56 41 55 49 89 fd 41
0x000070d587a8bd4c:   54 53 48 8b 5f 20 48 8b 03 4c 8b 70 18 8b 43 30
0x000070d587a8bd5c:   41 8b 7e 4c 41 89 fb 41 29 c3 48 85 db 74 7d 48
0x000070d587a8bd6c:   89 d9 45 31 c9 45 31 c0 45 31 e4 eb 4a 0f 1f 80
0x000070d587a8bd7c:   00 00 00 00 48 83 ec 08 31 c0 48 39 d9 0f 94 c0
0x000070d587a8bd8c:   50 8b 0a 44 89 da e8 79 17 e0 ff 48 8b 5b 08 45
0x000070d587a8bd9c:   8b 46 6c 45 8d 24 c4 45 8b 4e 50 58 5a 48 85 db
0x000070d587a8bdac:   74 40 48 8b 13 49 8b 4d 20 45 31 db 8b 43 30 4c
0x000070d587a8bdbc:   8b 72 18 41 8b 7e 4c 48 8b 53 48 42 8d 34 00 48
0x000070d587a8bdcc:   85 d2 75 b0 48 83 ec 08 31 c0 48 39 d9 0f 94 c0
0x000070d587a8bddc:   31 c9 50 eb ae 0f 1f 80 00 00 00 00 45 31 c9 45
0x000070d587a8bdec:   31 e4 44 89 ce 31 ff e8 08 5d 87 00 48 8d 65 e0
0x000070d587a8bdfc:   5b 41 8d 04 c4 41 5c 41 5d 41 5e 5d c3 90 66 0f
0x000070d587a8be0c:   1f 44 00 00 55 48 89 fe 48 89 e5 41 54 53 4c 8d
0x000070d587a8be1c:   65 e8 48 89 fb 4c 89 e7 48 83 ec 10 e8 f3 c9 05
0x000070d587a8be2c:   00 48 8b 03 48 8b 78 20 e8 17 92 0b 00 83 f8 03
0x000070d587a8be3c:   74 22 4c 89 e7 e8 ba ce 05 00 4c 89 e7 e8 72 cf
0x000070d587a8be4c:   05 00 48 83 c4 10 5b 41 5c 5d c3 66 0f 1f 84 00 


Stack slot to memory mapping:
stack at sp + 0 slots: 0x000070d4e8096760 points into unknown readable memory: 0x000070d5842444c0 | c0 44 24 84 d5 70 00 00
stack at sp + 1 slots: 0x000070d584243e40 is pointing into the stack for thread: 0x000070d580160aa0
stack at sp + 2 slots: 0x000070d4e812db90 points into unknown readable memory: 0x0000000000000000 | 00 00 00 00 00 00 00 00
stack at sp + 3 slots: 0x0 is NULL
stack at sp + 4 slots: 0x000070d584243dd0 is pointing into the stack for thread: 0x000070d580160aa0
stack at sp + 5 slots: 0x000070d587ada799: <offset 0x00000000004da799> in /home/juste/.jdks/ms-17.0.16/lib/server/libjvm.so at 0x000070d587600000
stack at sp + 6 slots: 0x000070d4e812dc40 points into unknown readable memory: 0x000070d588839850 | 50 98 83 88 d5 70 00 00
stack at sp + 7 slots: 0x000070d4ec033cc0 points into unknown readable memory: 0x000070d58883ab50 | 50 ab 83 88 d5 70 00 00


---------------  P R O C E S S  ---------------

Threads class SMR info:
_java_thread_list=0x000070d5801768b0, length=11, elements={
0x000070d58002c8c0, 0x000070d580154a90, 0x000070d580155e70, 0x000070d58015b400,
0x000070d58015c7b0, 0x000070d58015dbc0, 0x000070d58015f570, 0x000070d580160aa0,
0x000070d580169f00, 0x000070d580171f60, 0x000070d580175920
}

Java Threads: ( => current thread )
  0x000070d58002c8c0 JavaThread "main" [_thread_in_Java, id=16664, stack(0x000070d587500000,0x000070d587600000)]
  0x000070d580154a90 JavaThread "Reference Handler" daemon [_thread_blocked, id=16673, stack(0x000070d584746000,0x000070d584846000)]
  0x000070d580155e70 JavaThread "Finalizer" daemon [_thread_blocked, id=16674, stack(0x000070d584646000,0x000070d584746000)]
  0x000070d58015b400 JavaThread "Signal Dispatcher" daemon [_thread_blocked, id=16675, stack(0x000070d584546000,0x000070d584646000)]
  0x000070d58015c7b0 JavaThread "Service Thread" daemon [_thread_blocked, id=16676, stack(0x000070d584446000,0x000070d584546000)]
  0x000070d58015dbc0 JavaThread "Monitor Deflation Thread" daemon [_thread_blocked, id=16677, stack(0x000070d584346000,0x000070d584446000)]
  0x000070d58015f570 JavaThread "C2 CompilerThread0" daemon [_thread_in_native, id=16678, stack(0x000070d584246000,0x000070d584346000)]
=>0x000070d580160aa0 JavaThread "C1 CompilerThread0" daemon [_thread_in_native, id=16679, stack(0x000070d584146000,0x000070d584246000)]
  0x000070d580169f00 JavaThread "Sweeper thread" daemon [_thread_blocked, id=16680, stack(0x000070d584046000,0x000070d584146000)]
  0x000070d580171f60 JavaThread "Notification Thread" daemon [_thread_blocked, id=16681, stack(0x000070d57ff00000,0x000070d580000000)]
  0x000070d580175920 JavaThread "Common-Cleaner" daemon [_thread_blocked, id=16683, stack(0x000070d5687ff000,0x000070d5688ff000)]

Other Threads:
  0x000070d580150b00 VMThread "VM Thread" [stack: 0x000070d584847000,0x000070d584947000] [id=16672]
  0x000070d5801738a0 WatcherThread [stack: 0x000070d568900000,0x000070d568a00000] [id=16682]
  0x000070d58005bed0 GCTaskThread "GC Thread#0" [stack: 0x000070d585700000,0x000070d585800000] [id=16665]
  0x000070d5800614e0 ConcurrentGCThread "G1 Main Marker" [stack: 0x000070d5855ff000,0x000070d5856ff000] [id=16666]
  0x000070d580062450 ConcurrentGCThread "G1 Conc#0" [stack: 0x000070d5854fe000,0x000070d5855fe000] [id=16667]
  0x000070d580129d90 ConcurrentGCThread "G1 Refine#0" [stack: 0x000070d584bf5000,0x000070d584cf5000] [id=16668]
  0x000070d58012ac90 ConcurrentGCThread "G1 Service" [stack: 0x000070d584af4000,0x000070d584bf4000] [id=16669]

Threads with active compile tasks:
C2 CompilerThread0      741  528       4       java.lang.AbstractStringBuilder::append (45 bytes)
C1 CompilerThread0      741  515   !   3       java.net.URL::<init> (543 bytes)

VM state: not at safepoint (normal execution)

VM Mutex/Monitor currently owned by a thread: None

Heap address: 0x00000000e0000000, size: 512 MB, Compressed Oops mode: 32-bit

CDS archive(s) mapped at: [0x000070d50b000000-0x000070d50bbc7000-0x000070d50bbc7000), size 12349440, SharedBaseAddress: 0x000070d50b000000, ArchiveRelocationMode: 1.
Compressed class space mapped at: 0x000070d50c000000-0x000070d54c000000, reserved size: 1073741824
Narrow klass base: 0x000070d50b000000, Narrow klass shift: 0, Narrow klass range: 0x100000000

GC Precious Log:
 CPUs: 8 total, 8 available
 Memory: 15692M
 Large Page Support: Disabled
 NUMA Support: Disabled
 Compressed Oops: Enabled (32-bit)
 Heap Region Size: 1M
 Heap Min Capacity: 8M
 Heap Initial Capacity: 246M
 Heap Max Capacity: 512M
 Pre-touch: Disabled
 Parallel Workers: 8
 Concurrent Workers: 2
 Concurrent Refinement Workers: 8
 Periodic GC: Disabled

Heap:
 garbage-first heap   total 253952K, used 11188K [0x00000000e0000000, 0x0000000100000000)
  region size 1024K, 10 young (10240K), 0 survivors (0K)
 Metaspace       used 3114K, committed 3264K, reserved 1114112K
  class space    used 365K, committed 448K, reserved 1048576K

Heap Regions: E=young(eden), S=young(survivor), O=old, HS=humongous(starts), HC=humongous(continues), CS=collection set, F=free, OA=open archive, CA=closed archive, TAMS=top-at-mark-start (previous, next)
|   0|0x00000000e0000000, 0x00000000e0100000, 0x00000000e0100000|100%|HS|  |TAMS 0x00000000e0000000, 0x00000000e0000000| Complete 
|   1|0x00000000e0100000, 0x00000000e0100000, 0x00000000e0200000|  0%| F|  |TAMS 0x00000000e0100000, 0x00000000e0100000| Untracked 
|   2|0x00000000e0200000, 0x00000000e0200000, 0x00000000e0300000|  0%| F|  |TAMS 0x00000000e0200000, 0x00000000e0200000| Untracked 
|   3|0x00000000e0300000, 0x00000000e0300000, 0x00000000e0400000|  0%| F|  |TAMS 0x00000000e0300000, 0x00000000e0300000| Untracked 
|   4|0x00000000e0400000, 0x00000000e0400000, 0x00000000e0500000|  0%| F|  |TAMS 0x00000000e0400000, 0x00000000e0400000| Untracked 
|   5|0x00000000e0500000, 0x00000000e0500000, 0x00000000e0600000|  0%| F|  |TAMS 0x00000000e0500000, 0x00000000e0500000| Untracked 
|   6|0x00000000e0600000, 0x00000000e0600000, 0x00000000e0700000|  0%| F|  |TAMS 0x00000000e0600000, 0x00000000e0600000| Untracked 
|   7|0x00000000e0700000, 0x00000000e0700000, 0x00000000e0800000|  0%| F|  |TAMS 0x00000000e0700000, 0x00000000e0700000| Untracked 
|   8|0x00000000e0800000, 0x00000000e0800000, 0x00000000e0900000|  0%| F|  |TAMS 0x00000000e0800000, 0x00000000e0800000| Untracked 
|   9|0x00000000e0900000, 0x00000000e0900000, 0x00000000e0a00000|  0%| F|  |TAMS 0x00000000e0900000, 0x00000000e0900000| Untracked 
|  10|0x00000000e0a00000, 0x00000000e0a00000, 0x00000000e0b00000|  0%| F|  |TAMS 0x00000000e0a00000, 0x00000000e0a00000| Untracked 
|  11|0x00000000e0b00000, 0x00000000e0b00000, 0x00000000e0c00000|  0%| F|  |TAMS 0x00000000e0b00000, 0x00000000e0b00000| Untracked 
|  12|0x00000000e0c00000, 0x00000000e0c00000, 0x00000000e0d00000|  0%| F|  |TAMS 0x00000000e0c00000, 0x00000000e0c00000| Untracked 
|  13|0x00000000e0d00000, 0x00000000e0d00000, 0x00000000e0e00000|  0%| F|  |TAMS 0x00000000e0d00000, 0x00000000e0d00000| Untracked 
|  14|0x00000000e0e00000, 0x00000000e0e00000, 0x00000000e0f00000|  0%| F|  |TAMS 0x00000000e0e00000, 0x00000000e0e00000| Untracked 
|  15|0x00000000e0f00000, 0x00000000e0f00000, 0x00000000e1000000|  0%| F|  |TAMS 0x00000000e0f00000, 0x00000000e0f00000| Untracked 
|  16|0x00000000e1000000, 0x00000000e1000000, 0x00000000e1100000|  0%| F|  |TAMS 0x00000000e1000000, 0x00000000e1000000| Untracked 
|  17|0x00000000e1100000, 0x00000000e1100000, 0x00000000e1200000|  0%| F|  |TAMS 0x00000000e1100000, 0x00000000e1100000| Untracked 
|  18|0x00000000e1200000, 0x00000000e1200000, 0x00000000e1300000|  0%| F|  |TAMS 0x00000000e1200000, 0x00000000e1200000| Untracked 
|  19|0x00000000e1300000, 0x00000000e1300000, 0x00000000e1400000|  0%| F|  |TAMS 0x00000000e1300000, 0x00000000e1300000| Untracked 
|  20|0x00000000e1400000, 0x00000000e1400000, 0x00000000e1500000|  0%| F|  |TAMS 0x00000000e1400000, 0x00000000e1400000| Untracked 
|  21|0x00000000e1500000, 0x00000000e1500000, 0x00000000e1600000|  0%| F|  |TAMS 0x00000000e1500000, 0x00000000e1500000| Untracked 
|  22|0x00000000e1600000, 0x00000000e1600000, 0x00000000e1700000|  0%| F|  |TAMS 0x00000000e1600000, 0x00000000e1600000| Untracked 
|  23|0x00000000e1700000, 0x00000000e1700000, 0x00000000e1800000|  0%| F|  |TAMS 0x00000000e1700000, 0x00000000e1700000| Untracked 
|  24|0x00000000e1800000, 0x00000000e1800000, 0x00000000e1900000|  0%| F|  |TAMS 0x00000000e1800000, 0x00000000e1800000| Untracked 
|  25|0x00000000e1900000, 0x00000000e1900000, 0x00000000e1a00000|  0%| F|  |TAMS 0x00000000e1900000, 0x00000000e1900000| Untracked 
|  26|0x00000000e1a00000, 0x00000000e1a00000, 0x00000000e1b00000|  0%| F|  |TAMS 0x00000000e1a00000, 0x00000000e1a00000| Untracked 
|  27|0x00000000e1b00000, 0x00000000e1b00000, 0x00000000e1c00000|  0%| F|  |TAMS 0x00000000e1b00000, 0x00000000e1b00000| Untracked 
|  28|0x00000000e1c00000, 0x00000000e1c00000, 0x00000000e1d00000|  0%| F|  |TAMS 0x00000000e1c00000, 0x00000000e1c00000| Untracked 
|  29|0x00000000e1d00000, 0x00000000e1d00000, 0x00000000e1e00000|  0%| F|  |TAMS 0x00000000e1d00000, 0x00000000e1d00000| Untracked 
|  30|0x00000000e1e00000, 0x00000000e1e00000, 0x00000000e1f00000|  0%| F|  |TAMS 0x00000000e1e00000, 0x00000000e1e00000| Untracked 
|  31|0x00000000e1f00000, 0x00000000e1f00000, 0x00000000e2000000|  0%| F|  |TAMS 0x00000000e1f00000, 0x00000000e1f00000| Untracked 
|  32|0x00000000e2000000, 0x00000000e2000000, 0x00000000e2100000|  0%| F|  |TAMS 0x00000000e2000000, 0x00000000e2000000| Untracked 
|  33|0x00000000e2100000, 0x00000000e2100000, 0x00000000e2200000|  0%| F|  |TAMS 0x00000000e2100000, 0x00000000e2100000| Untracked 
|  34|0x00000000e2200000, 0x00000000e2200000, 0x00000000e2300000|  0%| F|  |TAMS 0x00000000e2200000, 0x00000000e2200000| Untracked 
|  35|0x00000000e2300000, 0x00000000e2300000, 0x00000000e2400000|  0%| F|  |TAMS 0x00000000e2300000, 0x00000000e2300000| Untracked 
|  36|0x00000000e2400000, 0x00000000e2400000, 0x00000000e2500000|  0%| F|  |TAMS 0x00000000e2400000, 0x00000000e2400000| Untracked 
|  37|0x00000000e2500000, 0x00000000e2500000, 0x00000000e2600000|  0%| F|  |TAMS 0x00000000e2500000, 0x00000000e2500000| Untracked 
|  38|0x00000000e2600000, 0x00000000e2600000, 0x00000000e2700000|  0%| F|  |TAMS 0x00000000e2600000, 0x00000000e2600000| Untracked 
|  39|0x00000000e2700000, 0x00000000e2700000, 0x00000000e2800000|  0%| F|  |TAMS 0x00000000e2700000, 0x00000000e2700000| Untracked 
|  40|0x00000000e2800000, 0x00000000e2800000, 0x00000000e2900000|  0%| F|  |TAMS 0x00000000e2800000, 0x00000000e2800000| Untracked 
|  41|0x00000000e2900000, 0x00000000e2900000, 0x00000000e2a00000|  0%| F|  |TAMS 0x00000000e2900000, 0x00000000e2900000| Untracked 
|  42|0x00000000e2a00000, 0x00000000e2a00000, 0x00000000e2b00000|  0%| F|  |TAMS 0x00000000e2a00000, 0x00000000e2a00000| Untracked 
|  43|0x00000000e2b00000, 0x00000000e2b00000, 0x00000000e2c00000|  0%| F|  |TAMS 0x00000000e2b00000, 0x00000000e2b00000| Untracked 
|  44|0x00000000e2c00000, 0x00000000e2c00000, 0x00000000e2d00000|  0%| F|  |TAMS 0x00000000e2c00000, 0x00000000e2c00000| Untracked 
|  45|0x00000000e2d00000, 0x00000000e2d00000, 0x00000000e2e00000|  0%| F|  |TAMS 0x00000000e2d00000, 0x00000000e2d00000| Untracked 
|  46|0x00000000e2e00000, 0x00000000e2e00000, 0x00000000e2f00000|  0%| F|  |TAMS 0x00000000e2e00000, 0x00000000e2e00000| Untracked 
|  47|0x00000000e2f00000, 0x00000000e2f00000, 0x00000000e3000000|  0%| F|  |TAMS 0x00000000e2f00000, 0x00000000e2f00000| Untracked 
|  48|0x00000000e3000000, 0x00000000e3000000, 0x00000000e3100000|  0%| F|  |TAMS 0x00000000e3000000, 0x00000000e3000000| Untracked 
|  49|0x00000000e3100000, 0x00000000e3100000, 0x00000000e3200000|  0%| F|  |TAMS 0x00000000e3100000, 0x00000000e3100000| Untracked 
|  50|0x00000000e3200000, 0x00000000e3200000, 0x00000000e3300000|  0%| F|  |TAMS 0x00000000e3200000, 0x00000000e3200000| Untracked 
|  51|0x00000000e3300000, 0x00000000e3300000, 0x00000000e3400000|  0%| F|  |TAMS 0x00000000e3300000, 0x00000000e3300000| Untracked 
|  52|0x00000000e3400000, 0x00000000e3400000, 0x00000000e3500000|  0%| F|  |TAMS 0x00000000e3400000, 0x00000000e3400000| Untracked 
|  53|0x00000000e3500000, 0x00000000e3500000, 0x00000000e3600000|  0%| F|  |TAMS 0x00000000e3500000, 0x00000000e3500000| Untracked 
|  54|0x00000000e3600000, 0x00000000e3600000, 0x00000000e3700000|  0%| F|  |TAMS 0x00000000e3600000, 0x00000000e3600000| Untracked 
|  55|0x00000000e3700000, 0x00000000e3700000, 0x00000000e3800000|  0%| F|  |TAMS 0x00000000e3700000, 0x00000000e3700000| Untracked 
|  56|0x00000000e3800000, 0x00000000e3800000, 0x00000000e3900000|  0%| F|  |TAMS 0x00000000e3800000, 0x00000000e3800000| Untracked 
|  57|0x00000000e3900000, 0x00000000e3900000, 0x00000000e3a00000|  0%| F|  |TAMS 0x00000000e3900000, 0x00000000e3900000| Untracked 
|  58|0x00000000e3a00000, 0x00000000e3a00000, 0x00000000e3b00000|  0%| F|  |TAMS 0x00000000e3a00000, 0x00000000e3a00000| Untracked 
|  59|0x00000000e3b00000, 0x00000000e3b00000, 0x00000000e3c00000|  0%| F|  |TAMS 0x00000000e3b00000, 0x00000000e3b00000| Untracked 
|  60|0x00000000e3c00000, 0x00000000e3c00000, 0x00000000e3d00000|  0%| F|  |TAMS 0x00000000e3c00000, 0x00000000e3c00000| Untracked 
|  61|0x00000000e3d00000, 0x00000000e3d00000, 0x00000000e3e00000|  0%| F|  |TAMS 0x00000000e3d00000, 0x00000000e3d00000| Untracked 
|  62|0x00000000e3e00000, 0x00000000e3e00000, 0x00000000e3f00000|  0%| F|  |TAMS 0x00000000e3e00000, 0x00000000e3e00000| Untracked 
|  63|0x00000000e3f00000, 0x00000000e3f00000, 0x00000000e4000000|  0%| F|  |TAMS 0x00000000e3f00000, 0x00000000e3f00000| Untracked 
|  64|0x00000000e4000000, 0x00000000e4000000, 0x00000000e4100000|  0%| F|  |TAMS 0x00000000e4000000, 0x00000000e4000000| Untracked 
|  65|0x00000000e4100000, 0x00000000e4100000, 0x00000000e4200000|  0%| F|  |TAMS 0x00000000e4100000, 0x00000000e4100000| Untracked 
|  66|0x00000000e4200000, 0x00000000e4200000, 0x00000000e4300000|  0%| F|  |TAMS 0x00000000e4200000, 0x00000000e4200000| Untracked 
|  67|0x00000000e4300000, 0x00000000e4300000, 0x00000000e4400000|  0%| F|  |TAMS 0x00000000e4300000, 0x00000000e4300000| Untracked 
|  68|0x00000000e4400000, 0x00000000e4400000, 0x00000000e4500000|  0%| F|  |TAMS 0x00000000e4400000, 0x00000000e4400000| Untracked 
|  69|0x00000000e4500000, 0x00000000e4500000, 0x00000000e4600000|  0%| F|  |TAMS 0x00000000e4500000, 0x00000000e4500000| Untracked 
|  70|0x00000000e4600000, 0x00000000e4600000, 0x00000000e4700000|  0%| F|  |TAMS 0x00000000e4600000, 0x00000000e4600000| Untracked 
|  71|0x00000000e4700000, 0x00000000e4700000, 0x00000000e4800000|  0%| F|  |TAMS 0x00000000e4700000, 0x00000000e4700000| Untracked 
|  72|0x00000000e4800000, 0x00000000e4800000, 0x00000000e4900000|  0%| F|  |TAMS 0x00000000e4800000, 0x00000000e4800000| Untracked 
|  73|0x00000000e4900000, 0x00000000e4900000, 0x00000000e4a00000|  0%| F|  |TAMS 0x00000000e4900000, 0x00000000e4900000| Untracked 
|  74|0x00000000e4a00000, 0x00000000e4a00000, 0x00000000e4b00000|  0%| F|  |TAMS 0x00000000e4a00000, 0x00000000e4a00000| Untracked 
|  75|0x00000000e4b00000, 0x00000000e4b00000, 0x00000000e4c00000|  0%| F|  |TAMS 0x00000000e4b00000, 0x00000000e4b00000| Untracked 
|  76|0x00000000e4c00000, 0x00000000e4c00000, 0x00000000e4d00000|  0%| F|  |TAMS 0x00000000e4c00000, 0x00000000e4c00000| Untracked 
|  77|0x00000000e4d00000, 0x00000000e4d00000, 0x00000000e4e00000|  0%| F|  |TAMS 0x00000000e4d00000, 0x00000000e4d00000| Untracked 
|  78|0x00000000e4e00000, 0x00000000e4e00000, 0x00000000e4f00000|  0%| F|  |TAMS 0x00000000e4e00000, 0x00000000e4e00000| Untracked 
|  79|0x00000000e4f00000, 0x00000000e4f00000, 0x00000000e5000000|  0%| F|  |TAMS 0x00000000e4f00000, 0x00000000e4f00000| Untracked 
|  80|0x00000000e5000000, 0x00000000e5000000, 0x00000000e5100000|  0%| F|  |TAMS 0x00000000e5000000, 0x00000000e5000000| Untracked 
|  81|0x00000000e5100000, 0x00000000e5100000, 0x00000000e5200000|  0%| F|  |TAMS 0x00000000e5100000, 0x00000000e5100000| Untracked 
|  82|0x00000000e5200000, 0x00000000e5200000, 0x00000000e5300000|  0%| F|  |TAMS 0x00000000e5200000, 0x00000000e5200000| Untracked 
|  83|0x00000000e5300000, 0x00000000e5300000, 0x00000000e5400000|  0%| F|  |TAMS 0x00000000e5300000, 0x00000000e5300000| Untracked 
|  84|0x00000000e5400000, 0x00000000e5400000, 0x00000000e5500000|  0%| F|  |TAMS 0x00000000e5400000, 0x00000000e5400000| Untracked 
|  85|0x00000000e5500000, 0x00000000e5500000, 0x00000000e5600000|  0%| F|  |TAMS 0x00000000e5500000, 0x00000000e5500000| Untracked 
|  86|0x00000000e5600000, 0x00000000e5600000, 0x00000000e5700000|  0%| F|  |TAMS 0x00000000e5600000, 0x00000000e5600000| Untracked 
|  87|0x00000000e5700000, 0x00000000e5700000, 0x00000000e5800000|  0%| F|  |TAMS 0x00000000e5700000, 0x00000000e5700000| Untracked 
|  88|0x00000000e5800000, 0x00000000e5800000, 0x00000000e5900000|  0%| F|  |TAMS 0x00000000e5800000, 0x00000000e5800000| Untracked 
|  89|0x00000000e5900000, 0x00000000e5900000, 0x00000000e5a00000|  0%| F|  |TAMS 0x00000000e5900000, 0x00000000e5900000| Untracked 
|  90|0x00000000e5a00000, 0x00000000e5a00000, 0x00000000e5b00000|  0%| F|  |TAMS 0x00000000e5a00000, 0x00000000e5a00000| Untracked 
|  91|0x00000000e5b00000, 0x00000000e5b00000, 0x00000000e5c00000|  0%| F|  |TAMS 0x00000000e5b00000, 0x00000000e5b00000| Untracked 
|  92|0x00000000e5c00000, 0x00000000e5c00000, 0x00000000e5d00000|  0%| F|  |TAMS 0x00000000e5c00000, 0x00000000e5c00000| Untracked 
|  93|0x00000000e5d00000, 0x00000000e5d00000, 0x00000000e5e00000|  0%| F|  |TAMS 0x00000000e5d00000, 0x00000000e5d00000| Untracked 
|  94|0x00000000e5e00000, 0x00000000e5e00000, 0x00000000e5f00000|  0%| F|  |TAMS 0x00000000e5e00000, 0x00000000e5e00000| Untracked 
|  95|0x00000000e5f00000, 0x00000000e5f00000, 0x00000000e6000000|  0%| F|  |TAMS 0x00000000e5f00000, 0x00000000e5f00000| Untracked 
|  96|0x00000000e6000000, 0x00000000e6000000, 0x00000000e6100000|  0%| F|  |TAMS 0x00000000e6000000, 0x00000000e6000000| Untracked 
|  97|0x00000000e6100000, 0x00000000e6100000, 0x00000000e6200000|  0%| F|  |TAMS 0x00000000e6100000, 0x00000000e6100000| Untracked 
|  98|0x00000000e6200000, 0x00000000e6200000, 0x00000000e6300000|  0%| F|  |TAMS 0x00000000e6200000, 0x00000000e6200000| Untracked 
|  99|0x00000000e6300000, 0x00000000e6300000, 0x00000000e6400000|  0%| F|  |TAMS 0x00000000e6300000, 0x00000000e6300000| Untracked 
| 100|0x00000000e6400000, 0x00000000e6400000, 0x00000000e6500000|  0%| F|  |TAMS 0x00000000e6400000, 0x00000000e6400000| Untracked 
| 101|0x00000000e6500000, 0x00000000e6500000, 0x00000000e6600000|  0%| F|  |TAMS 0x00000000e6500000, 0x00000000e6500000| Untracked 
| 102|0x00000000e6600000, 0x00000000e6600000, 0x00000000e6700000|  0%| F|  |TAMS 0x00000000e6600000, 0x00000000e6600000| Untracked 
| 103|0x00000000e6700000, 0x00000000e6700000, 0x00000000e6800000|  0%| F|  |TAMS 0x00000000e6700000, 0x00000000e6700000| Untracked 
| 104|0x00000000e6800000, 0x00000000e6800000, 0x00000000e6900000|  0%| F|  |TAMS 0x00000000e6800000, 0x00000000e6800000| Untracked 
| 105|0x00000000e6900000, 0x00000000e6900000, 0x00000000e6a00000|  0%| F|  |TAMS 0x00000000e6900000, 0x00000000e6900000| Untracked 
| 106|0x00000000e6a00000, 0x00000000e6a00000, 0x00000000e6b00000|  0%| F|  |TAMS 0x00000000e6a00000, 0x00000000e6a00000| Untracked 
| 107|0x00000000e6b00000, 0x00000000e6b00000, 0x00000000e6c00000|  0%| F|  |TAMS 0x00000000e6b00000, 0x00000000e6b00000| Untracked 
| 108|0x00000000e6c00000, 0x00000000e6c00000, 0x00000000e6d00000|  0%| F|  |TAMS 0x00000000e6c00000, 0x00000000e6c00000| Untracked 
| 109|0x00000000e6d00000, 0x00000000e6d00000, 0x00000000e6e00000|  0%| F|  |TAMS 0x00000000e6d00000, 0x00000000e6d00000| Untracked 
| 110|0x00000000e6e00000, 0x00000000e6e00000, 0x00000000e6f00000|  0%| F|  |TAMS 0x00000000e6e00000, 0x00000000e6e00000| Untracked 
| 111|0x00000000e6f00000, 0x00000000e6f00000, 0x00000000e7000000|  0%| F|  |TAMS 0x00000000e6f00000, 0x00000000e6f00000| Untracked 
| 112|0x00000000e7000000, 0x00000000e7000000, 0x00000000e7100000|  0%| F|  |TAMS 0x00000000e7000000, 0x00000000e7000000| Untracked 
| 113|0x00000000e7100000, 0x00000000e7100000, 0x00000000e7200000|  0%| F|  |TAMS 0x00000000e7100000, 0x00000000e7100000| Untracked 
| 114|0x00000000e7200000, 0x00000000e7200000, 0x00000000e7300000|  0%| F|  |TAMS 0x00000000e7200000, 0x00000000e7200000| Untracked 
| 115|0x00000000e7300000, 0x00000000e7300000, 0x00000000e7400000|  0%| F|  |TAMS 0x00000000e7300000, 0x00000000e7300000| Untracked 
| 116|0x00000000e7400000, 0x00000000e7400000, 0x00000000e7500000|  0%| F|  |TAMS 0x00000000e7400000, 0x00000000e7400000| Untracked 
| 117|0x00000000e7500000, 0x00000000e7500000, 0x00000000e7600000|  0%| F|  |TAMS 0x00000000e7500000, 0x00000000e7500000| Untracked 
| 118|0x00000000e7600000, 0x00000000e7600000, 0x00000000e7700000|  0%| F|  |TAMS 0x00000000e7600000, 0x00000000e7600000| Untracked 
| 119|0x00000000e7700000, 0x00000000e7700000, 0x00000000e7800000|  0%| F|  |TAMS 0x00000000e7700000, 0x00000000e7700000| Untracked 
| 120|0x00000000e7800000, 0x00000000e7800000, 0x00000000e7900000|  0%| F|  |TAMS 0x00000000e7800000, 0x00000000e7800000| Untracked 
| 121|0x00000000e7900000, 0x00000000e7900000, 0x00000000e7a00000|  0%| F|  |TAMS 0x00000000e7900000, 0x00000000e7900000| Untracked 
| 122|0x00000000e7a00000, 0x00000000e7a00000, 0x00000000e7b00000|  0%| F|  |TAMS 0x00000000e7a00000, 0x00000000e7a00000| Untracked 
| 123|0x00000000e7b00000, 0x00000000e7b00000, 0x00000000e7c00000|  0%| F|  |TAMS 0x00000000e7b00000, 0x00000000e7b00000| Untracked 
| 124|0x00000000e7c00000, 0x00000000e7c00000, 0x00000000e7d00000|  0%| F|  |TAMS 0x00000000e7c00000, 0x00000000e7c00000| Untracked 
| 125|0x00000000e7d00000, 0x00000000e7d00000, 0x00000000e7e00000|  0%| F|  |TAMS 0x00000000e7d00000, 0x00000000e7d00000| Untracked 
| 126|0x00000000e7e00000, 0x00000000e7e00000, 0x00000000e7f00000|  0%| F|  |TAMS 0x00000000e7e00000, 0x00000000e7e00000| Untracked 
| 127|0x00000000e7f00000, 0x00000000e7f00000, 0x00000000e8000000|  0%| F|  |TAMS 0x00000000e7f00000, 0x00000000e7f00000| Untracked 
| 128|0x00000000e8000000, 0x00000000e8000000, 0x00000000e8100000|  0%| F|  |TAMS 0x00000000e8000000, 0x00000000e8000000| Untracked 
| 129|0x00000000e8100000, 0x00000000e8100000, 0x00000000e8200000|  0%| F|  |TAMS 0x00000000e8100000, 0x00000000e8100000| Untracked 
| 130|0x00000000e8200000, 0x00000000e8200000, 0x00000000e8300000|  0%| F|  |TAMS 0x00000000e8200000, 0x00000000e8200000| Untracked 
| 131|0x00000000e8300000, 0x00000000e8300000, 0x00000000e8400000|  0%| F|  |TAMS 0x00000000e8300000, 0x00000000e8300000| Untracked 
| 132|0x00000000e8400000, 0x00000000e8400000, 0x00000000e8500000|  0%| F|  |TAMS 0x00000000e8400000, 0x00000000e8400000| Untracked 
| 133|0x00000000e8500000, 0x00000000e8500000, 0x00000000e8600000|  0%| F|  |TAMS 0x00000000e8500000, 0x00000000e8500000| Untracked 
| 134|0x00000000e8600000, 0x00000000e8600000, 0x00000000e8700000|  0%| F|  |TAMS 0x00000000e8600000, 0x00000000e8600000| Untracked 
| 135|0x00000000e8700000, 0x00000000e8700000, 0x00000000e8800000|  0%| F|  |TAMS 0x00000000e8700000, 0x00000000e8700000| Untracked 
| 136|0x00000000e8800000, 0x00000000e8800000, 0x00000000e8900000|  0%| F|  |TAMS 0x00000000e8800000, 0x00000000e8800000| Untracked 
| 137|0x00000000e8900000, 0x00000000e8900000, 0x00000000e8a00000|  0%| F|  |TAMS 0x00000000e8900000, 0x00000000e8900000| Untracked 
| 138|0x00000000e8a00000, 0x00000000e8a00000, 0x00000000e8b00000|  0%| F|  |TAMS 0x00000000e8a00000, 0x00000000e8a00000| Untracked 
| 139|0x00000000e8b00000, 0x00000000e8b00000, 0x00000000e8c00000|  0%| F|  |TAMS 0x00000000e8b00000, 0x00000000e8b00000| Untracked 
| 140|0x00000000e8c00000, 0x00000000e8c00000, 0x00000000e8d00000|  0%| F|  |TAMS 0x00000000e8c00000, 0x00000000e8c00000| Untracked 
| 141|0x00000000e8d00000, 0x00000000e8d00000, 0x00000000e8e00000|  0%| F|  |TAMS 0x00000000e8d00000, 0x00000000e8d00000| Untracked 
| 142|0x00000000e8e00000, 0x00000000e8e00000, 0x00000000e8f00000|  0%| F|  |TAMS 0x00000000e8e00000, 0x00000000e8e00000| Untracked 
| 143|0x00000000e8f00000, 0x00000000e8f00000, 0x00000000e9000000|  0%| F|  |TAMS 0x00000000e8f00000, 0x00000000e8f00000| Untracked 
| 144|0x00000000e9000000, 0x00000000e9000000, 0x00000000e9100000|  0%| F|  |TAMS 0x00000000e9000000, 0x00000000e9000000| Untracked 
| 145|0x00000000e9100000, 0x00000000e9100000, 0x00000000e9200000|  0%| F|  |TAMS 0x00000000e9100000, 0x00000000e9100000| Untracked 
| 146|0x00000000e9200000, 0x00000000e9200000, 0x00000000e9300000|  0%| F|  |TAMS 0x00000000e9200000, 0x00000000e9200000| Untracked 
| 147|0x00000000e9300000, 0x00000000e9300000, 0x00000000e9400000|  0%| F|  |TAMS 0x00000000e9300000, 0x00000000e9300000| Untracked 
| 148|0x00000000e9400000, 0x00000000e9400000, 0x00000000e9500000|  0%| F|  |TAMS 0x00000000e9400000, 0x00000000e9400000| Untracked 
| 149|0x00000000e9500000, 0x00000000e9500000, 0x00000000e9600000|  0%| F|  |TAMS 0x00000000e9500000, 0x00000000e9500000| Untracked 
| 150|0x00000000e9600000, 0x00000000e9600000, 0x00000000e9700000|  0%| F|  |TAMS 0x00000000e9600000, 0x00000000e9600000| Untracked 
| 151|0x00000000e9700000, 0x00000000e9700000, 0x00000000e9800000|  0%| F|  |TAMS 0x00000000e9700000, 0x00000000e9700000| Untracked 
| 152|0x00000000e9800000, 0x00000000e9800000, 0x00000000e9900000|  0%| F|  |TAMS 0x00000000e9800000, 0x00000000e9800000| Untracked 
| 153|0x00000000e9900000, 0x00000000e9900000, 0x00000000e9a00000|  0%| F|  |TAMS 0x00000000e9900000, 0x00000000e9900000| Untracked 
| 154|0x00000000e9a00000, 0x00000000e9a00000, 0x00000000e9b00000|  0%| F|  |TAMS 0x00000000e9a00000, 0x00000000e9a00000| Untracked 
| 155|0x00000000e9b00000, 0x00000000e9b00000, 0x00000000e9c00000|  0%| F|  |TAMS 0x00000000e9b00000, 0x00000000e9b00000| Untracked 
| 156|0x00000000e9c00000, 0x00000000e9c00000, 0x00000000e9d00000|  0%| F|  |TAMS 0x00000000e9c00000, 0x00000000e9c00000| Untracked 
| 157|0x00000000e9d00000, 0x00000000e9d00000, 0x00000000e9e00000|  0%| F|  |TAMS 0x00000000e9d00000, 0x00000000e9d00000| Untracked 
| 158|0x00000000e9e00000, 0x00000000e9e00000, 0x00000000e9f00000|  0%| F|  |TAMS 0x00000000e9e00000, 0x00000000e9e00000| Untracked 
| 159|0x00000000e9f00000, 0x00000000e9f00000, 0x00000000ea000000|  0%| F|  |TAMS 0x00000000e9f00000, 0x00000000e9f00000| Untracked 
| 160|0x00000000ea000000, 0x00000000ea000000, 0x00000000ea100000|  0%| F|  |TAMS 0x00000000ea000000, 0x00000000ea000000| Untracked 
| 161|0x00000000ea100000, 0x00000000ea100000, 0x00000000ea200000|  0%| F|  |TAMS 0x00000000ea100000, 0x00000000ea100000| Untracked 
| 162|0x00000000ea200000, 0x00000000ea200000, 0x00000000ea300000|  0%| F|  |TAMS 0x00000000ea200000, 0x00000000ea200000| Untracked 
| 163|0x00000000ea300000, 0x00000000ea300000, 0x00000000ea400000|  0%| F|  |TAMS 0x00000000ea300000, 0x00000000ea300000| Untracked 
| 164|0x00000000ea400000, 0x00000000ea400000, 0x00000000ea500000|  0%| F|  |TAMS 0x00000000ea400000, 0x00000000ea400000| Untracked 
| 165|0x00000000ea500000, 0x00000000ea500000, 0x00000000ea600000|  0%| F|  |TAMS 0x00000000ea500000, 0x00000000ea500000| Untracked 
| 166|0x00000000ea600000, 0x00000000ea600000, 0x00000000ea700000|  0%| F|  |TAMS 0x00000000ea600000, 0x00000000ea600000| Untracked 
| 167|0x00000000ea700000, 0x00000000ea700000, 0x00000000ea800000|  0%| F|  |TAMS 0x00000000ea700000, 0x00000000ea700000| Untracked 
| 168|0x00000000ea800000, 0x00000000ea800000, 0x00000000ea900000|  0%| F|  |TAMS 0x00000000ea800000, 0x00000000ea800000| Untracked 
| 169|0x00000000ea900000, 0x00000000ea900000, 0x00000000eaa00000|  0%| F|  |TAMS 0x00000000ea900000, 0x00000000ea900000| Untracked 
| 170|0x00000000eaa00000, 0x00000000eaa00000, 0x00000000eab00000|  0%| F|  |TAMS 0x00000000eaa00000, 0x00000000eaa00000| Untracked 
| 171|0x00000000eab00000, 0x00000000eab00000, 0x00000000eac00000|  0%| F|  |TAMS 0x00000000eab00000, 0x00000000eab00000| Untracked 
| 172|0x00000000eac00000, 0x00000000eac00000, 0x00000000ead00000|  0%| F|  |TAMS 0x00000000eac00000, 0x00000000eac00000| Untracked 
| 173|0x00000000ead00000, 0x00000000ead00000, 0x00000000eae00000|  0%| F|  |TAMS 0x00000000ead00000, 0x00000000ead00000| Untracked 
| 174|0x00000000eae00000, 0x00000000eae00000, 0x00000000eaf00000|  0%| F|  |TAMS 0x00000000eae00000, 0x00000000eae00000| Untracked 
| 175|0x00000000eaf00000, 0x00000000eaf00000, 0x00000000eb000000|  0%| F|  |TAMS 0x00000000eaf00000, 0x00000000eaf00000| Untracked 
| 176|0x00000000eb000000, 0x00000000eb000000, 0x00000000eb100000|  0%| F|  |TAMS 0x00000000eb000000, 0x00000000eb000000| Untracked 
| 177|0x00000000eb100000, 0x00000000eb100000, 0x00000000eb200000|  0%| F|  |TAMS 0x00000000eb100000, 0x00000000eb100000| Untracked 
| 178|0x00000000eb200000, 0x00000000eb200000, 0x00000000eb300000|  0%| F|  |TAMS 0x00000000eb200000, 0x00000000eb200000| Untracked 
| 179|0x00000000eb300000, 0x00000000eb300000, 0x00000000eb400000|  0%| F|  |TAMS 0x00000000eb300000, 0x00000000eb300000| Untracked 
| 180|0x00000000eb400000, 0x00000000eb400000, 0x00000000eb500000|  0%| F|  |TAMS 0x00000000eb400000, 0x00000000eb400000| Untracked 
| 181|0x00000000eb500000, 0x00000000eb500000, 0x00000000eb600000|  0%| F|  |TAMS 0x00000000eb500000, 0x00000000eb500000| Untracked 
| 182|0x00000000eb600000, 0x00000000eb600000, 0x00000000eb700000|  0%| F|  |TAMS 0x00000000eb600000, 0x00000000eb600000| Untracked 
| 183|0x00000000eb700000, 0x00000000eb700000, 0x00000000eb800000|  0%| F|  |TAMS 0x00000000eb700000, 0x00000000eb700000| Untracked 
| 184|0x00000000eb800000, 0x00000000eb800000, 0x00000000eb900000|  0%| F|  |TAMS 0x00000000eb800000, 0x00000000eb800000| Untracked 
| 185|0x00000000eb900000, 0x00000000eb900000, 0x00000000eba00000|  0%| F|  |TAMS 0x00000000eb900000, 0x00000000eb900000| Untracked 
| 186|0x00000000eba00000, 0x00000000eba00000, 0x00000000ebb00000|  0%| F|  |TAMS 0x00000000eba00000, 0x00000000eba00000| Untracked 
| 187|0x00000000ebb00000, 0x00000000ebb00000, 0x00000000ebc00000|  0%| F|  |TAMS 0x00000000ebb00000, 0x00000000ebb00000| Untracked 
| 188|0x00000000ebc00000, 0x00000000ebc00000, 0x00000000ebd00000|  0%| F|  |TAMS 0x00000000ebc00000, 0x00000000ebc00000| Untracked 
| 189|0x00000000ebd00000, 0x00000000ebd00000, 0x00000000ebe00000|  0%| F|  |TAMS 0x00000000ebd00000, 0x00000000ebd00000| Untracked 
| 190|0x00000000ebe00000, 0x00000000ebe00000, 0x00000000ebf00000|  0%| F|  |TAMS 0x00000000ebe00000, 0x00000000ebe00000| Untracked 
| 191|0x00000000ebf00000, 0x00000000ebf00000, 0x00000000ec000000|  0%| F|  |TAMS 0x00000000ebf00000, 0x00000000ebf00000| Untracked 
| 192|0x00000000ec000000, 0x00000000ec000000, 0x00000000ec100000|  0%| F|  |TAMS 0x00000000ec000000, 0x00000000ec000000| Untracked 
| 193|0x00000000ec100000, 0x00000000ec100000, 0x00000000ec200000|  0%| F|  |TAMS 0x00000000ec100000, 0x00000000ec100000| Untracked 
| 194|0x00000000ec200000, 0x00000000ec200000, 0x00000000ec300000|  0%| F|  |TAMS 0x00000000ec200000, 0x00000000ec200000| Untracked 
| 195|0x00000000ec300000, 0x00000000ec300000, 0x00000000ec400000|  0%| F|  |TAMS 0x00000000ec300000, 0x00000000ec300000| Untracked 
| 196|0x00000000ec400000, 0x00000000ec400000, 0x00000000ec500000|  0%| F|  |TAMS 0x00000000ec400000, 0x00000000ec400000| Untracked 
| 197|0x00000000ec500000, 0x00000000ec500000, 0x00000000ec600000|  0%| F|  |TAMS 0x00000000ec500000, 0x00000000ec500000| Untracked 
| 198|0x00000000ec600000, 0x00000000ec600000, 0x00000000ec700000|  0%| F|  |TAMS 0x00000000ec600000, 0x00000000ec600000| Untracked 
| 199|0x00000000ec700000, 0x00000000ec700000, 0x00000000ec800000|  0%| F|  |TAMS 0x00000000ec700000, 0x00000000ec700000| Untracked 
| 200|0x00000000ec800000, 0x00000000ec800000, 0x00000000ec900000|  0%| F|  |TAMS 0x00000000ec800000, 0x00000000ec800000| Untracked 
| 201|0x00000000ec900000, 0x00000000ec900000, 0x00000000eca00000|  0%| F|  |TAMS 0x00000000ec900000, 0x00000000ec900000| Untracked 
| 202|0x00000000eca00000, 0x00000000eca00000, 0x00000000ecb00000|  0%| F|  |TAMS 0x00000000eca00000, 0x00000000eca00000| Untracked 
| 203|0x00000000ecb00000, 0x00000000ecb00000, 0x00000000ecc00000|  0%| F|  |TAMS 0x00000000ecb00000, 0x00000000ecb00000| Untracked 
| 204|0x00000000ecc00000, 0x00000000ecc00000, 0x00000000ecd00000|  0%| F|  |TAMS 0x00000000ecc00000, 0x00000000ecc00000| Untracked 
| 205|0x00000000ecd00000, 0x00000000ecd00000, 0x00000000ece00000|  0%| F|  |TAMS 0x00000000ecd00000, 0x00000000ecd00000| Untracked 
| 206|0x00000000ece00000, 0x00000000ece00000, 0x00000000ecf00000|  0%| F|  |TAMS 0x00000000ece00000, 0x00000000ece00000| Untracked 
| 207|0x00000000ecf00000, 0x00000000ecf00000, 0x00000000ed000000|  0%| F|  |TAMS 0x00000000ecf00000, 0x00000000ecf00000| Untracked 
| 208|0x00000000ed000000, 0x00000000ed000000, 0x00000000ed100000|  0%| F|  |TAMS 0x00000000ed000000, 0x00000000ed000000| Untracked 
| 209|0x00000000ed100000, 0x00000000ed100000, 0x00000000ed200000|  0%| F|  |TAMS 0x00000000ed100000, 0x00000000ed100000| Untracked 
| 210|0x00000000ed200000, 0x00000000ed200000, 0x00000000ed300000|  0%| F|  |TAMS 0x00000000ed200000, 0x00000000ed200000| Untracked 
| 211|0x00000000ed300000, 0x00000000ed300000, 0x00000000ed400000|  0%| F|  |TAMS 0x00000000ed300000, 0x00000000ed300000| Untracked 
| 212|0x00000000ed400000, 0x00000000ed400000, 0x00000000ed500000|  0%| F|  |TAMS 0x00000000ed400000, 0x00000000ed400000| Untracked 
| 213|0x00000000ed500000, 0x00000000ed500000, 0x00000000ed600000|  0%| F|  |TAMS 0x00000000ed500000, 0x00000000ed500000| Untracked 
| 214|0x00000000ed600000, 0x00000000ed600000, 0x00000000ed700000|  0%| F|  |TAMS 0x00000000ed600000, 0x00000000ed600000| Untracked 
| 215|0x00000000ed700000, 0x00000000ed700000, 0x00000000ed800000|  0%| F|  |TAMS 0x00000000ed700000, 0x00000000ed700000| Untracked 
| 216|0x00000000ed800000, 0x00000000ed800000, 0x00000000ed900000|  0%| F|  |TAMS 0x00000000ed800000, 0x00000000ed800000| Untracked 
| 217|0x00000000ed900000, 0x00000000ed900000, 0x00000000eda00000|  0%| F|  |TAMS 0x00000000ed900000, 0x00000000ed900000| Untracked 
| 218|0x00000000eda00000, 0x00000000eda00000, 0x00000000edb00000|  0%| F|  |TAMS 0x00000000eda00000, 0x00000000eda00000| Untracked 
| 219|0x00000000edb00000, 0x00000000edb00000, 0x00000000edc00000|  0%| F|  |TAMS 0x00000000edb00000, 0x00000000edb00000| Untracked 
| 220|0x00000000edc00000, 0x00000000edc00000, 0x00000000edd00000|  0%| F|  |TAMS 0x00000000edc00000, 0x00000000edc00000| Untracked 
| 221|0x00000000edd00000, 0x00000000edd00000, 0x00000000ede00000|  0%| F|  |TAMS 0x00000000edd00000, 0x00000000edd00000| Untracked 
| 222|0x00000000ede00000, 0x00000000ede00000, 0x00000000edf00000|  0%| F|  |TAMS 0x00000000ede00000, 0x00000000ede00000| Untracked 
| 223|0x00000000edf00000, 0x00000000edf00000, 0x00000000ee000000|  0%| F|  |TAMS 0x00000000edf00000, 0x00000000edf00000| Untracked 
| 224|0x00000000ee000000, 0x00000000ee000000, 0x00000000ee100000|  0%| F|  |TAMS 0x00000000ee000000, 0x00000000ee000000| Untracked 
| 225|0x00000000ee100000, 0x00000000ee100000, 0x00000000ee200000|  0%| F|  |TAMS 0x00000000ee100000, 0x00000000ee100000| Untracked 
| 226|0x00000000ee200000, 0x00000000ee200000, 0x00000000ee300000|  0%| F|  |TAMS 0x00000000ee200000, 0x00000000ee200000| Untracked 
| 227|0x00000000ee300000, 0x00000000ee300000, 0x00000000ee400000|  0%| F|  |TAMS 0x00000000ee300000, 0x00000000ee300000| Untracked 
| 228|0x00000000ee400000, 0x00000000ee400000, 0x00000000ee500000|  0%| F|  |TAMS 0x00000000ee400000, 0x00000000ee400000| Untracked 
| 229|0x00000000ee500000, 0x00000000ee500000, 0x00000000ee600000|  0%| F|  |TAMS 0x00000000ee500000, 0x00000000ee500000| Untracked 
| 230|0x00000000ee600000, 0x00000000ee600000, 0x00000000ee700000|  0%| F|  |TAMS 0x00000000ee600000, 0x00000000ee600000| Untracked 
| 231|0x00000000ee700000, 0x00000000ee700000, 0x00000000ee800000|  0%| F|  |TAMS 0x00000000ee700000, 0x00000000ee700000| Untracked 
| 232|0x00000000ee800000, 0x00000000ee800000, 0x00000000ee900000|  0%| F|  |TAMS 0x00000000ee800000, 0x00000000ee800000| Untracked 
| 233|0x00000000ee900000, 0x00000000ee900000, 0x00000000eea00000|  0%| F|  |TAMS 0x00000000ee900000, 0x00000000ee900000| Untracked 
| 234|0x00000000eea00000, 0x00000000eea00000, 0x00000000eeb00000|  0%| F|  |TAMS 0x00000000eea00000, 0x00000000eea00000| Untracked 
| 235|0x00000000eeb00000, 0x00000000eeb00000, 0x00000000eec00000|  0%| F|  |TAMS 0x00000000eeb00000, 0x00000000eeb00000| Untracked 
| 236|0x00000000eec00000, 0x00000000eecebaf0, 0x00000000eed00000| 92%| E|  |TAMS 0x00000000eec00000, 0x00000000eec00000| Complete 
| 237|0x00000000eed00000, 0x00000000eee00000, 0x00000000eee00000|100%| E|CS|TAMS 0x00000000eed00000, 0x00000000eed00000| Complete 
| 238|0x00000000eee00000, 0x00000000eef00000, 0x00000000eef00000|100%| E|CS|TAMS 0x00000000eee00000, 0x00000000eee00000| Complete 
| 239|0x00000000eef00000, 0x00000000ef000000, 0x00000000ef000000|100%| E|CS|TAMS 0x00000000eef00000, 0x00000000eef00000| Complete 
| 240|0x00000000ef000000, 0x00000000ef100000, 0x00000000ef100000|100%| E|CS|TAMS 0x00000000ef000000, 0x00000000ef000000| Complete 
| 241|0x00000000ef100000, 0x00000000ef200000, 0x00000000ef200000|100%| E|CS|TAMS 0x00000000ef100000, 0x00000000ef100000| Complete 
| 242|0x00000000ef200000, 0x00000000ef300000, 0x00000000ef300000|100%| E|CS|TAMS 0x00000000ef200000, 0x00000000ef200000| Complete 
| 243|0x00000000ef300000, 0x00000000ef400000, 0x00000000ef400000|100%| E|CS|TAMS 0x00000000ef300000, 0x00000000ef300000| Complete 
| 244|0x00000000ef400000, 0x00000000ef500000, 0x00000000ef500000|100%| E|CS|TAMS 0x00000000ef400000, 0x00000000ef400000| Complete 
| 245|0x00000000ef500000, 0x00000000ef600000, 0x00000000ef600000|100%| E|CS|TAMS 0x00000000ef500000, 0x00000000ef500000| Complete 
| 510|0x00000000ffe00000, 0x00000000ffe75000, 0x00000000fff00000| 45%|OA|  |TAMS 0x00000000ffe00000, 0x00000000ffe00000| Untracked 
| 511|0x00000000fff00000, 0x00000000fff78000, 0x0000000100000000| 46%|CA|  |TAMS 0x00000000fff00000, 0x00000000fff00000| Untracked 

Card table byte_map: [0x000070d586922000,0x000070d586a22000] _byte_map_base: 0x000070d586222000

Marking Bits (Prev, Next): (CMBitMap*) 0x000070d58005c960, (CMBitMap*) 0x000070d58005c9a0
 Prev Bits: [0x000070d586000000, 0x000070d586800000)
 Next Bits: [0x000070d585800000, 0x000070d586000000)

Polling page: 0x000070d588ddd000

Metaspace:

Usage:
  Non-class:      2.75 MB used.
      Class:    387.09 KB used.
       Both:      3.13 MB used.

Virtual space:
  Non-class space:       64.00 MB reserved,       2.81 MB (  4%) committed,  1 nodes.
      Class space:        1.00 GB reserved,     448.00 KB ( <1%) committed,  1 nodes.
             Both:        1.06 GB reserved,       3.25 MB ( <1%) committed. 

Chunk freelists:
   Non-Class:  11.27 MB
       Class:  15.57 MB
        Both:  26.83 MB

MaxMetaspaceSize: unlimited
CompressedClassSpaceSize: 1.00 GB
Initial GC threshold: 21.00 MB
Current GC threshold: 21.00 MB
CDS: on
MetaspaceReclaimPolicy: balanced
 - commit_granule_bytes: 65536.
 - commit_granule_words: 8192.
 - virtual_space_node_default_size: 8388608.
 - enlarge_chunks_in_place: 1.
 - new_chunks_are_fully_committed: 0.
 - uncommit_free_chunks: 1.
 - use_allocation_guard: 0.
 - handle_deallocations: 1.


Internal statistics:

num_allocs_failed_limit: 0.
num_arena_births: 42.
num_arena_deaths: 0.
num_vsnodes_births: 2.
num_vsnodes_deaths: 0.
num_space_committed: 52.
num_space_uncommitted: 0.
num_chunks_returned_to_freelist: 0.
num_chunks_taken_from_freelist: 103.
num_chunk_merges: 0.
num_chunk_splits: 61.
num_chunks_enlarged: 38.
num_inconsistent_stats: 0.

CodeHeap 'non-profiled nmethods': size=120028Kb used=169Kb max_used=169Kb free=119858Kb
 bounds [0x000070d570cc9000, 0x000070d570f39000, 0x000070d578200000]
CodeHeap 'profiled nmethods': size=120028Kb used=833Kb max_used=833Kb free=119195Kb
 bounds [0x000070d569200000, 0x000070d569470000, 0x000070d570737000]
CodeHeap 'non-nmethods': size=5704Kb used=1125Kb max_used=1141Kb free=4578Kb
 bounds [0x000070d570737000, 0x000070d5709a7000, 0x000070d570cc9000]
 total_blobs=924 nmethods=525 adapters=313
 compilation: enabled
              stopped_count=0, restarted_count=0
 full_count=0

Compilation events (20 events):
Event: 0.710 Thread 0x000070d580160aa0  503       3       java.lang.reflect.Modifier::isProtected (12 bytes)
Event: 0.711 Thread 0x000070d580160aa0 nmethod 503 0x000070d5692cc010 code [0x000070d5692cc1a0, 0x000070d5692cc2d0]
Event: 0.714 Thread 0x000070d580160aa0  506       3       java.util.HashMap$HashIterator::nextNode (100 bytes)
Event: 0.714 Thread 0x000070d580160aa0 nmethod 506 0x000070d5692cc390 code [0x000070d5692cc580, 0x000070d5692ccaf0]
Event: 0.714 Thread 0x000070d580160aa0  504       3       java.util.ArrayList$Itr::next (66 bytes)
Event: 0.715 Thread 0x000070d580160aa0 nmethod 504 0x000070d5692ccd10 code [0x000070d5692ccf00, 0x000070d5692cd300]
Event: 0.715 Thread 0x000070d580160aa0  507       3       java.util.AbstractList::<init> (10 bytes)
Event: 0.715 Thread 0x000070d580160aa0 nmethod 507 0x000070d5692cd510 code [0x000070d5692cd6c0, 0x000070d5692cd890]
Event: 0.715 Thread 0x000070d580160aa0  505       3       java.util.ArrayList$Itr::checkForComodification (23 bytes)
Event: 0.715 Thread 0x000070d580160aa0 nmethod 505 0x000070d5692cd990 code [0x000070d5692cdb40, 0x000070d5692cdd00]
Event: 0.715 Thread 0x000070d580160aa0  509       1       java.lang.invoke.MethodTypeForm::erasedType (5 bytes)
Event: 0.715 Thread 0x000070d580160aa0 nmethod 509 0x000070d570cefb90 code [0x000070d570cefd20, 0x000070d570cefdf0]
Event: 0.716 Thread 0x000070d580160aa0  511       3       java.security.CodeSource::getCertificates (98 bytes)
Event: 0.716 Thread 0x000070d580160aa0 nmethod 511 0x000070d5692cde10 code [0x000070d5692ce080, 0x000070d5692cec10]
Event: 0.719 Thread 0x000070d580160aa0  512       3       java.lang.StringConcatHelper::newString (67 bytes)
Event: 0.719 Thread 0x000070d580160aa0 nmethod 512 0x000070d5692cef10 code [0x000070d5692cf1a0, 0x000070d5692cfbe0]
Event: 0.720 Thread 0x000070d580160aa0  513       3       java.util.zip.ZipUtils::CENATX_PERMS (9 bytes)
Event: 0.720 Thread 0x000070d580160aa0 nmethod 513 0x000070d5692cff90 code [0x000070d5692d0140, 0x000070d5692d02f0]
Event: 0.720 Thread 0x000070d580160aa0  515   !   3       java.net.URL::<init> (543 bytes)
Event: 0.725 Thread 0x000070d58015f570  520       4       java.util.Objects::requireNonNull (14 bytes)

GC Heap History (0 events):
No events

Dll operation events (7 events):
Event: 0.002 Loaded shared library /home/juste/.jdks/ms-17.0.16/lib/libjava.so
Event: 0.041 Loaded shared library /home/juste/.jdks/ms-17.0.16/lib/libjsvml.so
Event: 0.083 Loaded shared library /home/juste/.jdks/ms-17.0.16/lib/libnio.so
Event: 0.089 Loaded shared library /home/juste/.jdks/ms-17.0.16/lib/libzip.so
Event: 0.280 Loaded shared library /home/juste/.jdks/ms-17.0.16/lib/libverify.so
Event: 0.293 Loaded shared library /home/juste/.jdks/ms-17.0.16/lib/libjimage.so
Event: 0.463 Loaded shared library /home/juste/.jdks/ms-17.0.16/lib/libnet.so

Deoptimization events (18 events):
Event: 0.249 Thread 0x000070d58002c8c0 DEOPT PACKING pc=0x000070d569208d36 sp=0x000070d5875f9e70
Event: 0.249 Thread 0x000070d58002c8c0 DEOPT UNPACKING pc=0x000070d57079164f sp=0x000070d5875f92b0 mode 0
Event: 0.261 Thread 0x000070d58002c8c0 DEOPT PACKING pc=0x000070d56921966c sp=0x000070d5875f9830
Event: 0.261 Thread 0x000070d58002c8c0 DEOPT UNPACKING pc=0x000070d57079164f sp=0x000070d5875f8ce0 mode 0
Event: 0.262 Thread 0x000070d58002c8c0 DEOPT PACKING pc=0x000070d56921966c sp=0x000070d5875f9830
Event: 0.262 Thread 0x000070d58002c8c0 DEOPT UNPACKING pc=0x000070d57079164f sp=0x000070d5875f8ce0 mode 0
Event: 0.265 Thread 0x000070d58002c8c0 DEOPT PACKING pc=0x000070d56921966c sp=0x000070d5875f9830
Event: 0.265 Thread 0x000070d58002c8c0 DEOPT UNPACKING pc=0x000070d57079164f sp=0x000070d5875f8ce0 mode 0
Event: 0.267 Thread 0x000070d58002c8c0 DEOPT PACKING pc=0x000070d569201f42 sp=0x000070d5875f9d10
Event: 0.267 Thread 0x000070d58002c8c0 DEOPT UNPACKING pc=0x000070d57079164f sp=0x000070d5875f91a8 mode 0
Event: 0.588 Thread 0x000070d58002c8c0 DEOPT PACKING pc=0x000070d5692033bc sp=0x000070d5875fc2e0
Event: 0.588 Thread 0x000070d58002c8c0 DEOPT UNPACKING pc=0x000070d57079164f sp=0x000070d5875fb750 mode 0
Event: 0.597 Thread 0x000070d58002c8c0 DEOPT PACKING pc=0x000070d56926fb64 sp=0x000070d5875fc0b0
Event: 0.597 Thread 0x000070d58002c8c0 DEOPT UNPACKING pc=0x000070d57079164f sp=0x000070d5875fb5b0 mode 0
Event: 0.600 Thread 0x000070d58002c8c0 DEOPT PACKING pc=0x000070d569225bc9 sp=0x000070d5875fc0f0
Event: 0.600 Thread 0x000070d58002c8c0 DEOPT UNPACKING pc=0x000070d57079164f sp=0x000070d5875fb5b0 mode 0
Event: 0.602 Thread 0x000070d58002c8c0 DEOPT PACKING pc=0x000070d569225bc9 sp=0x000070d5875fc070
Event: 0.602 Thread 0x000070d58002c8c0 DEOPT UNPACKING pc=0x000070d57079164f sp=0x000070d5875fb518 mode 0

Classes loaded (20 events):
Event: 0.698 Loading class java/lang/annotation/RetentionPolicy
Event: 0.698 Loading class java/lang/annotation/RetentionPolicy done
Event: 0.698 Loading class sun/reflect/annotation/AnnotationTypeMismatchExceptionProxy
Event: 0.698 Loading class sun/reflect/annotation/AnnotationTypeMismatchExceptionProxy done
Event: 0.698 Loading class sun/reflect/annotation/AnnotationParser$1
Event: 0.698 Loading class sun/reflect/annotation/AnnotationParser$1 done
Event: 0.698 Loading class sun/reflect/annotation/AnnotationInvocationHandler
Event: 0.698 Loading class sun/reflect/annotation/AnnotationInvocationHandler done
Event: 0.701 Loading class java/lang/annotation/Target
Event: 0.701 Loading class java/lang/annotation/Target done
Event: 0.702 Loading class java/lang/TypeNotPresentException
Event: 0.702 Loading class java/lang/TypeNotPresentException done
Event: 0.710 Loading class java/util/concurrent/ConcurrentLinkedQueue
Event: 0.710 Loading class java/util/concurrent/ConcurrentLinkedQueue done
Event: 0.710 Loading class java/util/concurrent/ConcurrentLinkedQueue$Node
Event: 0.710 Loading class java/util/concurrent/ConcurrentLinkedQueue$Node done
Event: 0.712 Loading class java/util/NoSuchElementException
Event: 0.712 Loading class java/util/NoSuchElementException done
Event: 0.714 Loading class java/lang/reflect/ParameterizedType
Event: 0.714 Loading class java/lang/reflect/ParameterizedType done

Classes unloaded (0 events):
No events

Classes redefined (0 events):
No events

Internal exceptions (6 events):
Event: 0.159 Thread 0x000070d58002c8c0 Exception <a 'java/lang/NoSuchMethodError'{0x00000000ef405a08}: 'void java.lang.invoke.DirectMethodHandle$Holder.invokeInterface(java.lang.Object, java.lang.Object, java.lang.Object)'> (0x00000000ef405a08) 
thrown [src/hotspot/share/interpreter/linkResolver.cpp, line 758]
Event: 0.603 Thread 0x000070d58002c8c0 Exception <a 'java/lang/NoSuchMethodError'{0x00000000eeff3418}: 'java.lang.Object java.lang.invoke.DirectMethodHandle$Holder.invokeStaticInit(java.lang.Object)'> (0x00000000eeff3418) 
thrown [src/hotspot/share/interpreter/linkResolver.cpp, line 758]
Event: 0.621 Thread 0x000070d58002c8c0 Exception <a 'java/lang/NoSuchMethodError'{0x00000000eee309e8}: static Ljava/lang/Object;.<clinit>()V> (0x00000000eee309e8) 
thrown [src/hotspot/share/prims/jni.cpp, line 1112]
Event: 0.653 Thread 0x000070d58002c8c0 Exception <a 'java/lang/NoSuchMethodError'{0x00000000eee950a8}: static Lorg/gradle/api/internal/tasks/testing/junitplatform/JUnitPlatformTestClassProcessorFactory;.<clinit>()V> (0x00000000eee950a8) 
thrown [src/hotspot/share/prims/jni.cpp, line 1112]
Event: 0.655 Thread 0x000070d58002c8c0 Exception <a 'java/lang/NoSuchMethodError'{0x00000000eeea2fb8}: static Lorg/gradle/api/internal/tasks/testing/junitplatform/JUnitPlatformSpec;.<clinit>()V> (0x00000000eeea2fb8) 
thrown [src/hotspot/share/prims/jni.cpp, line 1112]
Event: 0.662 Thread 0x000070d58002c8c0 Exception <a 'java/lang/NoSuchMethodError'{0x00000000eeebf598}: static Lorg/gradle/api/internal/tasks/testing/filter/TestFilterSpec;.<clinit>()V> (0x00000000eeebf598) 
thrown [src/hotspot/share/prims/jni.cpp, line 1112]

VM Operations (8 events):
Event: 0.452 Executing VM operation: HandshakeAllThreads
Event: 0.452 Executing VM operation: HandshakeAllThreads done
Event: 0.471 Executing VM operation: HandshakeAllThreads
Event: 0.471 Executing VM operation: HandshakeAllThreads done
Event: 0.611 Executing VM operation: HandshakeAllThreads
Event: 0.611 Executing VM operation: HandshakeAllThreads done
Event: 0.621 Executing VM operation: HandshakeAllThreads
Event: 0.621 Executing VM operation: HandshakeAllThreads done

Memory protections (11 events):
Event: 0.002 Protecting memory [0x000070d587500000,0x000070d587504000] with protection modes 0
Event: 0.046 Protecting memory [0x000070d584746000,0x000070d58474a000] with protection modes 0
Event: 0.046 Protecting memory [0x000070d584646000,0x000070d58464a000] with protection modes 0
Event: 0.052 Protecting memory [0x000070d584546000,0x000070d58454a000] with protection modes 0
Event: 0.052 Protecting memory [0x000070d584446000,0x000070d58444a000] with protection modes 0
Event: 0.053 Protecting memory [0x000070d584346000,0x000070d58434a000] with protection modes 0
Event: 0.053 Protecting memory [0x000070d584246000,0x000070d58424a000] with protection modes 0
Event: 0.053 Protecting memory [0x000070d584146000,0x000070d58414a000] with protection modes 0
Event: 0.053 Protecting memory [0x000070d584046000,0x000070d58404a000] with protection modes 0
Event: 0.078 Protecting memory [0x000070d57ff00000,0x000070d57ff04000] with protection modes 0
Event: 0.081 Protecting memory [0x000070d5687ff000,0x000070d568803000] with protection modes 0

Nmethod flushes (0 events):
No events

Events (11 events):
Event: 0.041 Thread 0x000070d58002c8c0 Thread added: 0x000070d58002c8c0
Event: 0.046 Thread 0x000070d58002c8c0 Thread added: 0x000070d580154a90
Event: 0.046 Thread 0x000070d58002c8c0 Thread added: 0x000070d580155e70
Event: 0.052 Thread 0x000070d58002c8c0 Thread added: 0x000070d58015b400
Event: 0.052 Thread 0x000070d58002c8c0 Thread added: 0x000070d58015c7b0
Event: 0.053 Thread 0x000070d58002c8c0 Thread added: 0x000070d58015dbc0
Event: 0.053 Thread 0x000070d58002c8c0 Thread added: 0x000070d58015f570
Event: 0.053 Thread 0x000070d58002c8c0 Thread added: 0x000070d580160aa0
Event: 0.053 Thread 0x000070d58002c8c0 Thread added: 0x000070d580169f00
Event: 0.078 Thread 0x000070d58002c8c0 Thread added: 0x000070d580171f60
Event: 0.081 Thread 0x000070d58002c8c0 Thread added: 0x000070d580175920


Dynamic libraries:
e0000000-ef600000 rw-p 00000000 00:00 0 
ef600000-ffe00000 ---p 00000000 00:00 0 
ffe00000-ffe75000 rw-p 00c77000 103:02 7612790                           /home/juste/.jdks/ms-17.0.16/lib/server/classes.jsa
ffe75000-fff00000 rw-p 00000000 00:00 0 
fff00000-fff78000 rw-p 00bff000 103:02 7612790                           /home/juste/.jdks/ms-17.0.16/lib/server/classes.jsa
fff78000-100000000 rw-p 00000000 00:00 0 
5d513a3c1000-5d513a3c2000 r-xp 00000000 103:02 7612234                   /home/juste/.jdks/ms-17.0.16/bin/java
5d513a3c3000-5d513a3c4000 r--p 00001000 103:02 7612234                   /home/juste/.jdks/ms-17.0.16/bin/java
5d513a3c4000-5d513a3c5000 rw-p 00002000 103:02 7612234                   /home/juste/.jdks/ms-17.0.16/bin/java
5d5149eca000-5d5149f15000 rw-p 00000000 00:00 0                          [heap]
70d4d8000000-70d4d8021000 rw-p 00000000 00:00 0 
70d4d8021000-70d4dc000000 ---p 00000000 00:00 0 
70d4dc000000-70d4dc021000 rw-p 00000000 00:00 0 
70d4dc021000-70d4e0000000 ---p 00000000 00:00 0 
70d4e0000000-70d4e0021000 rw-p 00000000 00:00 0 
70d4e0021000-70d4e4000000 ---p 00000000 00:00 0 
70d4e4000000-70d4e4021000 rw-p 00000000 00:00 0 
70d4e4021000-70d4e8000000 ---p 00000000 00:00 0 
70d4e8000000-70d4e81ce000 rw-p 00000000 00:00 0 
70d4e81ce000-70d4ec000000 ---p 00000000 00:00 0 
70d4ec000000-70d4ec102000 rw-p 00000000 00:00 0 
70d4ec102000-70d4f0000000 ---p 00000000 00:00 0 
70d4f0000000-70d4f0021000 rw-p 00000000 00:00 0 
70d4f0021000-70d4f4000000 ---p 00000000 00:00 0 
70d4f4000000-70d4f4021000 rw-p 00000000 00:00 0 
70d4f4021000-70d4f8000000 ---p 00000000 00:00 0 
70d4f8000000-70d4f8021000 rw-p 00000000 00:00 0 
70d4f8021000-70d4fc000000 ---p 00000000 00:00 0 
70d4fc000000-70d4fc021000 rw-p 00000000 00:00 0 
70d4fc021000-70d500000000 ---p 00000000 00:00 0 
70d500000000-70d500021000 rw-p 00000000 00:00 0 
70d500021000-70d504000000 ---p 00000000 00:00 0 
70d507000000-70d507210000 rw-p 00000000 00:00 0 
70d507210000-70d507400000 ---p 00000000 00:00 0 
70d507400000-70d5074c0000 rw-p 00000000 00:00 0 
70d5074c0000-70d50b000000 ---p 00000000 00:00 0 
70d50b000000-70d50bbc7000 rw-p 00001000 103:02 7612790                   /home/juste/.jdks/ms-17.0.16/lib/server/classes.jsa
70d50bbc7000-70d50c000000 ---p 00000000 00:00 0 
70d50c000000-70d50c030000 rw-p 00000000 00:00 0 
70d50c030000-70d50c040000 ---p 00000000 00:00 0 
70d50c040000-70d50c080000 rw-p 00000000 00:00 0 
70d50c080000-70d54c000000 ---p 00000000 00:00 0 
70d54c000000-70d54c021000 rw-p 00000000 00:00 0 
70d54c021000-70d550000000 ---p 00000000 00:00 0 
70d550000000-70d550021000 rw-p 00000000 00:00 0 
70d550021000-70d554000000 ---p 00000000 00:00 0 
70d554000000-70d554021000 rw-p 00000000 00:00 0 
70d554021000-70d558000000 ---p 00000000 00:00 0 
70d55a000000-70d55c021000 rw-p 00000000 00:00 0 
70d55c021000-70d560000000 ---p 00000000 00:00 0 
70d560000000-70d560021000 rw-p 00000000 00:00 0 
70d560021000-70d564000000 ---p 00000000 00:00 0 
70d564000000-70d564021000 rw-p 00000000 00:00 0 
70d564021000-70d568000000 ---p 00000000 00:00 0 
70d568416000-70d5687ff000 rw-p 00000000 00:00 0 
70d5687ff000-70d568803000 ---p 00000000 00:00 0 
70d568803000-70d5688ff000 rw-p 00000000 00:00 0 
70d5688ff000-70d568900000 ---p 00000000 00:00 0 
70d568900000-70d568a00000 rw-p 00000000 00:00 0 
70d568a00000-70d5691f2000 r--p 00000000 103:02 10354772                  /usr/lib/locale/locale-archive
70d569200000-70d569470000 rwxp 00000000 00:00 0 
70d569470000-70d570737000 ---p 00000000 00:00 0 
70d570737000-70d5709a7000 rwxp 00000000 00:00 0 
70d5709a7000-70d570cc9000 ---p 00000000 00:00 0 
70d570cc9000-70d570f39000 rwxp 00000000 00:00 0 
70d570f39000-70d578200000 ---p 00000000 00:00 0 
70d578200000-70d57fe0a000 r--s 00000000 103:02 7612272                   /home/juste/.jdks/ms-17.0.16/lib/modules
70d57ff00000-70d57ff04000 ---p 00000000 00:00 0 
70d57ff04000-70d580000000 rw-p 00000000 00:00 0 
70d580000000-70d5806ad000 rw-p 00000000 00:00 0 
70d5806ad000-70d584000000 ---p 00000000 00:00 0 
70d584015000-70d584046000 rw-p 00000000 00:00 0 
70d584046000-70d58404a000 ---p 00000000 00:00 0 
70d58404a000-70d584146000 rw-p 00000000 00:00 0 
70d584146000-70d58414a000 ---p 00000000 00:00 0 
70d58414a000-70d584246000 rw-p 00000000 00:00 0 
70d584246000-70d58424a000 ---p 00000000 00:00 0 
70d58424a000-70d584346000 rw-p 00000000 00:00 0 
70d584346000-70d58434a000 ---p 00000000 00:00 0 
70d58434a000-70d584446000 rw-p 00000000 00:00 0 
70d584446000-70d58444a000 ---p 00000000 00:00 0 
70d58444a000-70d584546000 rw-p 00000000 00:00 0 
70d584546000-70d58454a000 ---p 00000000 00:00 0 
70d58454a000-70d584646000 rw-p 00000000 00:00 0 
70d584646000-70d58464a000 ---p 00000000 00:00 0 
70d58464a000-70d584746000 rw-p 00000000 00:00 0 
70d584746000-70d58474a000 ---p 00000000 00:00 0 
70d58474a000-70d584846000 rw-p 00000000 00:00 0 
70d584846000-70d584847000 ---p 00000000 00:00 0 
70d584847000-70d584947000 rw-p 00000000 00:00 0 
70d584947000-70d584a15000 r-xp 00000000 103:02 7612763                   /home/juste/.jdks/ms-17.0.16/lib/libjsvml.so
70d584a15000-70d584a16000 r--p 000cd000 103:02 7612763                   /home/juste/.jdks/ms-17.0.16/lib/libjsvml.so
70d584a16000-70d584a17000 rw-p 000ce000 103:02 7612763                   /home/juste/.jdks/ms-17.0.16/lib/libjsvml.so
70d584a17000-70d584af3000 rw-p 00000000 00:00 0 
70d584af3000-70d584af4000 ---p 00000000 00:00 0 
70d584af4000-70d584bf4000 rw-p 00000000 00:00 0 
70d584bf4000-70d584bf5000 ---p 00000000 00:00 0 
70d584bf5000-70d584cf5000 rw-p 00000000 00:00 0 
70d584cf5000-70d5854fd000 rw-p 00000000 00:00 0 
70d5854fd000-70d5854fe000 ---p 00000000 00:00 0 
70d5854fe000-70d5855fe000 rw-p 00000000 00:00 0 
70d5855fe000-70d5855ff000 ---p 00000000 00:00 0 
70d5855ff000-70d5856ff000 rw-p 00000000 00:00 0 
70d5856ff000-70d585700000 ---p 00000000 00:00 0 
70d585700000-70d585800000 rw-p 00000000 00:00 0 
70d585800000-70d585bd8000 rw-p 00000000 00:00 0 
70d585bd8000-70d585ff8000 ---p 00000000 00:00 0 
70d585ff8000-70d5863d8000 rw-p 00000000 00:00 0 
70d5863d8000-70d5867f8000 ---p 00000000 00:00 0 
70d5867f8000-70d586800000 rw-p 00000000 00:00 0 
70d586822000-70d58689d000 rw-p 00000000 00:00 0 
70d58689d000-70d586921000 ---p 00000000 00:00 0 
70d586921000-70d58699d000 rw-p 00000000 00:00 0 
70d58699d000-70d586a21000 ---p 00000000 00:00 0 
70d586a21000-70d586a9d000 rw-p 00000000 00:00 0 
70d586a9d000-70d586b21000 ---p 00000000 00:00 0 
70d586b21000-70d58732f000 rw-p 00000000 00:00 0 
70d58732f000-70d587415000 ---p 00000000 00:00 0 
70d587415000-70d58741a000 rw-p 00000000 00:00 0 
70d58741a000-70d587500000 ---p 00000000 00:00 0 
70d587500000-70d587504000 ---p 00000000 00:00 0 
70d587504000-70d587600000 rw-p 00000000 00:00 0 
70d587600000-70d588835000 r-xp 00000000 103:02 7612788                   /home/juste/.jdks/ms-17.0.16/lib/server/libjvm.so
70d588835000-70d588836000 ---p 01235000 103:02 7612788                   /home/juste/.jdks/ms-17.0.16/lib/server/libjvm.so
70d588836000-70d5888ef000 r--p 01235000 103:02 7612788                   /home/juste/.jdks/ms-17.0.16/lib/server/libjvm.so
70d5888ef000-70d588924000 rw-p 012ee000 103:02 7612788                   /home/juste/.jdks/ms-17.0.16/lib/server/libjvm.so
70d588924000-70d58897f000 rw-p 00000000 00:00 0 
70d588988000-70d5889c9000 rw-p 00000000 00:00 0 
70d5889ce000-70d5889db000 r-xp 00000000 103:02 7612740                   /home/juste/.jdks/ms-17.0.16/lib/libverify.so
70d5889db000-70d5889dd000 r--p 0000c000 103:02 7612740                   /home/juste/.jdks/ms-17.0.16/lib/libverify.so
70d5889dd000-70d5889de000 rw-p 0000e000 103:02 7612740                   /home/juste/.jdks/ms-17.0.16/lib/libverify.so
70d5889de000-70d5889e5000 r-xp 00000000 103:02 7612779                   /home/juste/.jdks/ms-17.0.16/lib/libzip.so
70d5889e5000-70d5889e6000 ---p 00007000 103:02 7612779                   /home/juste/.jdks/ms-17.0.16/lib/libzip.so
70d5889e6000-70d5889e7000 r--p 00007000 103:02 7612779                   /home/juste/.jdks/ms-17.0.16/lib/libzip.so
70d5889e7000-70d5889e8000 rw-p 00008000 103:02 7612779                   /home/juste/.jdks/ms-17.0.16/lib/libzip.so
70d5889e8000-70d5889fd000 r-xp 00000000 103:02 7612751                   /home/juste/.jdks/ms-17.0.16/lib/libnet.so
70d5889fd000-70d5889fe000 ---p 00015000 103:02 7612751                   /home/juste/.jdks/ms-17.0.16/lib/libnet.so
70d5889fe000-70d5889ff000 r--p 00015000 103:02 7612751                   /home/juste/.jdks/ms-17.0.16/lib/libnet.so
70d5889ff000-70d588a00000 rw-p 00016000 103:02 7612751                   /home/juste/.jdks/ms-17.0.16/lib/libnet.so
70d588a00000-70d588a28000 r--p 00000000 103:02 10379587                  /usr/lib/x86_64-linux-gnu/libc.so.6
70d588a28000-70d588bb0000 r-xp 00028000 103:02 10379587                  /usr/lib/x86_64-linux-gnu/libc.so.6
70d588bb0000-70d588bff000 r--p 001b0000 103:02 10379587                  /usr/lib/x86_64-linux-gnu/libc.so.6
70d588bff000-70d588c03000 r--p 001fe000 103:02 10379587                  /usr/lib/x86_64-linux-gnu/libc.so.6
70d588c03000-70d588c05000 rw-p 00202000 103:02 10379587                  /usr/lib/x86_64-linux-gnu/libc.so.6
70d588c05000-70d588c12000 rw-p 00000000 00:00 0 
70d588c19000-70d588c2c000 r-xp 00000000 103:02 7612765                   /home/juste/.jdks/ms-17.0.16/lib/libnio.so
70d588c2c000-70d588c2d000 ---p 00013000 103:02 7612765                   /home/juste/.jdks/ms-17.0.16/lib/libnio.so
70d588c2d000-70d588c2e000 r--p 00013000 103:02 7612765                   /home/juste/.jdks/ms-17.0.16/lib/libnio.so
70d588c2e000-70d588c2f000 rw-p 00014000 103:02 7612765                   /home/juste/.jdks/ms-17.0.16/lib/libnio.so
70d588c2f000-70d588c56000 rw-p 00000000 00:00 0 
70d588c56000-70d588c5d000 ---p 00000000 00:00 0 
70d588c5d000-70d588c81000 r-xp 00000000 103:02 7612774                   /home/juste/.jdks/ms-17.0.16/lib/libjava.so
70d588c81000-70d588c82000 ---p 00024000 103:02 7612774                   /home/juste/.jdks/ms-17.0.16/lib/libjava.so
70d588c82000-70d588c83000 r--p 00024000 103:02 7612774                   /home/juste/.jdks/ms-17.0.16/lib/libjava.so
70d588c83000-70d588c84000 rw-p 00025000 103:02 7612774                   /home/juste/.jdks/ms-17.0.16/lib/libjava.so
70d588c84000-70d588c85000 rw-p 00000000 00:00 0 
70d588c85000-70d588ca0000 r-xp 00000000 103:02 7612737                   /home/juste/.jdks/ms-17.0.16/lib/libjimage.so
70d588ca0000-70d588ca1000 ---p 0001b000 103:02 7612737                   /home/juste/.jdks/ms-17.0.16/lib/libjimage.so
70d588ca1000-70d588ca3000 r--p 0001b000 103:02 7612737                   /home/juste/.jdks/ms-17.0.16/lib/libjimage.so
70d588ca3000-70d588ca4000 rw-p 0001d000 103:02 7612737                   /home/juste/.jdks/ms-17.0.16/lib/libjimage.so
70d588ca4000-70d588cb4000 r--p 00000000 103:02 10379590                  /usr/lib/x86_64-linux-gnu/libm.so.6
70d588cb4000-70d588d33000 r-xp 00010000 103:02 10379590                  /usr/lib/x86_64-linux-gnu/libm.so.6
70d588d33000-70d588d8b000 r--p 0008f000 103:02 10379590                  /usr/lib/x86_64-linux-gnu/libm.so.6
70d588d8b000-70d588d8c000 r--p 000e7000 103:02 10379590                  /usr/lib/x86_64-linux-gnu/libm.so.6
70d588d8c000-70d588d8d000 rw-p 000e8000 103:02 10379590                  /usr/lib/x86_64-linux-gnu/libm.so.6
70d588d8d000-70d588d8e000 r--p 00000000 103:02 10379603                  /usr/lib/x86_64-linux-gnu/librt.so.1
70d588d8e000-70d588d8f000 r-xp 00001000 103:02 10379603                  /usr/lib/x86_64-linux-gnu/librt.so.1
70d588d8f000-70d588d90000 r--p 00002000 103:02 10379603                  /usr/lib/x86_64-linux-gnu/librt.so.1
70d588d90000-70d588d91000 r--p 00002000 103:02 10379603                  /usr/lib/x86_64-linux-gnu/librt.so.1
70d588d91000-70d588d92000 rw-p 00003000 103:02 10379603                  /usr/lib/x86_64-linux-gnu/librt.so.1
70d588d92000-70d588d96000 rw-p 00000000 00:00 0 
70d588d96000-70d588d97000 r--p 00000000 103:02 10379589                  /usr/lib/x86_64-linux-gnu/libdl.so.2
70d588d97000-70d588d98000 r-xp 00001000 103:02 10379589                  /usr/lib/x86_64-linux-gnu/libdl.so.2
70d588d98000-70d588d99000 r--p 00002000 103:02 10379589                  /usr/lib/x86_64-linux-gnu/libdl.so.2
70d588d99000-70d588d9a000 r--p 00002000 103:02 10379589                  /usr/lib/x86_64-linux-gnu/libdl.so.2
70d588d9a000-70d588d9b000 rw-p 00003000 103:02 10379589                  /usr/lib/x86_64-linux-gnu/libdl.so.2
70d588d9b000-70d588d9c000 r--p 00000000 103:02 10379599                  /usr/lib/x86_64-linux-gnu/libpthread.so.0
70d588d9c000-70d588d9d000 r-xp 00001000 103:02 10379599                  /usr/lib/x86_64-linux-gnu/libpthread.so.0
70d588d9d000-70d588d9e000 r--p 00002000 103:02 10379599                  /usr/lib/x86_64-linux-gnu/libpthread.so.0
70d588d9e000-70d588d9f000 r--p 00002000 103:02 10379599                  /usr/lib/x86_64-linux-gnu/libpthread.so.0
70d588d9f000-70d588da0000 rw-p 00003000 103:02 10379599                  /usr/lib/x86_64-linux-gnu/libpthread.so.0
70d588da0000-70d588dae000 r-xp 00000000 103:02 7612749                   /home/juste/.jdks/ms-17.0.16/lib/libjli.so
70d588dae000-70d588daf000 ---p 0000e000 103:02 7612749                   /home/juste/.jdks/ms-17.0.16/lib/libjli.so
70d588daf000-70d588db0000 r--p 0000e000 103:02 7612749                   /home/juste/.jdks/ms-17.0.16/lib/libjli.so
70d588db0000-70d588db1000 rw-p 0000f000 103:02 7612749                   /home/juste/.jdks/ms-17.0.16/lib/libjli.so
70d588db1000-70d588db3000 r--p 00000000 103:02 10370859                  /usr/lib/x86_64-linux-gnu/libz.so.1.3
70d588db3000-70d588dc5000 r-xp 00002000 103:02 10370859                  /usr/lib/x86_64-linux-gnu/libz.so.1.3
70d588dc5000-70d588dcb000 r--p 00014000 103:02 10370859                  /usr/lib/x86_64-linux-gnu/libz.so.1.3
70d588dcb000-70d588dcc000 r--p 0001a000 103:02 10370859                  /usr/lib/x86_64-linux-gnu/libz.so.1.3
70d588dcc000-70d588dcd000 rw-p 0001b000 103:02 10370859                  /usr/lib/x86_64-linux-gnu/libz.so.1.3
70d588dce000-70d588dd5000 r--s 00000000 103:02 10378071                  /usr/lib/x86_64-linux-gnu/gconv/gconv-modules.cache
70d588dd5000-70d588ddd000 rw-s 00000000 103:02 10915358                  /tmp/hsperfdata_juste/16662
70d588ddd000-70d588dde000 ---p 00000000 00:00 0 
70d588dde000-70d588ddf000 r--p 00000000 00:00 0 
70d588ddf000-70d588de0000 ---p 00000000 00:00 0 
70d588de0000-70d588de2000 rw-p 00000000 00:00 0 
70d588de2000-70d588de4000 r--p 00000000 00:00 0                          [vvar]
70d588de4000-70d588de6000 r--p 00000000 00:00 0                          [vvar_vclock]
70d588de6000-70d588de8000 r-xp 00000000 00:00 0                          [vdso]
70d588de8000-70d588de9000 r--p 00000000 103:02 10379584                  /usr/lib/x86_64-linux-gnu/ld-linux-x86-64.so.2
70d588de9000-70d588e14000 r-xp 00001000 103:02 10379584                  /usr/lib/x86_64-linux-gnu/ld-linux-x86-64.so.2
70d588e14000-70d588e1e000 r--p 0002c000 103:02 10379584                  /usr/lib/x86_64-linux-gnu/ld-linux-x86-64.so.2
70d588e1e000-70d588e20000 r--p 00036000 103:02 10379584                  /usr/lib/x86_64-linux-gnu/ld-linux-x86-64.so.2
70d588e20000-70d588e22000 rw-p 00038000 103:02 10379584                  /usr/lib/x86_64-linux-gnu/ld-linux-x86-64.so.2
7ffd42aae000-7ffd42ad0000 rw-p 00000000 00:00 0                          [stack]
ffffffffff600000-ffffffffff601000 --xp 00000000 00:00 0                  [vsyscall]


VM Arguments:
jvm_args: -Dorg.gradle.internal.worker.tmpdir=/home/juste/learnings/Spring Boot/cashcard/build/tmp/test/work -Xmx512m -Dfile.encoding=UTF-8 -Duser.country=US -Duser.language=en -Duser.variant -ea 
java_command: worker.org.gradle.process.internal.worker.GradleWorkerMain 'Gradle Test Executor 18'
java_class_path (initial): /home/juste/.gradle/caches/8.14.3/workerMain/gradle-worker.jar:/home/juste/learnings/Spring Boot/cashcard/build/classes/java/test:/home/juste/learnings/Spring Boot/cashcard/build/resources/test:/home/juste/learnings/Spring Boot/cashcard/build/classes/java/main:/home/juste/learnings/Spring Boot/cashcard/build/resources/main:/home/juste/.gradle/caches/modules-2/files-2.1/org.springframework.boot/spring-boot-starter-web/3.5.7/b98c28da1fe667776698882c27f68630c2747b87/spring-boot-starter-web-3.5.7.jar:/home/juste/.gradle/caches/modules-2/files-2.1/org.springframework.boot/spring-boot-starter-data-jdbc/3.5.7/494f232935178151d25a5926ccbdd7f86bc8694e/spring-boot-starter-data-jdbc-3.5.7.jar:/home/juste/.gradle/caches/modules-2/files-2.1/com.h2database/h2/2.3.232/4fcc05d966ccdb2812ae8b9a718f69226c0cf4e2/h2-2.3.232.jar:/home/juste/.gradle/caches/modules-2/files-2.1/org.springframework.boot/spring-boot-starter-test/3.5.7/a460fe60ea4c396c782f1c95743525a64ab1c0b6/spring-boot-starter-test-3.5.7.jar:/home/juste/.gradle/caches/modules-2/files-2.1/org.junit.jupiter/junit-jupiter/5.12.2/64d3ec64ae06517bc14b7faaaec7c996b0d05bea/junit-jupiter-5.12.2.jar:/home/juste/.gradle/caches/modules-2/files-2.1/org.junit.jupiter/junit-jupiter-engine/5.12.2/b8df7575b8cd3a94dbe27b481d1cd52c57864559/junit-jupiter-engine-5.12.2.jar:/home/juste/.gradle/caches/modules-2/files-2.1/org.junit.platform/junit-platform-engine/1.12.2/8519ece93f91b8115705d36be2c36d49808935cd/junit-platform-engine-1.12.2.jar:/home/juste/.gradle/caches/modules-2/files-2.1/org.mockito/mockito-junit-jupiter/5.17.0/4399e19e3fb5b55230027583323e4c883d5da07d/mockito-junit-jupiter-5.17.0.jar:/home/juste/.gradle/caches/modules-2/files-2.1/org.junit.jupiter/junit-jupiter-params/5.12.2/ff1434a66d1fb84c2c709cde2e2d56d5c8f4fad3/junit-jupiter-params-5.12.2.jar:/home/juste/.gradle/caches/modules-2/files-2.1/org.junit.jupiter/junit-jupiter-api/5.12.2/6de3a3256c5d90f4a439edcb6c2e8dc5180907b0/junit-jupiter-api-5.12.2.j
Launcher Type: SUN_STANDARD

[Global flags]
     intx CICompilerCount                          = 4                                         {product} {ergonomic}
     uint ConcGCThreads                            = 2                                         {product} {ergonomic}
     uint G1ConcRefinementThreads                  = 8                                         {product} {ergonomic}
   size_t G1HeapRegionSize                         = 1048576                                   {product} {ergonomic}
    uintx GCDrainStackTargetSize                   = 64                                        {product} {ergonomic}
   size_t InitialHeapSize                          = 257949696                                 {product} {ergonomic}
   size_t MarkStackSize                            = 4194304                                   {product} {ergonomic}
   size_t MaxHeapSize                              = 536870912                                 {product} {command line}
   size_t MaxNewSize                               = 321912832                                 {product} {ergonomic}
   size_t MinHeapDeltaBytes                        = 1048576                                   {product} {ergonomic}
   size_t MinHeapSize                              = 8388608                                   {product} {ergonomic}
    uintx NonNMethodCodeHeapSize                   = 5839372                                {pd product} {ergonomic}
    uintx NonProfiledCodeHeapSize                  = 122909434                              {pd product} {ergonomic}
    uintx ProfiledCodeHeapSize                     = 122909434                              {pd product} {ergonomic}
    uintx ReservedCodeCacheSize                    = 251658240                              {pd product} {ergonomic}
     bool SegmentedCodeCache                       = true                                      {product} {ergonomic}
   size_t SoftMaxHeapSize                          = 536870912                              {manageable} {ergonomic}
     bool UseCompressedClassPointers               = true                           {product lp64_product} {ergonomic}
     bool UseCompressedOops                        = true                           {product lp64_product} {ergonomic}
     bool UseG1GC                                  = true                                      {product} {ergonomic}

Logging:
Log output configuration:
 #0: stdout all=warning uptime,level,tags
 #1: stderr all=off uptime,level,tags

Environment Variables:
PATH=/home/juste/.nvm/versions/node/v22.14.0/bin:/home/juste/.local/bin:/usr/local/sbin:/usr/local/bin:/usr/sbin:/usr/bin:/sbin:/bin:/usr/games:/usr/local/games:/snap/bin:/snap/bin:/home/juste/.local/share/JetBrains/Toolbox/scripts
USERNAME=juste
SHELL=/bin/bash
DISPLAY=:0
LANG=en_US.UTF-8
LC_NUMERIC=en_US.UTF-8
LC_TIME=en_US.UTF-8
TERM=xterm-256color

Active Locale:
LC_ALL=en_US.UTF-8
LC_COLLATE=en_US.UTF-8
LC_CTYPE=en_US.UTF-8
LC_MESSAGES=en_US.UTF-8
LC_MONETARY=en_US.UTF-8
LC_NUMERIC=en_US.UTF-8
LC_TIME=en_US.UTF-8

Signal Handlers:
   SIGSEGV: crash_handler in libjvm.so, mask=11100100010111111101111111111110, flags=SA_RESTART|SA_SIGINFO, unblocked
    SIGBUS: crash_handler in libjvm.so, mask=11100100010111111101111111111110, flags=SA_RESTART|SA_SIGINFO, unblocked
    SIGFPE: crash_handler in libjvm.so, mask=11100100010111111101111111111110, flags=SA_RESTART|SA_SIGINFO, unblocked
   SIGPIPE: javaSignalHandler in libjvm.so, mask=11100100010111111101111111111110, flags=SA_RESTART|SA_SIGINFO, blocked
   SIGXFSZ: javaSignalHandler in libjvm.so, mask=11100100010111111101111111111110, flags=SA_RESTART|SA_SIGINFO, blocked
    SIGILL: crash_handler in libjvm.so, mask=11100100010111111101111111111110, flags=SA_RESTART|SA_SIGINFO, unblocked
   SIGUSR2: SR_handler in libjvm.so, mask=00000000000000000000000000000000, flags=SA_RESTART|SA_SIGINFO, blocked
    SIGHUP: UserHandler in libjvm.so, mask=11100100010111111101111111111110, flags=SA_RESTART|SA_SIGINFO, blocked
    SIGINT: UserHandler in libjvm.so, mask=11100100010111111101111111111110, flags=SA_RESTART|SA_SIGINFO, blocked
   SIGTERM: UserHandler in libjvm.so, mask=11100100010111111101111111111110, flags=SA_RESTART|SA_SIGINFO, blocked
   SIGQUIT: UserHandler in libjvm.so, mask=11100100010111111101111111111110, flags=SA_RESTART|SA_SIGINFO, blocked
   SIGTRAP: crash_handler in libjvm.so, mask=11100100010111111101111111111110, flags=SA_RESTART|SA_SIGINFO, unblocked


Periodic native trim disabled


---------------  S Y S T E M  ---------------

OS:
DISTRIB_ID=Ubuntu
DISTRIB_RELEASE=24.04
DISTRIB_CODENAME=noble
DISTRIB_DESCRIPTION="Ubuntu 24.04.3 LTS"
uname: Linux 6.14.0-33-generic #33~24.04.1-Ubuntu SMP PREEMPT_DYNAMIC Fri Sep 19 17:02:30 UTC 2 x86_64
OS uptime: 0 days 0:48 hours
libc: glibc 2.39 NPTL 2.39 
rlimit (soft/hard): STACK 8192k/infinity , CORE 0k/infinity , NPROC 62160/62160 , NOFILE 1048576/1048576 , AS infinity/infinity , CPU infinity/infinity , DATA infinity/infinity , FSIZE infinity/infinity , MEMLOCK 2008632k/2008632k
load average: 3.82 2.11 1.58

/proc/meminfo:
MemTotal:       16069072 kB
MemFree:          259312 kB
MemAvailable:    5732104 kB
Buffers:          264596 kB
Cached:          6710840 kB
SwapCached:            0 kB
Active:         10071928 kB
Inactive:        3852236 kB
Active(anon):    7412516 kB
Inactive(anon):   852116 kB
Active(file):    2659412 kB
Inactive(file):  3000120 kB
Unevictable:      854572 kB
Mlocked:             152 kB
SwapTotal:       4194300 kB
SwapFree:        4194300 kB
Zswap:                 0 kB
Zswapped:              0 kB
Dirty:             38980 kB
Writeback:             0 kB
AnonPages:       7803740 kB
Mapped:          2168580 kB
Shmem:           1315912 kB
KReclaimable:     235204 kB
Slab:             715260 kB
SReclaimable:     235204 kB
SUnreclaim:       480056 kB
KernelStack:       31312 kB
PageTables:        98376 kB
SecPageTables:      6940 kB
NFS_Unstable:          0 kB
Bounce:                0 kB
WritebackTmp:          0 kB
CommitLimit:    12228836 kB
Committed_AS:   49867392 kB
VmallocTotal:   34359738367 kB
VmallocUsed:       86332 kB
VmallocChunk:          0 kB
Percpu:            10048 kB
HardwareCorrupted:     0 kB
AnonHugePages:         0 kB
ShmemHugePages:        0 kB
ShmemPmdMapped:        0 kB
FileHugePages:         0 kB
FilePmdMapped:         0 kB
Unaccepted:            0 kB
HugePages_Total:       0
HugePages_Free:        0
HugePages_Rsvd:        0
HugePages_Surp:        0
Hugepagesize:       2048 kB
Hugetlb:               0 kB
DirectMap4k:      352764 kB
DirectMap2M:     6678528 kB
DirectMap1G:     9437184 kB

/sys/kernel/mm/transparent_hugepage/enabled: always [madvise] never
/sys/kernel/mm/transparent_hugepage/hpage_pmd_size: 2097152
/sys/kernel/mm/transparent_hugepage/defrag (defrag/compaction efforts parameter): always defer defer+madvise [madvise] never

Process Memory:
Virtual Size: 3335340K (peak: 3335340K)
Resident Set Size: 62720K (peak: 62720K) (anon: 40760K, file: 21960K, shmem: 0K)
Swapped out: 0K
C-Heap outstanding allocations: 31455K, retained: 2344K
glibc malloc tunables: (default)

/proc/sys/kernel/threads-max (system-wide limit on the number of threads): 124320
/proc/sys/vm/max_map_count (maximum number of memory map areas a process may have): 1048576
/proc/sys/vm/swappiness (control to define how aggressively the kernel swaps out anonymous memory): 60
/proc/sys/kernel/pid_max (system-wide limit on number of process identifiers): 4194304

container information not found.
Steal ticks since vm start: 0
Steal ticks percentage since vm start:  0.000

CPU: total 8 (initial active 8) (4 cores per cpu, 2 threads per core) family 6 model 140 stepping 1 microcode 0xbc, cx8, cmov, fxsr, ht, mmx, 3dnowpref, sse, sse2, sse3, ssse3, sse4.1, sse4.2, popcnt, lzcnt, tsc, tscinvbit, avx, avx2, aes, erms, clmul, bmi1, bmi2, adx, avx512f, avx512dq, avx512cd, avx512bw, avx512vl, sha, fma, vzeroupper, avx512_vpopcntdq, avx512_vpclmulqdq, avx512_vaes, avx512_vnni, clflush, clflushopt, clwb, avx512_vbmi2, avx512_vbmi
CPU Model and flags from /proc/cpuinfo:
model name	: 11th Gen Intel(R) Core(TM) i5-1135G7 @ 2.40GHz
flags		: fpu vme de pse tsc msr pae mce cx8 apic sep mtrr pge mca cmov pat pse36 clflush dts acpi mmx fxsr sse sse2 ss ht tm pbe syscall nx pdpe1gb rdtscp lm constant_tsc art arch_perfmon pebs bts rep_good nopl xtopology nonstop_tsc cpuid aperfmperf tsc_known_freq pni pclmulqdq dtes64 monitor ds_cpl vmx est tm2 ssse3 sdbg fma cx16 xtpr pdcm pcid sse4_1 sse4_2 x2apic movbe popcnt tsc_deadline_timer aes xsave avx f16c rdrand lahf_lm abm 3dnowprefetch cpuid_fault epb cat_l2 cdp_l2 ssbd ibrs ibpb stibp ibrs_enhanced tpr_shadow flexpriority ept vpid ept_ad fsgsbase tsc_adjust bmi1 avx2 smep bmi2 erms invpcid rdt_a avx512f avx512dq rdseed adx smap avx512ifma clflushopt clwb intel_pt avx512cd sha_ni avx512bw avx512vl xsaveopt xsavec xgetbv1 xsaves split_lock_detect user_shstk dtherm ida arat pln pts hwp hwp_notify hwp_act_window hwp_epp hwp_pkg_req vnmi avx512vbmi umip pku ospke avx512_vbmi2 gfni vaes vpclmulqdq avx512_vnni avx512_bitalg avx512_vpopcntdq rdpid movdiri movdir64b fsrm avx512_vp2intersect md_clear ibt flush_l1d arch_capabilities

Online cpus: 0-7
Offline cpus: 
BIOS frequency limitation: <Not Available>
Frequency switch latency (ns): 0
Available cpu frequencies: <Not Available>
Current governor: powersave
Core performance/turbo boost: <Not Available>

Memory: 4k page, physical 16069072k(259312k free), swap 4194300k(4194300k free)
Page Sizes: 4k

vm_info: OpenJDK 64-Bit Server VM (17.0.16+8-LTS) for linux-amd64 JRE (17.0.16+8-LTS), built on Jul 10 2025 00:05:16 by "MicrosoftCorporation" with gcc 11.3.0

END.
