#
# A fatal error has been detected by the Java Runtime Environment:
#
#  SIGSEGV (0xb) at pc=0x000071c1ec00a403, pid=16573, tid=16580
#
# JRE version: OpenJDK Runtime Environment Microsoft-11926113 (17.0.16+8) (build 17.0.16+8-LTS)
# Java VM: OpenJDK 64-Bit Server VM Microsoft-11926113 (17.0.16+8-LTS, mixed mode, sharing, tiered, compressed oops, compressed class ptrs, g1 gc, linux-amd64)
# Problematic frame:
# V  [libjvm.so+0x80a403]  InstanceKlass::find_method_index(Array<Method*> const*, Symbol const*, Symbol const*, Klass::OverpassLookupMode, Klass::StaticLookupMode, Klass::PrivateLookupMode) [clone .constprop.0]+0x43
#
# Core dump will be written. Default location: Core dumps may be processed with "/usr/share/apport/apport -p%p -s%s -c%c -d%d -P%P -u%u -g%g -F%F -- %E" (or dumping to /home/juste/learnings/Spring Boot/cashcard/core.16573)
#
# If you would like to submit a bug report, please visit:
#   https://github.com/microsoft/openjdk/issues
#

---------------  S U M M A R Y ------------

Command Line: -Dorg.gradle.internal.worker.tmpdir=/home/juste/learnings/Spring Boot/cashcard/build/tmp/test/work -Xmx512m -Dfile.encoding=UTF-8 -Duser.country=US -Duser.language=en -Duser.variant -ea worker.org.gradle.process.internal.worker.GradleWorkerMain 'Gradle Test Executor 17'

Host: 11th Gen Intel(R) Core(TM) i5-1135G7 @ 2.40GHz, 8 cores, 15G, Ubuntu 24.04.3 LTS
Time: Sun Oct 26 12:34:51 2025 GMT elapsed time: 0.881992 seconds (0d 0h 0m 0s)

---------------  T H R E A D  ---------------

Current thread (0x000071c1e402c8c0):  JavaThread "main" [_thread_in_vm, id=16580, stack(0x000071c1eb700000,0x000071c1eb800000)]

Stack: [0x000071c1eb700000,0x000071c1eb800000],  sp=0x000071c1eb7fdf10,  free space=1015k
Native frames: (J=compiled Java code, j=interpreted, Vv=VM code, C=native code)
V  [libjvm.so+0x80a403]  InstanceKlass::find_method_index(Array<Method*> const*, Symbol const*, Symbol const*, Klass::OverpassLookupMode, Klass::StaticLookupMode, Klass::PrivateLookupMode) [clone .constprop.0]+0x43
V  [libjvm.so+0x812b8b]  InstanceKlass::initialize_impl(JavaThread*)+0x68b
V  [libjvm.so+0xaa6a0a]  LinkResolver::resolve_static_call(CallInfo&, LinkInfo const&, bool, JavaThread*)+0x15a
V  [libjvm.so+0xaa739b]  LinkResolver::resolve_invoke(CallInfo&, Handle, constantPoolHandle const&, int, Bytecodes::Code, JavaThread*)+0x2bb
V  [libjvm.so+0x82cb66]  InterpreterRuntime::resolve_invoke(JavaThread*, Bytecodes::Code)+0x166
V  [libjvm.so+0x82d0a7]  InterpreterRuntime::resolve_from_cache(JavaThread*, Bytecodes::Code)+0x37
j  java.util.Calendar.createCalendar(Ljava/util/TimeZone;Ljava/util/Locale;)Ljava/util/Calendar;+3 java.base@17.0.16
j  java.util.Calendar.getInstance(Ljava/util/Locale;)Ljava/util/Calendar;+5 java.base@17.0.16
j  java.text.SimpleDateFormat.initializeCalendar(Ljava/util/Locale;)V+27 java.base@17.0.16
j  java.text.SimpleDateFormat.<init>(Ljava/lang/String;Ljava/util/Locale;)V+43 java.base@17.0.16
j  java.text.SimpleDateFormat.<init>(Ljava/lang/String;)V+8 java.base@17.0.16
j  org.gradle.process.internal.worker.child.SystemApplicationClassLoaderWorker.getLastResortErrorLogFile(Ljava/io/File;)Ljava/io/File;+23
j  org.gradle.process.internal.worker.child.SystemApplicationClassLoaderWorker.call()Ljava/lang/Void;+153
j  org.gradle.process.internal.worker.child.SystemApplicationClassLoaderWorker.call()Ljava/lang/Object;+1
j  worker.org.gradle.process.internal.worker.GradleWorkerMain.run()V+250
j  worker.org.gradle.process.internal.worker.GradleWorkerMain.main([Ljava/lang/String;)V+7
v  ~StubRoutines::call_stub
V  [libjvm.so+0x832265]  JavaCalls::call_helper(JavaValue*, methodHandle const&, JavaCallArguments*, JavaThread*)+0x315
V  [libjvm.so+0x8ca54a]  jni_invoke_static(JNIEnv_*, JavaValue*, _jobject*, JNICallType, _jmethodID*, JNI_ArgumentPusher*, JavaThread*) [clone .constprop.1]+0x3ea
V  [libjvm.so+0x8ccd65]  jni_CallStaticVoidMethod+0x175
C  [libjli.so+0x45eb]  JavaMain+0xd2b
C  [libjli.so+0x7bd9]  ThreadJavaMain+0x9
C  [libc.so.6+0x9caa4]

Java frames: (J=compiled Java code, j=interpreted, Vv=VM code)
j  java.util.Calendar.createCalendar(Ljava/util/TimeZone;Ljava/util/Locale;)Ljava/util/Calendar;+3 java.base@17.0.16
j  java.util.Calendar.getInstance(Ljava/util/Locale;)Ljava/util/Calendar;+5 java.base@17.0.16
j  java.text.SimpleDateFormat.initializeCalendar(Ljava/util/Locale;)V+27 java.base@17.0.16
j  java.text.SimpleDateFormat.<init>(Ljava/lang/String;Ljava/util/Locale;)V+43 java.base@17.0.16
j  java.text.SimpleDateFormat.<init>(Ljava/lang/String;)V+8 java.base@17.0.16
j  org.gradle.process.internal.worker.child.SystemApplicationClassLoaderWorker.getLastResortErrorLogFile(Ljava/io/File;)Ljava/io/File;+23
j  org.gradle.process.internal.worker.child.SystemApplicationClassLoaderWorker.call()Ljava/lang/Void;+153
j  org.gradle.process.internal.worker.child.SystemApplicationClassLoaderWorker.call()Ljava/lang/Object;+1
j  worker.org.gradle.process.internal.worker.GradleWorkerMain.run()V+250
j  worker.org.gradle.process.internal.worker.GradleWorkerMain.main([Ljava/lang/String;)V+7
v  ~StubRoutines::call_stub

siginfo: si_signo: 11 (SIGSEGV), si_code: 1 (SEGV_MAPERR), si_addr: 0x0000000000590329

Registers:
RAX=0x0000000000000001, RBX=0x0000000000000000, RCX=0x0000000000000001, RDX=0x0000000000590001
RSP=0x000071c1eb7fdf10, RBP=0x000071c1eb7fdf20, RSI=0x000071c16f457c18, RDI=0x000071c16f880218
R8 =0x0000000000000001, R9 =0x0000000000000002, R10=0x000071c16f45a180, R11=0x0000000000000000
R12=0x000000000000005c, R13=0x000071c1eb7fdfc0, R14=0x000071c16f237cc8, R15=0x000071c1e402c8c0
RIP=0x000071c1ec00a403, EFLAGS=0x0000000000010202, CSGSFS=0x002b000000000033, ERR=0x0000000000000004
  TRAPNO=0x000000000000000e

XMM[0]=0x000071c16f000ed0 0x000071c16f000ec8
XMM[1]=0x0000000000000000 0x000071c16f000ed0
XMM[2]=0x000071c1eb7fe059 0x000071c1eb7fe018
XMM[3]=0x0000000000000000 0x000071c1eb7fe059
XMM[4]=0x0000000000000000 0x000071c1e402ec44
XMM[5]=0x0000000000000000 0x000071c1e402c8c0
XMM[6]=0x000071c1e402c8c0 0x000071c16f9bf4f0
XMM[7]=0x0000000000000000 0x000071c1e402c8c0
XMM[8]=0x0000000000000000 0x4c58e58b499d08c4
XMM[9]=0x0000000000000000 0x00000000eebbd649
XMM[10]=0x00000001db710640 0x00000001f7011640
XMM[11]=0x0000000000000000 0x0000000174359406
XMM[12]=0x0000000000000000 0x80deb1fe72be5d74
XMM[13]=0x0000000000000000 0x12835b01d807aa98
XMM[14]=0x0000000000000000 0x59f111f13956c25b
XMM[15]=0x0000000000000000 0x71374491428a2f98
  MXCSR=0x00001fa0


Register to memory mapping:

RAX=0x0000000000000001 is an unknown value
RBX=0x0 is NULL
RCX=0x0000000000000001 is an unknown value
RDX=0x0000000000590001 is an unknown value
RSP=0x000071c1eb7fdf10 is pointing into the stack for thread: 0x000071c1e402c8c0
RBP=0x000071c1eb7fdf20 is pointing into the stack for thread: 0x000071c1e402c8c0
RSI=0x000071c16f457c18 is pointing into metadata
RDI=0x000071c16f880218 is pointing into metadata
R8 =0x0000000000000001 is an unknown value
R9 =0x0000000000000002 is an unknown value
R10=0x000071c16f45a180 is pointing into metadata
R11=0x0 is NULL
R12=0x000000000000005c is an unknown value
R13=0x000071c1eb7fdfc0 is pointing into the stack for thread: 0x000071c1e402c8c0
R14=0x000071c16f237cc8 is a pointer to class: 
sun.util.locale.provider.LocaleProviderAdapter {0x000071c16f237cc8}
 - instance size:     2
 - klass size:        83
 - access:            public synchronized abstract 
 - state:             being_initialized
 - name:              'sun/util/locale/provider/LocaleProviderAdapter'
 - super:             'java/lang/Object'
 - sub:               
 - arrays:            NULL
 - methods:           Array<T>(0x000071c16f880218)
 - method ordering:   Array<T>(0x000071c16f880bd8)
 - local interfaces:  Array<T>(0x000071c16f5d66b8)
 - trans. interfaces: Array<T>(0x000071c16f5d66b8)
 - constants:         constant pool [408] {0x000071c16f87f128} for 'sun/util/locale/provider/LocaleProviderAdapter' cache=0x000071c16f23af58
 - class loader data:  loader data: 0x000071c1e4136af0 of 'bootstrap'
 - source file:       'LocaleProviderAdapter.java'
 - class annotations:       Array<T>(0x0000000000000000)
 - class type annotations:  Array<T>(0x0000000000000000)
 - field annotations:       Array<T>(0x0000000000000000)
 - field type annotations:  Array<T>(0x0000000000000000)
 - inner classes:     Array<T>(0x000071c16f8801e0)
 - nest members:     Array<T>(0x000071c16f880c48)
 - permitted subclasses:     Array<T>(0x000071c16f5d6648)
 - java mirror:       a 'java/lang/Class'{0x00000000ffe253a0} = 'sun/util/locale/provider/LocaleProviderAdapter'
 - vtable length      23  (start addr: 0x000071c16f237e98)
 - itable length      2 (start addr: 0x000071c16f237f50)
 - ---- static fields (3 words):
 - private static final 'adapterPreference' 'Ljava/util/List;' @112 
 - private static final 'adapterInstances' 'Ljava/util/Map;' @116 
 - static volatile 'defaultLocaleProviderAdapter' 'Lsun/util/locale/provider/LocaleProviderAdapter$Type;' @120 
 - private static final 'adapterCache' 'Ljava/util/concurrent/ConcurrentMap;' @124 
 - static final synthetic '$assertionsDisabled' 'Z' @128 
 - ---- non-static fields (0 words):
 - non-static oop maps: 
R15=0x000071c1e402c8c0 is a thread


Top of Stack: (sp=0x000071c1eb7fdf10)
0x000071c1eb7fdf10:   0000000000000000 000071c1eb7fdf80
0x000071c1eb7fdf20:   000071c1eb7fe150 000071c1ec012b8b
0x000071c1eb7fdf30:   000071c1eb000000 000071c1e402c8c0
0x000071c1eb7fdf40:   000071c1e402c8c0 000071c16f2367f8
0x000071c1eb7fdf50:   0000000000000000 000071c16f535888
0x000071c1eb7fdf60:   000071c16f000d68 000071c100000000
0x000071c1eb7fdf70:   000071c1eb7fe018 000071c1eb7fe059
0x000071c1eb7fdf80:   000071c1e402c8c0 000071c1e402d2c0
0x000071c1eb7fdf90:   000071c1e402d300 000071c1e402d318
0x000071c1eb7fdfa0:   000071c1e402d3e8 00000000000000d8
0x000071c1eb7fdfb0:   000071c1eb7fea70 000071c1eb7fe030
0x000071c1eb7fdfc0:   000071c1e402c8c0 000071c1e402d318
0x000071c1eb7fdfd0:   0000000000000001 000071c1ec2a2271
0x000071c1eb7fdfe0:   000071c1eb7fe020 000071c1eccaddae
0x000071c1eb7fdff0:   000071c16f237cc8 000071c1eb7fe040
0x000071c1eb7fe000:   000071c1e4136af0 0000000000000000
0x000071c1eb7fe010:   000071c1e4028ec0 000071c1e4137070
0x000071c1eb7fe020:   000071c1eb7fe090 0000000000000000
0x000071c1eb7fe030:   000071c16f23bf60 000071c1e402c8c0
0x000071c1eb7fe040:   000071c1e402c8c0 0000000000000000
0x000071c1eb7fe050:   000000003ad21f4f 000071c16f5529e8
0x000071c1eb7fe060:   0000000000000000 0000000000000000
0x000071c1eb7fe070:   000071c1eb000000 000071c1ec48468d
0x000071c1eb7fe080:   000071c1eb7fe170 000071c1ec62fd7b
0x000071c1eb7fe090:   000071c1e402c8c0 000071c1e402d2c0
0x000071c1eb7fe0a0:   000071c1e402d300 000071c1e402d310
0x000071c1eb7fe0b0:   000071c1e402d3e8 000071c1ec00c1b1
0x000071c1eb7fe0c0:   0000000000000001 000071c16f138df8
0x000071c1eb7fe0d0:   0000000000000001 000071c16f138df8
0x000071c1eb7fe0e0:   000071c1eb7fe120 000071c1ec4c127e
0x000071c1eb7fe0f0:   000000000000002e 000071c1e402c8c0
0x000071c1eb7fe100:   000071c1e402c8c0 000071c1eb7fe220 

Instructions: (pc=0x000071c1ec00a403)
0x000071c1ec00a303:   8b 53 08 48 8b 73 10 4c 89 f7 48 85 d2 75 a6 e8
0x000071c1ec00a313:   59 3a eb ff 48 8b 7b 10 e8 f0 9a 43 00 eb a4 66
0x000071c1ec00a323:   0f 1f 44 00 00 4c 89 f6 48 89 df ff d0 eb 94 66
0x000071c1ec00a333:   66 2e 0f 1f 84 00 00 00 00 00 0f 1f 00 48 8b 87
0x000071c1ec00a343:   e0 00 00 00 48 85 c0 74 14 48 8b bf e0 00 00 00
0x000071c1ec00a353:   e9 f8 14 bd ff 0f 1f 84 00 00 00 00 00 c3 66 66
0x000071c1ec00a363:   2e 0f 1f 84 00 00 00 00 00 0f 1f 40 00 4c 63 07
0x000071c1ec00a373:   45 85 c0 7e 38 31 c0 eb 0d 0f 1f 40 00 48 83 c0
0x000071c1ec00a383:   01 49 39 c0 74 27 48 8b 54 c7 08 41 89 c1 48 8b
0x000071c1ec00a393:   52 08 0f b7 4a 22 48 8b 52 08 48 3b 74 ca 48 75
0x000071c1ec00a3a3:   dc 44 89 c8 c3 0f 1f 84 00 00 00 00 00 41 b9 ff
0x000071c1ec00a3b3:   ff ff ff 44 89 c8 c3 66 0f 1f 44 00 00 55 80 3d
0x000071c1ec00a3c3:   39 19 b3 00 00 49 89 d2 45 89 c3 48 89 e5 41 54
0x000071c1ec00a3d3:   53 89 cb 75 58 8b 07 45 31 c0 8d 48 ff 41 39 c8
0x000071c1ec00a3e3:   7f 2f 41 8d 04 08 d1 f8 44 8d 48 01 49 63 d1 48
0x000071c1ec00a3f3:   8b 14 d7 48 8b 52 08 44 0f b7 62 22 48 8b 52 08
0x000071c1ec00a403:   4a 39 74 e2 48 72 1e 74 2e 8d 48 ff 41 39 c8 7e
0x000071c1ec00a413:   d1 41 b8 ff ff ff ff 5b 44 89 c0 41 5c 5d c3 66
0x000071c1ec00a423:   0f 1f 44 00 00 45 89 c8 eb b3 0f 1f 00 e8 3b ff
0x000071c1ec00a433:   ff ff 83 f8 ff 74 da 48 63 c8 48 83 c1 01 4c 8b
0x000071c1ec00a443:   0c cf 49 8b 51 08 44 0f b7 62 24 4c 8b 42 08 4f
0x000071c1ec00a453:   3b 54 e0 48 0f 84 a3 01 00 00 89 c2 83 ea 01 0f
0x000071c1ec00a463:   88 1c 03 00 00 41 83 fb 01 0f 84 de 00 00 00 48
0x000071c1ec00a473:   63 d2 83 fb 01 0f 84 9e 00 00 00 eb 14 45 0f b7
0x000071c1ec00a483:   49 24 4f 3b 54 cb 48 74 8e 48 83 ea 01 85 d2 78
0x000071c1ec00a493:   1c 4c 8b 4c d7 08 41 89 d0 4d 8b 49 08 4d 8b 59
0x000071c1ec00a4a3:   08 41 0f b7 59 22 49 3b 74 db 48 74 d0 8b 17 83
0x000071c1ec00a4b3:   c0 01 39 c2 7f 22 e9 56 ff ff ff 66 90 0f b7 40
0x000071c1ec00a4c3:   24 4d 3b 54 c1 48 0f 84 4b ff ff ff 48 83 c1 01
0x000071c1ec00a4d3:   39 ca 0f 8e 39 ff ff ff 48 8b 44 cf 08 41 89 c8
0x000071c1ec00a4e3:   48 8b 40 08 4c 8b 48 08 44 0f b7 58 22 4b 3b 74
0x000071c1ec00a4f3:   d9 48 74 c9 e9 18 ff ff ff 0f 1f 40 00 41 f6 41 


Stack slot to memory mapping:
stack at sp + 0 slots: 0x0 is NULL
stack at sp + 1 slots: 0x000071c1eb7fdf80 is pointing into the stack for thread: 0x000071c1e402c8c0
stack at sp + 2 slots: 0x000071c1eb7fe150 is pointing into the stack for thread: 0x000071c1e402c8c0
stack at sp + 3 slots: 0x000071c1ec012b8b: <offset 0x0000000000812b8b> in /home/juste/.jdks/ms-17.0.16/lib/server/libjvm.so at 0x000071c1eb800000
stack at sp + 4 slots: 0x000071c1eb000000 points into unknown readable memory: 0x0000000000000000 | 00 00 00 00 00 00 00 00
stack at sp + 5 slots: 0x000071c1e402c8c0 is a thread
stack at sp + 6 slots: 0x000071c1e402c8c0 is a thread
stack at sp + 7 slots: 0x000071c16f2367f8 is a pointer to class: 
sun.util.spi.CalendarProvider {0x000071c16f2367f8}
 - instance size:     2
 - klass size:        68
 - access:            public synchronized abstract 
 - state:             loaded
 - name:              'sun/util/spi/CalendarProvider'
 - super:             'java/util/spi/LocaleServiceProvider'
 - sub:               
 - arrays:            NULL
 - methods:           Array<T>(0x000071c16f879680)
 - method ordering:   Array<T>(0x000071c16f879698)
 - local interfaces:  Array<T>(0x000071c16f5d66b8)
 - trans. interfaces: Array<T>(0x000071c16f5d66b8)
 - constants:         constant pool [18] {0x000071c16f8795a8} for 'sun/util/spi/CalendarProvider' cache=0x000071c16f2d5758
 - class loader data:  loader data: 0x000071c1e4136af0 of 'bootstrap'
 - source file:       'CalendarProvider.java'
 - class annotations:       Array<T>(0x0000000000000000)
 - class type annotations:  Array<T>(0x0000000000000000)
 - field annotations:       Array<T>(0x0000000000000000)
 - field type annotations:  Array<T>(0x0000000000000000)
 - inner classes:     Array<T>(0x000071c16f5d6648)
 - nest members:     Array<T>(0x000071c16f5d6648)
 - permitted subclasses:     Array<T>(0x000071c16f5d6648)
 - java mirror:       a 'java/lang/Class'{0x00000000ffe29ad8} = 'sun/util/spi/CalendarProvider'
 - vtable length      8  (start addr: 0x000071c16f2369c8)
 - itable length      2 (start addr: 0x000071c16f236a08)
 - ---- static fields (0 words):
 - ---- non-static fields (0 words):
 - non-static oop maps: 


---------------  P R O C E S S  ---------------

Threads class SMR info:
_java_thread_list=0x000071c1e416e8c0, length=11, elements={
0x000071c1e402c8c0, 0x000071c1e4154a90, 0x000071c1e4155e70, 0x000071c1e415b400,
0x000071c1e415c7b0, 0x000071c1e415dbc0, 0x000071c1e415f570, 0x000071c1e4160aa0,
0x000071c1e4161f10, 0x000071c1e4169f70, 0x000071c1e416d930
}

Java Threads: ( => current thread )
=>0x000071c1e402c8c0 JavaThread "main" [_thread_in_vm, id=16580, stack(0x000071c1eb700000,0x000071c1eb800000)]
  0x000071c1e4154a90 JavaThread "Reference Handler" daemon [_thread_blocked, id=16601, stack(0x000071c1e8905000,0x000071c1e8a05000)]
  0x000071c1e4155e70 JavaThread "Finalizer" daemon [_thread_blocked, id=16602, stack(0x000071c1e8805000,0x000071c1e8905000)]
  0x000071c1e415b400 JavaThread "Signal Dispatcher" daemon [_thread_blocked, id=16610, stack(0x000071c1e8705000,0x000071c1e8805000)]
  0x000071c1e415c7b0 JavaThread "Service Thread" daemon [_thread_blocked, id=16611, stack(0x000071c1e8605000,0x000071c1e8705000)]
  0x000071c1e415dbc0 JavaThread "Monitor Deflation Thread" daemon [_thread_blocked, id=16612, stack(0x000071c1e8505000,0x000071c1e8605000)]
  0x000071c1e415f570 JavaThread "C2 CompilerThread0" daemon [_thread_blocked, id=16613, stack(0x000071c1e8405000,0x000071c1e8505000)]
  0x000071c1e4160aa0 JavaThread "C1 CompilerThread0" daemon [_thread_blocked, id=16615, stack(0x000071c1e8305000,0x000071c1e8405000)]
  0x000071c1e4161f10 JavaThread "Sweeper thread" daemon [_thread_blocked, id=16618, stack(0x000071c1e8205000,0x000071c1e8305000)]
  0x000071c1e4169f70 JavaThread "Notification Thread" daemon [_thread_blocked, id=16628, stack(0x000071c1e8105000,0x000071c1e8205000)]
  0x000071c1e416d930 JavaThread "Common-Cleaner" daemon [_thread_blocked, id=16631, stack(0x000071c1e3f00000,0x000071c1e4000000)]

Other Threads:
  0x000071c1e4150b00 VMThread "VM Thread" [stack: 0x000071c1e8a06000,0x000071c1e8b06000] [id=16597]
  0x000071c1e416b8b0 WatcherThread [stack: 0x000071c1e8005000,0x000071c1e8105000] [id=16629]
  0x000071c1e405bed0 GCTaskThread "GC Thread#0" [stack: 0x000071c1e9900000,0x000071c1e9a00000] [id=16581]
  0x000071c1e40614e0 ConcurrentGCThread "G1 Main Marker" [stack: 0x000071c1e97ff000,0x000071c1e98ff000] [id=16582]
  0x000071c1e4062450 ConcurrentGCThread "G1 Conc#0" [stack: 0x000071c1e96fe000,0x000071c1e97fe000] [id=16583]
  0x000071c1e4129d90 ConcurrentGCThread "G1 Refine#0" [stack: 0x000071c1e8df5000,0x000071c1e8ef5000] [id=16584]
  0x000071c1e412ac90 ConcurrentGCThread "G1 Service" [stack: 0x000071c1e8cf4000,0x000071c1e8df4000] [id=16587]

Threads with active compile tasks:

VM state: not at safepoint (normal execution)

VM Mutex/Monitor currently owned by a thread: None

Heap address: 0x00000000e0000000, size: 512 MB, Compressed Oops mode: 32-bit

CDS archive(s) mapped at: [0x000071c16f000000-0x000071c16fbc7000-0x000071c16fbc7000), size 12349440, SharedBaseAddress: 0x000071c16f000000, ArchiveRelocationMode: 1.
Compressed class space mapped at: 0x000071c170000000-0x000071c1b0000000, reserved size: 1073741824
Narrow klass base: 0x000071c16f000000, Narrow klass shift: 0, Narrow klass range: 0x100000000

GC Precious Log:
 CPUs: 8 total, 8 available
 Memory: 15692M
 Large Page Support: Disabled
 NUMA Support: Disabled
 Compressed Oops: Enabled (32-bit)
 Heap Region Size: 1M
 Heap Min Capacity: 8M
 Heap Initial Capacity: 246M
 Heap Max Capacity: 512M
 Pre-touch: Disabled
 Parallel Workers: 8
 Concurrent Workers: 2
 Concurrent Refinement Workers: 8
 Periodic GC: Disabled

Heap:
 garbage-first heap   total 253952K, used 12212K [0x00000000e0000000, 0x0000000100000000)
  region size 1024K, 11 young (11264K), 0 survivors (0K)
 Metaspace       used 3448K, committed 3648K, reserved 1114112K
  class space    used 426K, committed 512K, reserved 1048576K

Heap Regions: E=young(eden), S=young(survivor), O=old, HS=humongous(starts), HC=humongous(continues), CS=collection set, F=free, OA=open archive, CA=closed archive, TAMS=top-at-mark-start (previous, next)
|   0|0x00000000e0000000, 0x00000000e0100000, 0x00000000e0100000|100%|HS|  |TAMS 0x00000000e0000000, 0x00000000e0000000| Complete 
|   1|0x00000000e0100000, 0x00000000e0100000, 0x00000000e0200000|  0%| F|  |TAMS 0x00000000e0100000, 0x00000000e0100000| Untracked 
|   2|0x00000000e0200000, 0x00000000e0200000, 0x00000000e0300000|  0%| F|  |TAMS 0x00000000e0200000, 0x00000000e0200000| Untracked 
|   3|0x00000000e0300000, 0x00000000e0300000, 0x00000000e0400000|  0%| F|  |TAMS 0x00000000e0300000, 0x00000000e0300000| Untracked 
|   4|0x00000000e0400000, 0x00000000e0400000, 0x00000000e0500000|  0%| F|  |TAMS 0x00000000e0400000, 0x00000000e0400000| Untracked 
|   5|0x00000000e0500000, 0x00000000e0500000, 0x00000000e0600000|  0%| F|  |TAMS 0x00000000e0500000, 0x00000000e0500000| Untracked 
|   6|0x00000000e0600000, 0x00000000e0600000, 0x00000000e0700000|  0%| F|  |TAMS 0x00000000e0600000, 0x00000000e0600000| Untracked 
|   7|0x00000000e0700000, 0x00000000e0700000, 0x00000000e0800000|  0%| F|  |TAMS 0x00000000e0700000, 0x00000000e0700000| Untracked 
|   8|0x00000000e0800000, 0x00000000e0800000, 0x00000000e0900000|  0%| F|  |TAMS 0x00000000e0800000, 0x00000000e0800000| Untracked 
|   9|0x00000000e0900000, 0x00000000e0900000, 0x00000000e0a00000|  0%| F|  |TAMS 0x00000000e0900000, 0x00000000e0900000| Untracked 
|  10|0x00000000e0a00000, 0x00000000e0a00000, 0x00000000e0b00000|  0%| F|  |TAMS 0x00000000e0a00000, 0x00000000e0a00000| Untracked 
|  11|0x00000000e0b00000, 0x00000000e0b00000, 0x00000000e0c00000|  0%| F|  |TAMS 0x00000000e0b00000, 0x00000000e0b00000| Untracked 
|  12|0x00000000e0c00000, 0x00000000e0c00000, 0x00000000e0d00000|  0%| F|  |TAMS 0x00000000e0c00000, 0x00000000e0c00000| Untracked 
|  13|0x00000000e0d00000, 0x00000000e0d00000, 0x00000000e0e00000|  0%| F|  |TAMS 0x00000000e0d00000, 0x00000000e0d00000| Untracked 
|  14|0x00000000e0e00000, 0x00000000e0e00000, 0x00000000e0f00000|  0%| F|  |TAMS 0x00000000e0e00000, 0x00000000e0e00000| Untracked 
|  15|0x00000000e0f00000, 0x00000000e0f00000, 0x00000000e1000000|  0%| F|  |TAMS 0x00000000e0f00000, 0x00000000e0f00000| Untracked 
|  16|0x00000000e1000000, 0x00000000e1000000, 0x00000000e1100000|  0%| F|  |TAMS 0x00000000e1000000, 0x00000000e1000000| Untracked 
|  17|0x00000000e1100000, 0x00000000e1100000, 0x00000000e1200000|  0%| F|  |TAMS 0x00000000e1100000, 0x00000000e1100000| Untracked 
|  18|0x00000000e1200000, 0x00000000e1200000, 0x00000000e1300000|  0%| F|  |TAMS 0x00000000e1200000, 0x00000000e1200000| Untracked 
|  19|0x00000000e1300000, 0x00000000e1300000, 0x00000000e1400000|  0%| F|  |TAMS 0x00000000e1300000, 0x00000000e1300000| Untracked 
|  20|0x00000000e1400000, 0x00000000e1400000, 0x00000000e1500000|  0%| F|  |TAMS 0x00000000e1400000, 0x00000000e1400000| Untracked 
|  21|0x00000000e1500000, 0x00000000e1500000, 0x00000000e1600000|  0%| F|  |TAMS 0x00000000e1500000, 0x00000000e1500000| Untracked 
|  22|0x00000000e1600000, 0x00000000e1600000, 0x00000000e1700000|  0%| F|  |TAMS 0x00000000e1600000, 0x00000000e1600000| Untracked 
|  23|0x00000000e1700000, 0x00000000e1700000, 0x00000000e1800000|  0%| F|  |TAMS 0x00000000e1700000, 0x00000000e1700000| Untracked 
|  24|0x00000000e1800000, 0x00000000e1800000, 0x00000000e1900000|  0%| F|  |TAMS 0x00000000e1800000, 0x00000000e1800000| Untracked 
|  25|0x00000000e1900000, 0x00000000e1900000, 0x00000000e1a00000|  0%| F|  |TAMS 0x00000000e1900000, 0x00000000e1900000| Untracked 
|  26|0x00000000e1a00000, 0x00000000e1a00000, 0x00000000e1b00000|  0%| F|  |TAMS 0x00000000e1a00000, 0x00000000e1a00000| Untracked 
|  27|0x00000000e1b00000, 0x00000000e1b00000, 0x00000000e1c00000|  0%| F|  |TAMS 0x00000000e1b00000, 0x00000000e1b00000| Untracked 
|  28|0x00000000e1c00000, 0x00000000e1c00000, 0x00000000e1d00000|  0%| F|  |TAMS 0x00000000e1c00000, 0x00000000e1c00000| Untracked 
|  29|0x00000000e1d00000, 0x00000000e1d00000, 0x00000000e1e00000|  0%| F|  |TAMS 0x00000000e1d00000, 0x00000000e1d00000| Untracked 
|  30|0x00000000e1e00000, 0x00000000e1e00000, 0x00000000e1f00000|  0%| F|  |TAMS 0x00000000e1e00000, 0x00000000e1e00000| Untracked 
|  31|0x00000000e1f00000, 0x00000000e1f00000, 0x00000000e2000000|  0%| F|  |TAMS 0x00000000e1f00000, 0x00000000e1f00000| Untracked 
|  32|0x00000000e2000000, 0x00000000e2000000, 0x00000000e2100000|  0%| F|  |TAMS 0x00000000e2000000, 0x00000000e2000000| Untracked 
|  33|0x00000000e2100000, 0x00000000e2100000, 0x00000000e2200000|  0%| F|  |TAMS 0x00000000e2100000, 0x00000000e2100000| Untracked 
|  34|0x00000000e2200000, 0x00000000e2200000, 0x00000000e2300000|  0%| F|  |TAMS 0x00000000e2200000, 0x00000000e2200000| Untracked 
|  35|0x00000000e2300000, 0x00000000e2300000, 0x00000000e2400000|  0%| F|  |TAMS 0x00000000e2300000, 0x00000000e2300000| Untracked 
|  36|0x00000000e2400000, 0x00000000e2400000, 0x00000000e2500000|  0%| F|  |TAMS 0x00000000e2400000, 0x00000000e2400000| Untracked 
|  37|0x00000000e2500000, 0x00000000e2500000, 0x00000000e2600000|  0%| F|  |TAMS 0x00000000e2500000, 0x00000000e2500000| Untracked 
|  38|0x00000000e2600000, 0x00000000e2600000, 0x00000000e2700000|  0%| F|  |TAMS 0x00000000e2600000, 0x00000000e2600000| Untracked 
|  39|0x00000000e2700000, 0x00000000e2700000, 0x00000000e2800000|  0%| F|  |TAMS 0x00000000e2700000, 0x00000000e2700000| Untracked 
|  40|0x00000000e2800000, 0x00000000e2800000, 0x00000000e2900000|  0%| F|  |TAMS 0x00000000e2800000, 0x00000000e2800000| Untracked 
|  41|0x00000000e2900000, 0x00000000e2900000, 0x00000000e2a00000|  0%| F|  |TAMS 0x00000000e2900000, 0x00000000e2900000| Untracked 
|  42|0x00000000e2a00000, 0x00000000e2a00000, 0x00000000e2b00000|  0%| F|  |TAMS 0x00000000e2a00000, 0x00000000e2a00000| Untracked 
|  43|0x00000000e2b00000, 0x00000000e2b00000, 0x00000000e2c00000|  0%| F|  |TAMS 0x00000000e2b00000, 0x00000000e2b00000| Untracked 
|  44|0x00000000e2c00000, 0x00000000e2c00000, 0x00000000e2d00000|  0%| F|  |TAMS 0x00000000e2c00000, 0x00000000e2c00000| Untracked 
|  45|0x00000000e2d00000, 0x00000000e2d00000, 0x00000000e2e00000|  0%| F|  |TAMS 0x00000000e2d00000, 0x00000000e2d00000| Untracked 
|  46|0x00000000e2e00000, 0x00000000e2e00000, 0x00000000e2f00000|  0%| F|  |TAMS 0x00000000e2e00000, 0x00000000e2e00000| Untracked 
|  47|0x00000000e2f00000, 0x00000000e2f00000, 0x00000000e3000000|  0%| F|  |TAMS 0x00000000e2f00000, 0x00000000e2f00000| Untracked 
|  48|0x00000000e3000000, 0x00000000e3000000, 0x00000000e3100000|  0%| F|  |TAMS 0x00000000e3000000, 0x00000000e3000000| Untracked 
|  49|0x00000000e3100000, 0x00000000e3100000, 0x00000000e3200000|  0%| F|  |TAMS 0x00000000e3100000, 0x00000000e3100000| Untracked 
|  50|0x00000000e3200000, 0x00000000e3200000, 0x00000000e3300000|  0%| F|  |TAMS 0x00000000e3200000, 0x00000000e3200000| Untracked 
|  51|0x00000000e3300000, 0x00000000e3300000, 0x00000000e3400000|  0%| F|  |TAMS 0x00000000e3300000, 0x00000000e3300000| Untracked 
|  52|0x00000000e3400000, 0x00000000e3400000, 0x00000000e3500000|  0%| F|  |TAMS 0x00000000e3400000, 0x00000000e3400000| Untracked 
|  53|0x00000000e3500000, 0x00000000e3500000, 0x00000000e3600000|  0%| F|  |TAMS 0x00000000e3500000, 0x00000000e3500000| Untracked 
|  54|0x00000000e3600000, 0x00000000e3600000, 0x00000000e3700000|  0%| F|  |TAMS 0x00000000e3600000, 0x00000000e3600000| Untracked 
|  55|0x00000000e3700000, 0x00000000e3700000, 0x00000000e3800000|  0%| F|  |TAMS 0x00000000e3700000, 0x00000000e3700000| Untracked 
|  56|0x00000000e3800000, 0x00000000e3800000, 0x00000000e3900000|  0%| F|  |TAMS 0x00000000e3800000, 0x00000000e3800000| Untracked 
|  57|0x00000000e3900000, 0x00000000e3900000, 0x00000000e3a00000|  0%| F|  |TAMS 0x00000000e3900000, 0x00000000e3900000| Untracked 
|  58|0x00000000e3a00000, 0x00000000e3a00000, 0x00000000e3b00000|  0%| F|  |TAMS 0x00000000e3a00000, 0x00000000e3a00000| Untracked 
|  59|0x00000000e3b00000, 0x00000000e3b00000, 0x00000000e3c00000|  0%| F|  |TAMS 0x00000000e3b00000, 0x00000000e3b00000| Untracked 
|  60|0x00000000e3c00000, 0x00000000e3c00000, 0x00000000e3d00000|  0%| F|  |TAMS 0x00000000e3c00000, 0x00000000e3c00000| Untracked 
|  61|0x00000000e3d00000, 0x00000000e3d00000, 0x00000000e3e00000|  0%| F|  |TAMS 0x00000000e3d00000, 0x00000000e3d00000| Untracked 
|  62|0x00000000e3e00000, 0x00000000e3e00000, 0x00000000e3f00000|  0%| F|  |TAMS 0x00000000e3e00000, 0x00000000e3e00000| Untracked 
|  63|0x00000000e3f00000, 0x00000000e3f00000, 0x00000000e4000000|  0%| F|  |TAMS 0x00000000e3f00000, 0x00000000e3f00000| Untracked 
|  64|0x00000000e4000000, 0x00000000e4000000, 0x00000000e4100000|  0%| F|  |TAMS 0x00000000e4000000, 0x00000000e4000000| Untracked 
|  65|0x00000000e4100000, 0x00000000e4100000, 0x00000000e4200000|  0%| F|  |TAMS 0x00000000e4100000, 0x00000000e4100000| Untracked 
|  66|0x00000000e4200000, 0x00000000e4200000, 0x00000000e4300000|  0%| F|  |TAMS 0x00000000e4200000, 0x00000000e4200000| Untracked 
|  67|0x00000000e4300000, 0x00000000e4300000, 0x00000000e4400000|  0%| F|  |TAMS 0x00000000e4300000, 0x00000000e4300000| Untracked 
|  68|0x00000000e4400000, 0x00000000e4400000, 0x00000000e4500000|  0%| F|  |TAMS 0x00000000e4400000, 0x00000000e4400000| Untracked 
|  69|0x00000000e4500000, 0x00000000e4500000, 0x00000000e4600000|  0%| F|  |TAMS 0x00000000e4500000, 0x00000000e4500000| Untracked 
|  70|0x00000000e4600000, 0x00000000e4600000, 0x00000000e4700000|  0%| F|  |TAMS 0x00000000e4600000, 0x00000000e4600000| Untracked 
|  71|0x00000000e4700000, 0x00000000e4700000, 0x00000000e4800000|  0%| F|  |TAMS 0x00000000e4700000, 0x00000000e4700000| Untracked 
|  72|0x00000000e4800000, 0x00000000e4800000, 0x00000000e4900000|  0%| F|  |TAMS 0x00000000e4800000, 0x00000000e4800000| Untracked 
|  73|0x00000000e4900000, 0x00000000e4900000, 0x00000000e4a00000|  0%| F|  |TAMS 0x00000000e4900000, 0x00000000e4900000| Untracked 
|  74|0x00000000e4a00000, 0x00000000e4a00000, 0x00000000e4b00000|  0%| F|  |TAMS 0x00000000e4a00000, 0x00000000e4a00000| Untracked 
|  75|0x00000000e4b00000, 0x00000000e4b00000, 0x00000000e4c00000|  0%| F|  |TAMS 0x00000000e4b00000, 0x00000000e4b00000| Untracked 
|  76|0x00000000e4c00000, 0x00000000e4c00000, 0x00000000e4d00000|  0%| F|  |TAMS 0x00000000e4c00000, 0x00000000e4c00000| Untracked 
|  77|0x00000000e4d00000, 0x00000000e4d00000, 0x00000000e4e00000|  0%| F|  |TAMS 0x00000000e4d00000, 0x00000000e4d00000| Untracked 
|  78|0x00000000e4e00000, 0x00000000e4e00000, 0x00000000e4f00000|  0%| F|  |TAMS 0x00000000e4e00000, 0x00000000e4e00000| Untracked 
|  79|0x00000000e4f00000, 0x00000000e4f00000, 0x00000000e5000000|  0%| F|  |TAMS 0x00000000e4f00000, 0x00000000e4f00000| Untracked 
|  80|0x00000000e5000000, 0x00000000e5000000, 0x00000000e5100000|  0%| F|  |TAMS 0x00000000e5000000, 0x00000000e5000000| Untracked 
|  81|0x00000000e5100000, 0x00000000e5100000, 0x00000000e5200000|  0%| F|  |TAMS 0x00000000e5100000, 0x00000000e5100000| Untracked 
|  82|0x00000000e5200000, 0x00000000e5200000, 0x00000000e5300000|  0%| F|  |TAMS 0x00000000e5200000, 0x00000000e5200000| Untracked 
|  83|0x00000000e5300000, 0x00000000e5300000, 0x00000000e5400000|  0%| F|  |TAMS 0x00000000e5300000, 0x00000000e5300000| Untracked 
|  84|0x00000000e5400000, 0x00000000e5400000, 0x00000000e5500000|  0%| F|  |TAMS 0x00000000e5400000, 0x00000000e5400000| Untracked 
|  85|0x00000000e5500000, 0x00000000e5500000, 0x00000000e5600000|  0%| F|  |TAMS 0x00000000e5500000, 0x00000000e5500000| Untracked 
|  86|0x00000000e5600000, 0x00000000e5600000, 0x00000000e5700000|  0%| F|  |TAMS 0x00000000e5600000, 0x00000000e5600000| Untracked 
|  87|0x00000000e5700000, 0x00000000e5700000, 0x00000000e5800000|  0%| F|  |TAMS 0x00000000e5700000, 0x00000000e5700000| Untracked 
|  88|0x00000000e5800000, 0x00000000e5800000, 0x00000000e5900000|  0%| F|  |TAMS 0x00000000e5800000, 0x00000000e5800000| Untracked 
|  89|0x00000000e5900000, 0x00000000e5900000, 0x00000000e5a00000|  0%| F|  |TAMS 0x00000000e5900000, 0x00000000e5900000| Untracked 
|  90|0x00000000e5a00000, 0x00000000e5a00000, 0x00000000e5b00000|  0%| F|  |TAMS 0x00000000e5a00000, 0x00000000e5a00000| Untracked 
|  91|0x00000000e5b00000, 0x00000000e5b00000, 0x00000000e5c00000|  0%| F|  |TAMS 0x00000000e5b00000, 0x00000000e5b00000| Untracked 
|  92|0x00000000e5c00000, 0x00000000e5c00000, 0x00000000e5d00000|  0%| F|  |TAMS 0x00000000e5c00000, 0x00000000e5c00000| Untracked 
|  93|0x00000000e5d00000, 0x00000000e5d00000, 0x00000000e5e00000|  0%| F|  |TAMS 0x00000000e5d00000, 0x00000000e5d00000| Untracked 
|  94|0x00000000e5e00000, 0x00000000e5e00000, 0x00000000e5f00000|  0%| F|  |TAMS 0x00000000e5e00000, 0x00000000e5e00000| Untracked 
|  95|0x00000000e5f00000, 0x00000000e5f00000, 0x00000000e6000000|  0%| F|  |TAMS 0x00000000e5f00000, 0x00000000e5f00000| Untracked 
|  96|0x00000000e6000000, 0x00000000e6000000, 0x00000000e6100000|  0%| F|  |TAMS 0x00000000e6000000, 0x00000000e6000000| Untracked 
|  97|0x00000000e6100000, 0x00000000e6100000, 0x00000000e6200000|  0%| F|  |TAMS 0x00000000e6100000, 0x00000000e6100000| Untracked 
|  98|0x00000000e6200000, 0x00000000e6200000, 0x00000000e6300000|  0%| F|  |TAMS 0x00000000e6200000, 0x00000000e6200000| Untracked 
|  99|0x00000000e6300000, 0x00000000e6300000, 0x00000000e6400000|  0%| F|  |TAMS 0x00000000e6300000, 0x00000000e6300000| Untracked 
| 100|0x00000000e6400000, 0x00000000e6400000, 0x00000000e6500000|  0%| F|  |TAMS 0x00000000e6400000, 0x00000000e6400000| Untracked 
| 101|0x00000000e6500000, 0x00000000e6500000, 0x00000000e6600000|  0%| F|  |TAMS 0x00000000e6500000, 0x00000000e6500000| Untracked 
| 102|0x00000000e6600000, 0x00000000e6600000, 0x00000000e6700000|  0%| F|  |TAMS 0x00000000e6600000, 0x00000000e6600000| Untracked 
| 103|0x00000000e6700000, 0x00000000e6700000, 0x00000000e6800000|  0%| F|  |TAMS 0x00000000e6700000, 0x00000000e6700000| Untracked 
| 104|0x00000000e6800000, 0x00000000e6800000, 0x00000000e6900000|  0%| F|  |TAMS 0x00000000e6800000, 0x00000000e6800000| Untracked 
| 105|0x00000000e6900000, 0x00000000e6900000, 0x00000000e6a00000|  0%| F|  |TAMS 0x00000000e6900000, 0x00000000e6900000| Untracked 
| 106|0x00000000e6a00000, 0x00000000e6a00000, 0x00000000e6b00000|  0%| F|  |TAMS 0x00000000e6a00000, 0x00000000e6a00000| Untracked 
| 107|0x00000000e6b00000, 0x00000000e6b00000, 0x00000000e6c00000|  0%| F|  |TAMS 0x00000000e6b00000, 0x00000000e6b00000| Untracked 
| 108|0x00000000e6c00000, 0x00000000e6c00000, 0x00000000e6d00000|  0%| F|  |TAMS 0x00000000e6c00000, 0x00000000e6c00000| Untracked 
| 109|0x00000000e6d00000, 0x00000000e6d00000, 0x00000000e6e00000|  0%| F|  |TAMS 0x00000000e6d00000, 0x00000000e6d00000| Untracked 
| 110|0x00000000e6e00000, 0x00000000e6e00000, 0x00000000e6f00000|  0%| F|  |TAMS 0x00000000e6e00000, 0x00000000e6e00000| Untracked 
| 111|0x00000000e6f00000, 0x00000000e6f00000, 0x00000000e7000000|  0%| F|  |TAMS 0x00000000e6f00000, 0x00000000e6f00000| Untracked 
| 112|0x00000000e7000000, 0x00000000e7000000, 0x00000000e7100000|  0%| F|  |TAMS 0x00000000e7000000, 0x00000000e7000000| Untracked 
| 113|0x00000000e7100000, 0x00000000e7100000, 0x00000000e7200000|  0%| F|  |TAMS 0x00000000e7100000, 0x00000000e7100000| Untracked 
| 114|0x00000000e7200000, 0x00000000e7200000, 0x00000000e7300000|  0%| F|  |TAMS 0x00000000e7200000, 0x00000000e7200000| Untracked 
| 115|0x00000000e7300000, 0x00000000e7300000, 0x00000000e7400000|  0%| F|  |TAMS 0x00000000e7300000, 0x00000000e7300000| Untracked 
| 116|0x00000000e7400000, 0x00000000e7400000, 0x00000000e7500000|  0%| F|  |TAMS 0x00000000e7400000, 0x00000000e7400000| Untracked 
| 117|0x00000000e7500000, 0x00000000e7500000, 0x00000000e7600000|  0%| F|  |TAMS 0x00000000e7500000, 0x00000000e7500000| Untracked 
| 118|0x00000000e7600000, 0x00000000e7600000, 0x00000000e7700000|  0%| F|  |TAMS 0x00000000e7600000, 0x00000000e7600000| Untracked 
| 119|0x00000000e7700000, 0x00000000e7700000, 0x00000000e7800000|  0%| F|  |TAMS 0x00000000e7700000, 0x00000000e7700000| Untracked 
| 120|0x00000000e7800000, 0x00000000e7800000, 0x00000000e7900000|  0%| F|  |TAMS 0x00000000e7800000, 0x00000000e7800000| Untracked 
| 121|0x00000000e7900000, 0x00000000e7900000, 0x00000000e7a00000|  0%| F|  |TAMS 0x00000000e7900000, 0x00000000e7900000| Untracked 
| 122|0x00000000e7a00000, 0x00000000e7a00000, 0x00000000e7b00000|  0%| F|  |TAMS 0x00000000e7a00000, 0x00000000e7a00000| Untracked 
| 123|0x00000000e7b00000, 0x00000000e7b00000, 0x00000000e7c00000|  0%| F|  |TAMS 0x00000000e7b00000, 0x00000000e7b00000| Untracked 
| 124|0x00000000e7c00000, 0x00000000e7c00000, 0x00000000e7d00000|  0%| F|  |TAMS 0x00000000e7c00000, 0x00000000e7c00000| Untracked 
| 125|0x00000000e7d00000, 0x00000000e7d00000, 0x00000000e7e00000|  0%| F|  |TAMS 0x00000000e7d00000, 0x00000000e7d00000| Untracked 
| 126|0x00000000e7e00000, 0x00000000e7e00000, 0x00000000e7f00000|  0%| F|  |TAMS 0x00000000e7e00000, 0x00000000e7e00000| Untracked 
| 127|0x00000000e7f00000, 0x00000000e7f00000, 0x00000000e8000000|  0%| F|  |TAMS 0x00000000e7f00000, 0x00000000e7f00000| Untracked 
| 128|0x00000000e8000000, 0x00000000e8000000, 0x00000000e8100000|  0%| F|  |TAMS 0x00000000e8000000, 0x00000000e8000000| Untracked 
| 129|0x00000000e8100000, 0x00000000e8100000, 0x00000000e8200000|  0%| F|  |TAMS 0x00000000e8100000, 0x00000000e8100000| Untracked 
| 130|0x00000000e8200000, 0x00000000e8200000, 0x00000000e8300000|  0%| F|  |TAMS 0x00000000e8200000, 0x00000000e8200000| Untracked 
| 131|0x00000000e8300000, 0x00000000e8300000, 0x00000000e8400000|  0%| F|  |TAMS 0x00000000e8300000, 0x00000000e8300000| Untracked 
| 132|0x00000000e8400000, 0x00000000e8400000, 0x00000000e8500000|  0%| F|  |TAMS 0x00000000e8400000, 0x00000000e8400000| Untracked 
| 133|0x00000000e8500000, 0x00000000e8500000, 0x00000000e8600000|  0%| F|  |TAMS 0x00000000e8500000, 0x00000000e8500000| Untracked 
| 134|0x00000000e8600000, 0x00000000e8600000, 0x00000000e8700000|  0%| F|  |TAMS 0x00000000e8600000, 0x00000000e8600000| Untracked 
| 135|0x00000000e8700000, 0x00000000e8700000, 0x00000000e8800000|  0%| F|  |TAMS 0x00000000e8700000, 0x00000000e8700000| Untracked 
| 136|0x00000000e8800000, 0x00000000e8800000, 0x00000000e8900000|  0%| F|  |TAMS 0x00000000e8800000, 0x00000000e8800000| Untracked 
| 137|0x00000000e8900000, 0x00000000e8900000, 0x00000000e8a00000|  0%| F|  |TAMS 0x00000000e8900000, 0x00000000e8900000| Untracked 
| 138|0x00000000e8a00000, 0x00000000e8a00000, 0x00000000e8b00000|  0%| F|  |TAMS 0x00000000e8a00000, 0x00000000e8a00000| Untracked 
| 139|0x00000000e8b00000, 0x00000000e8b00000, 0x00000000e8c00000|  0%| F|  |TAMS 0x00000000e8b00000, 0x00000000e8b00000| Untracked 
| 140|0x00000000e8c00000, 0x00000000e8c00000, 0x00000000e8d00000|  0%| F|  |TAMS 0x00000000e8c00000, 0x00000000e8c00000| Untracked 
| 141|0x00000000e8d00000, 0x00000000e8d00000, 0x00000000e8e00000|  0%| F|  |TAMS 0x00000000e8d00000, 0x00000000e8d00000| Untracked 
| 142|0x00000000e8e00000, 0x00000000e8e00000, 0x00000000e8f00000|  0%| F|  |TAMS 0x00000000e8e00000, 0x00000000e8e00000| Untracked 
| 143|0x00000000e8f00000, 0x00000000e8f00000, 0x00000000e9000000|  0%| F|  |TAMS 0x00000000e8f00000, 0x00000000e8f00000| Untracked 
| 144|0x00000000e9000000, 0x00000000e9000000, 0x00000000e9100000|  0%| F|  |TAMS 0x00000000e9000000, 0x00000000e9000000| Untracked 
| 145|0x00000000e9100000, 0x00000000e9100000, 0x00000000e9200000|  0%| F|  |TAMS 0x00000000e9100000, 0x00000000e9100000| Untracked 
| 146|0x00000000e9200000, 0x00000000e9200000, 0x00000000e9300000|  0%| F|  |TAMS 0x00000000e9200000, 0x00000000e9200000| Untracked 
| 147|0x00000000e9300000, 0x00000000e9300000, 0x00000000e9400000|  0%| F|  |TAMS 0x00000000e9300000, 0x00000000e9300000| Untracked 
| 148|0x00000000e9400000, 0x00000000e9400000, 0x00000000e9500000|  0%| F|  |TAMS 0x00000000e9400000, 0x00000000e9400000| Untracked 
| 149|0x00000000e9500000, 0x00000000e9500000, 0x00000000e9600000|  0%| F|  |TAMS 0x00000000e9500000, 0x00000000e9500000| Untracked 
| 150|0x00000000e9600000, 0x00000000e9600000, 0x00000000e9700000|  0%| F|  |TAMS 0x00000000e9600000, 0x00000000e9600000| Untracked 
| 151|0x00000000e9700000, 0x00000000e9700000, 0x00000000e9800000|  0%| F|  |TAMS 0x00000000e9700000, 0x00000000e9700000| Untracked 
| 152|0x00000000e9800000, 0x00000000e9800000, 0x00000000e9900000|  0%| F|  |TAMS 0x00000000e9800000, 0x00000000e9800000| Untracked 
| 153|0x00000000e9900000, 0x00000000e9900000, 0x00000000e9a00000|  0%| F|  |TAMS 0x00000000e9900000, 0x00000000e9900000| Untracked 
| 154|0x00000000e9a00000, 0x00000000e9a00000, 0x00000000e9b00000|  0%| F|  |TAMS 0x00000000e9a00000, 0x00000000e9a00000| Untracked 
| 155|0x00000000e9b00000, 0x00000000e9b00000, 0x00000000e9c00000|  0%| F|  |TAMS 0x00000000e9b00000, 0x00000000e9b00000| Untracked 
| 156|0x00000000e9c00000, 0x00000000e9c00000, 0x00000000e9d00000|  0%| F|  |TAMS 0x00000000e9c00000, 0x00000000e9c00000| Untracked 
| 157|0x00000000e9d00000, 0x00000000e9d00000, 0x00000000e9e00000|  0%| F|  |TAMS 0x00000000e9d00000, 0x00000000e9d00000| Untracked 
| 158|0x00000000e9e00000, 0x00000000e9e00000, 0x00000000e9f00000|  0%| F|  |TAMS 0x00000000e9e00000, 0x00000000e9e00000| Untracked 
| 159|0x00000000e9f00000, 0x00000000e9f00000, 0x00000000ea000000|  0%| F|  |TAMS 0x00000000e9f00000, 0x00000000e9f00000| Untracked 
| 160|0x00000000ea000000, 0x00000000ea000000, 0x00000000ea100000|  0%| F|  |TAMS 0x00000000ea000000, 0x00000000ea000000| Untracked 
| 161|0x00000000ea100000, 0x00000000ea100000, 0x00000000ea200000|  0%| F|  |TAMS 0x00000000ea100000, 0x00000000ea100000| Untracked 
| 162|0x00000000ea200000, 0x00000000ea200000, 0x00000000ea300000|  0%| F|  |TAMS 0x00000000ea200000, 0x00000000ea200000| Untracked 
| 163|0x00000000ea300000, 0x00000000ea300000, 0x00000000ea400000|  0%| F|  |TAMS 0x00000000ea300000, 0x00000000ea300000| Untracked 
| 164|0x00000000ea400000, 0x00000000ea400000, 0x00000000ea500000|  0%| F|  |TAMS 0x00000000ea400000, 0x00000000ea400000| Untracked 
| 165|0x00000000ea500000, 0x00000000ea500000, 0x00000000ea600000|  0%| F|  |TAMS 0x00000000ea500000, 0x00000000ea500000| Untracked 
| 166|0x00000000ea600000, 0x00000000ea600000, 0x00000000ea700000|  0%| F|  |TAMS 0x00000000ea600000, 0x00000000ea600000| Untracked 
| 167|0x00000000ea700000, 0x00000000ea700000, 0x00000000ea800000|  0%| F|  |TAMS 0x00000000ea700000, 0x00000000ea700000| Untracked 
| 168|0x00000000ea800000, 0x00000000ea800000, 0x00000000ea900000|  0%| F|  |TAMS 0x00000000ea800000, 0x00000000ea800000| Untracked 
| 169|0x00000000ea900000, 0x00000000ea900000, 0x00000000eaa00000|  0%| F|  |TAMS 0x00000000ea900000, 0x00000000ea900000| Untracked 
| 170|0x00000000eaa00000, 0x00000000eaa00000, 0x00000000eab00000|  0%| F|  |TAMS 0x00000000eaa00000, 0x00000000eaa00000| Untracked 
| 171|0x00000000eab00000, 0x00000000eab00000, 0x00000000eac00000|  0%| F|  |TAMS 0x00000000eab00000, 0x00000000eab00000| Untracked 
| 172|0x00000000eac00000, 0x00000000eac00000, 0x00000000ead00000|  0%| F|  |TAMS 0x00000000eac00000, 0x00000000eac00000| Untracked 
| 173|0x00000000ead00000, 0x00000000ead00000, 0x00000000eae00000|  0%| F|  |TAMS 0x00000000ead00000, 0x00000000ead00000| Untracked 
| 174|0x00000000eae00000, 0x00000000eae00000, 0x00000000eaf00000|  0%| F|  |TAMS 0x00000000eae00000, 0x00000000eae00000| Untracked 
| 175|0x00000000eaf00000, 0x00000000eaf00000, 0x00000000eb000000|  0%| F|  |TAMS 0x00000000eaf00000, 0x00000000eaf00000| Untracked 
| 176|0x00000000eb000000, 0x00000000eb000000, 0x00000000eb100000|  0%| F|  |TAMS 0x00000000eb000000, 0x00000000eb000000| Untracked 
| 177|0x00000000eb100000, 0x00000000eb100000, 0x00000000eb200000|  0%| F|  |TAMS 0x00000000eb100000, 0x00000000eb100000| Untracked 
| 178|0x00000000eb200000, 0x00000000eb200000, 0x00000000eb300000|  0%| F|  |TAMS 0x00000000eb200000, 0x00000000eb200000| Untracked 
| 179|0x00000000eb300000, 0x00000000eb300000, 0x00000000eb400000|  0%| F|  |TAMS 0x00000000eb300000, 0x00000000eb300000| Untracked 
| 180|0x00000000eb400000, 0x00000000eb400000, 0x00000000eb500000|  0%| F|  |TAMS 0x00000000eb400000, 0x00000000eb400000| Untracked 
| 181|0x00000000eb500000, 0x00000000eb500000, 0x00000000eb600000|  0%| F|  |TAMS 0x00000000eb500000, 0x00000000eb500000| Untracked 
| 182|0x00000000eb600000, 0x00000000eb600000, 0x00000000eb700000|  0%| F|  |TAMS 0x00000000eb600000, 0x00000000eb600000| Untracked 
| 183|0x00000000eb700000, 0x00000000eb700000, 0x00000000eb800000|  0%| F|  |TAMS 0x00000000eb700000, 0x00000000eb700000| Untracked 
| 184|0x00000000eb800000, 0x00000000eb800000, 0x00000000eb900000|  0%| F|  |TAMS 0x00000000eb800000, 0x00000000eb800000| Untracked 
| 185|0x00000000eb900000, 0x00000000eb900000, 0x00000000eba00000|  0%| F|  |TAMS 0x00000000eb900000, 0x00000000eb900000| Untracked 
| 186|0x00000000eba00000, 0x00000000eba00000, 0x00000000ebb00000|  0%| F|  |TAMS 0x00000000eba00000, 0x00000000eba00000| Untracked 
| 187|0x00000000ebb00000, 0x00000000ebb00000, 0x00000000ebc00000|  0%| F|  |TAMS 0x00000000ebb00000, 0x00000000ebb00000| Untracked 
| 188|0x00000000ebc00000, 0x00000000ebc00000, 0x00000000ebd00000|  0%| F|  |TAMS 0x00000000ebc00000, 0x00000000ebc00000| Untracked 
| 189|0x00000000ebd00000, 0x00000000ebd00000, 0x00000000ebe00000|  0%| F|  |TAMS 0x00000000ebd00000, 0x00000000ebd00000| Untracked 
| 190|0x00000000ebe00000, 0x00000000ebe00000, 0x00000000ebf00000|  0%| F|  |TAMS 0x00000000ebe00000, 0x00000000ebe00000| Untracked 
| 191|0x00000000ebf00000, 0x00000000ebf00000, 0x00000000ec000000|  0%| F|  |TAMS 0x00000000ebf00000, 0x00000000ebf00000| Untracked 
| 192|0x00000000ec000000, 0x00000000ec000000, 0x00000000ec100000|  0%| F|  |TAMS 0x00000000ec000000, 0x00000000ec000000| Untracked 
| 193|0x00000000ec100000, 0x00000000ec100000, 0x00000000ec200000|  0%| F|  |TAMS 0x00000000ec100000, 0x00000000ec100000| Untracked 
| 194|0x00000000ec200000, 0x00000000ec200000, 0x00000000ec300000|  0%| F|  |TAMS 0x00000000ec200000, 0x00000000ec200000| Untracked 
| 195|0x00000000ec300000, 0x00000000ec300000, 0x00000000ec400000|  0%| F|  |TAMS 0x00000000ec300000, 0x00000000ec300000| Untracked 
| 196|0x00000000ec400000, 0x00000000ec400000, 0x00000000ec500000|  0%| F|  |TAMS 0x00000000ec400000, 0x00000000ec400000| Untracked 
| 197|0x00000000ec500000, 0x00000000ec500000, 0x00000000ec600000|  0%| F|  |TAMS 0x00000000ec500000, 0x00000000ec500000| Untracked 
| 198|0x00000000ec600000, 0x00000000ec600000, 0x00000000ec700000|  0%| F|  |TAMS 0x00000000ec600000, 0x00000000ec600000| Untracked 
| 199|0x00000000ec700000, 0x00000000ec700000, 0x00000000ec800000|  0%| F|  |TAMS 0x00000000ec700000, 0x00000000ec700000| Untracked 
| 200|0x00000000ec800000, 0x00000000ec800000, 0x00000000ec900000|  0%| F|  |TAMS 0x00000000ec800000, 0x00000000ec800000| Untracked 
| 201|0x00000000ec900000, 0x00000000ec900000, 0x00000000eca00000|  0%| F|  |TAMS 0x00000000ec900000, 0x00000000ec900000| Untracked 
| 202|0x00000000eca00000, 0x00000000eca00000, 0x00000000ecb00000|  0%| F|  |TAMS 0x00000000eca00000, 0x00000000eca00000| Untracked 
| 203|0x00000000ecb00000, 0x00000000ecb00000, 0x00000000ecc00000|  0%| F|  |TAMS 0x00000000ecb00000, 0x00000000ecb00000| Untracked 
| 204|0x00000000ecc00000, 0x00000000ecc00000, 0x00000000ecd00000|  0%| F|  |TAMS 0x00000000ecc00000, 0x00000000ecc00000| Untracked 
| 205|0x00000000ecd00000, 0x00000000ecd00000, 0x00000000ece00000|  0%| F|  |TAMS 0x00000000ecd00000, 0x00000000ecd00000| Untracked 
| 206|0x00000000ece00000, 0x00000000ece00000, 0x00000000ecf00000|  0%| F|  |TAMS 0x00000000ece00000, 0x00000000ece00000| Untracked 
| 207|0x00000000ecf00000, 0x00000000ecf00000, 0x00000000ed000000|  0%| F|  |TAMS 0x00000000ecf00000, 0x00000000ecf00000| Untracked 
| 208|0x00000000ed000000, 0x00000000ed000000, 0x00000000ed100000|  0%| F|  |TAMS 0x00000000ed000000, 0x00000000ed000000| Untracked 
| 209|0x00000000ed100000, 0x00000000ed100000, 0x00000000ed200000|  0%| F|  |TAMS 0x00000000ed100000, 0x00000000ed100000| Untracked 
| 210|0x00000000ed200000, 0x00000000ed200000, 0x00000000ed300000|  0%| F|  |TAMS 0x00000000ed200000, 0x00000000ed200000| Untracked 
| 211|0x00000000ed300000, 0x00000000ed300000, 0x00000000ed400000|  0%| F|  |TAMS 0x00000000ed300000, 0x00000000ed300000| Untracked 
| 212|0x00000000ed400000, 0x00000000ed400000, 0x00000000ed500000|  0%| F|  |TAMS 0x00000000ed400000, 0x00000000ed400000| Untracked 
| 213|0x00000000ed500000, 0x00000000ed500000, 0x00000000ed600000|  0%| F|  |TAMS 0x00000000ed500000, 0x00000000ed500000| Untracked 
| 214|0x00000000ed600000, 0x00000000ed600000, 0x00000000ed700000|  0%| F|  |TAMS 0x00000000ed600000, 0x00000000ed600000| Untracked 
| 215|0x00000000ed700000, 0x00000000ed700000, 0x00000000ed800000|  0%| F|  |TAMS 0x00000000ed700000, 0x00000000ed700000| Untracked 
| 216|0x00000000ed800000, 0x00000000ed800000, 0x00000000ed900000|  0%| F|  |TAMS 0x00000000ed800000, 0x00000000ed800000| Untracked 
| 217|0x00000000ed900000, 0x00000000ed900000, 0x00000000eda00000|  0%| F|  |TAMS 0x00000000ed900000, 0x00000000ed900000| Untracked 
| 218|0x00000000eda00000, 0x00000000eda00000, 0x00000000edb00000|  0%| F|  |TAMS 0x00000000eda00000, 0x00000000eda00000| Untracked 
| 219|0x00000000edb00000, 0x00000000edb00000, 0x00000000edc00000|  0%| F|  |TAMS 0x00000000edb00000, 0x00000000edb00000| Untracked 
| 220|0x00000000edc00000, 0x00000000edc00000, 0x00000000edd00000|  0%| F|  |TAMS 0x00000000edc00000, 0x00000000edc00000| Untracked 
| 221|0x00000000edd00000, 0x00000000edd00000, 0x00000000ede00000|  0%| F|  |TAMS 0x00000000edd00000, 0x00000000edd00000| Untracked 
| 222|0x00000000ede00000, 0x00000000ede00000, 0x00000000edf00000|  0%| F|  |TAMS 0x00000000ede00000, 0x00000000ede00000| Untracked 
| 223|0x00000000edf00000, 0x00000000edf00000, 0x00000000ee000000|  0%| F|  |TAMS 0x00000000edf00000, 0x00000000edf00000| Untracked 
| 224|0x00000000ee000000, 0x00000000ee000000, 0x00000000ee100000|  0%| F|  |TAMS 0x00000000ee000000, 0x00000000ee000000| Untracked 
| 225|0x00000000ee100000, 0x00000000ee100000, 0x00000000ee200000|  0%| F|  |TAMS 0x00000000ee100000, 0x00000000ee100000| Untracked 
| 226|0x00000000ee200000, 0x00000000ee200000, 0x00000000ee300000|  0%| F|  |TAMS 0x00000000ee200000, 0x00000000ee200000| Untracked 
| 227|0x00000000ee300000, 0x00000000ee300000, 0x00000000ee400000|  0%| F|  |TAMS 0x00000000ee300000, 0x00000000ee300000| Untracked 
| 228|0x00000000ee400000, 0x00000000ee400000, 0x00000000ee500000|  0%| F|  |TAMS 0x00000000ee400000, 0x00000000ee400000| Untracked 
| 229|0x00000000ee500000, 0x00000000ee500000, 0x00000000ee600000|  0%| F|  |TAMS 0x00000000ee500000, 0x00000000ee500000| Untracked 
| 230|0x00000000ee600000, 0x00000000ee600000, 0x00000000ee700000|  0%| F|  |TAMS 0x00000000ee600000, 0x00000000ee600000| Untracked 
| 231|0x00000000ee700000, 0x00000000ee700000, 0x00000000ee800000|  0%| F|  |TAMS 0x00000000ee700000, 0x00000000ee700000| Untracked 
| 232|0x00000000ee800000, 0x00000000ee800000, 0x00000000ee900000|  0%| F|  |TAMS 0x00000000ee800000, 0x00000000ee800000| Untracked 
| 233|0x00000000ee900000, 0x00000000ee900000, 0x00000000eea00000|  0%| F|  |TAMS 0x00000000ee900000, 0x00000000ee900000| Untracked 
| 234|0x00000000eea00000, 0x00000000eea00000, 0x00000000eeb00000|  0%| F|  |TAMS 0x00000000eea00000, 0x00000000eea00000| Untracked 
| 235|0x00000000eeb00000, 0x00000000eebeb8b0, 0x00000000eec00000| 92%| E|  |TAMS 0x00000000eeb00000, 0x00000000eeb00000| Complete 
| 236|0x00000000eec00000, 0x00000000eed00000, 0x00000000eed00000|100%| E|CS|TAMS 0x00000000eec00000, 0x00000000eec00000| Complete 
| 237|0x00000000eed00000, 0x00000000eee00000, 0x00000000eee00000|100%| E|CS|TAMS 0x00000000eed00000, 0x00000000eed00000| Complete 
| 238|0x00000000eee00000, 0x00000000eef00000, 0x00000000eef00000|100%| E|CS|TAMS 0x00000000eee00000, 0x00000000eee00000| Complete 
| 239|0x00000000eef00000, 0x00000000ef000000, 0x00000000ef000000|100%| E|CS|TAMS 0x00000000eef00000, 0x00000000eef00000| Complete 
| 240|0x00000000ef000000, 0x00000000ef100000, 0x00000000ef100000|100%| E|CS|TAMS 0x00000000ef000000, 0x00000000ef000000| Complete 
| 241|0x00000000ef100000, 0x00000000ef200000, 0x00000000ef200000|100%| E|CS|TAMS 0x00000000ef100000, 0x00000000ef100000| Complete 
| 242|0x00000000ef200000, 0x00000000ef300000, 0x00000000ef300000|100%| E|CS|TAMS 0x00000000ef200000, 0x00000000ef200000| Complete 
| 243|0x00000000ef300000, 0x00000000ef400000, 0x00000000ef400000|100%| E|CS|TAMS 0x00000000ef300000, 0x00000000ef300000| Complete 
| 244|0x00000000ef400000, 0x00000000ef500000, 0x00000000ef500000|100%| E|CS|TAMS 0x00000000ef400000, 0x00000000ef400000| Complete 
| 245|0x00000000ef500000, 0x00000000ef600000, 0x00000000ef600000|100%| E|CS|TAMS 0x00000000ef500000, 0x00000000ef500000| Complete 
| 510|0x00000000ffe00000, 0x00000000ffe75000, 0x00000000fff00000| 45%|OA|  |TAMS 0x00000000ffe00000, 0x00000000ffe00000| Untracked 
| 511|0x00000000fff00000, 0x00000000fff78000, 0x0000000100000000| 46%|CA|  |TAMS 0x00000000fff00000, 0x00000000fff00000| Untracked 

Card table byte_map: [0x000071c1eab22000,0x000071c1eac22000] _byte_map_base: 0x000071c1ea422000

Marking Bits (Prev, Next): (CMBitMap*) 0x000071c1e405c960, (CMBitMap*) 0x000071c1e405c9a0
 Prev Bits: [0x000071c1ea200000, 0x000071c1eaa00000)
 Next Bits: [0x000071c1e9a00000, 0x000071c1ea200000)

Polling page: 0x000071c1ecfb5000

Metaspace:

Usage:
  Non-class:      2.95 MB used.
      Class:    426.77 KB used.
       Both:      3.37 MB used.

Virtual space:
  Non-class space:       64.00 MB reserved,       3.06 MB (  5%) committed,  1 nodes.
      Class space:        1.00 GB reserved,     512.00 KB ( <1%) committed,  1 nodes.
             Both:        1.06 GB reserved,       3.56 MB ( <1%) committed. 

Chunk freelists:
   Non-Class:  11.14 MB
       Class:  15.53 MB
        Both:  26.67 MB

MaxMetaspaceSize: unlimited
CompressedClassSpaceSize: 1.00 GB
Initial GC threshold: 21.00 MB
Current GC threshold: 21.00 MB
CDS: on
MetaspaceReclaimPolicy: balanced
 - commit_granule_bytes: 65536.
 - commit_granule_words: 8192.
 - virtual_space_node_default_size: 8388608.
 - enlarge_chunks_in_place: 1.
 - new_chunks_are_fully_committed: 0.
 - uncommit_free_chunks: 1.
 - use_allocation_guard: 0.
 - handle_deallocations: 1.


Internal statistics:

num_allocs_failed_limit: 0.
num_arena_births: 70.
num_arena_deaths: 0.
num_vsnodes_births: 2.
num_vsnodes_deaths: 0.
num_space_committed: 57.
num_space_uncommitted: 0.
num_chunks_returned_to_freelist: 0.
num_chunks_taken_from_freelist: 142.
num_chunk_merges: 0.
num_chunk_splits: 86.
num_chunks_enlarged: 52.
num_inconsistent_stats: 0.

CodeHeap 'non-profiled nmethods': size=120028Kb used=194Kb max_used=194Kb free=119833Kb
 bounds [0x000071c1d4cc9000, 0x000071c1d4f39000, 0x000071c1dc200000]
CodeHeap 'profiled nmethods': size=120028Kb used=1078Kb max_used=1078Kb free=118949Kb
 bounds [0x000071c1cd200000, 0x000071c1cd470000, 0x000071c1d4737000]
CodeHeap 'non-nmethods': size=5704Kb used=1132Kb max_used=1147Kb free=4571Kb
 bounds [0x000071c1d4737000, 0x000071c1d49a7000, 0x000071c1d4cc9000]
 total_blobs=1047 nmethods=639 adapters=322
 compilation: enabled
              stopped_count=0, restarted_count=0
 full_count=0

Compilation events (20 events):
Event: 0.799 Thread 0x000071c1e4160aa0 nmethod 632 0x000071c1cd309590 code [0x000071c1cd309780, 0x000071c1cd309ce0]
Event: 0.799 Thread 0x000071c1e4160aa0  636  s    3       java.io.BufferedInputStream::read (113 bytes)
Event: 0.800 Thread 0x000071c1e4160aa0 nmethod 636 0x000071c1cd309f10 code [0x000071c1cd30a140, 0x000071c1cd30a9f0]
Event: 0.800 Thread 0x000071c1e4160aa0  633       3       java.io.DataInputStream::readUnsignedShort (38 bytes)
Event: 0.800 Thread 0x000071c1e4160aa0 nmethod 633 0x000071c1cd30ac90 code [0x000071c1cd30ae60, 0x000071c1cd30b220]
Event: 0.800 Thread 0x000071c1e4160aa0  635       3       java.io.BufferedInputStream::read1 (108 bytes)
Event: 0.801 Thread 0x000071c1e4160aa0 nmethod 635 0x000071c1cd30b390 code [0x000071c1cd30b5e0, 0x000071c1cd30bed0]
Event: 0.801 Thread 0x000071c1e4160aa0  637       3       java.io.DataInputStream::readShort (6 bytes)
Event: 0.801 Thread 0x000071c1e4160aa0 nmethod 637 0x000071c1cd30c210 code [0x000071c1cd30c3c0, 0x000071c1cd30c500]
Event: 0.801 Thread 0x000071c1e4160aa0  628       3       java.lang.String::<init> (14 bytes)
Event: 0.801 Thread 0x000071c1e4160aa0 nmethod 628 0x000071c1cd30c590 code [0x000071c1cd30c760, 0x000071c1cd30c970]
Event: 0.801 Thread 0x000071c1e4160aa0  629       3       java.lang.String::rangeCheck (9 bytes)
Event: 0.802 Thread 0x000071c1e4160aa0 nmethod 629 0x000071c1cd30ca90 code [0x000071c1cd30cc40, 0x000071c1cd30cd60]
Event: 0.802 Thread 0x000071c1e4160aa0  630       3       java.lang.String::<init> (74 bytes)
Event: 0.802 Thread 0x000071c1e415f570  638       4       java.util.HashMap::afterNodeInsertion (1 bytes)
Event: 0.802 Thread 0x000071c1e4160aa0 nmethod 630 0x000071c1cd30ce10 code [0x000071c1cd30d000, 0x000071c1cd30d3f0]
Event: 0.802 Thread 0x000071c1e4160aa0  634       3       java.io.DataInputStream::readUTF (5 bytes)
Event: 0.802 Thread 0x000071c1e415f570 nmethod 638 0x000071c1d4cf9110 code [0x000071c1d4cf9280, 0x000071c1d4cf92f8]
Event: 0.802 Thread 0x000071c1e4160aa0 nmethod 634 0x000071c1cd30d510 code [0x000071c1cd30d6c0, 0x000071c1cd30d7e0]
Event: 0.802 Thread 0x000071c1e415f570  639  s    4       java.io.BufferedInputStream::read (49 bytes)

GC Heap History (0 events):
No events

Dll operation events (7 events):
Event: 0.003 Loaded shared library /home/juste/.jdks/ms-17.0.16/lib/libjava.so
Event: 0.047 Loaded shared library /home/juste/.jdks/ms-17.0.16/lib/libjsvml.so
Event: 0.102 Loaded shared library /home/juste/.jdks/ms-17.0.16/lib/libnio.so
Event: 0.112 Loaded shared library /home/juste/.jdks/ms-17.0.16/lib/libzip.so
Event: 0.264 Loaded shared library /home/juste/.jdks/ms-17.0.16/lib/libverify.so
Event: 0.276 Loaded shared library /home/juste/.jdks/ms-17.0.16/lib/libjimage.so
Event: 0.366 Loaded shared library /home/juste/.jdks/ms-17.0.16/lib/libnet.so

Deoptimization events (20 events):
Event: 0.250 Thread 0x000071c1e402c8c0 DEOPT PACKING pc=0x000071c1cd201f42 sp=0x000071c1eb7fa0e0
Event: 0.250 Thread 0x000071c1e402c8c0 DEOPT UNPACKING pc=0x000071c1d479164f sp=0x000071c1eb7f9578 mode 0
Event: 0.466 Thread 0x000071c1e402c8c0 DEOPT PACKING pc=0x000071c1cd2773e4 sp=0x000071c1eb7fc0b0
Event: 0.466 Thread 0x000071c1e402c8c0 DEOPT UNPACKING pc=0x000071c1d479164f sp=0x000071c1eb7fb5b0 mode 0
Event: 0.472 Thread 0x000071c1e402c8c0 DEOPT PACKING pc=0x000071c1cd227849 sp=0x000071c1eb7fc0f0
Event: 0.472 Thread 0x000071c1e402c8c0 DEOPT UNPACKING pc=0x000071c1d479164f sp=0x000071c1eb7fb5b0 mode 0
Event: 0.474 Thread 0x000071c1e402c8c0 DEOPT PACKING pc=0x000071c1cd2033bc sp=0x000071c1eb7fc340
Event: 0.474 Thread 0x000071c1e402c8c0 DEOPT UNPACKING pc=0x000071c1d479164f sp=0x000071c1eb7fb7b0 mode 0
Event: 0.478 Thread 0x000071c1e402c8c0 DEOPT PACKING pc=0x000071c1cd227849 sp=0x000071c1eb7fc070
Event: 0.478 Thread 0x000071c1e402c8c0 DEOPT UNPACKING pc=0x000071c1d479164f sp=0x000071c1eb7fb518 mode 0
Event: 0.727 Thread 0x000071c1e402c8c0 DEOPT PACKING pc=0x000071c1cd2720cf sp=0x000071c1eb7f9f90
Event: 0.727 Thread 0x000071c1e402c8c0 DEOPT UNPACKING pc=0x000071c1d479164f sp=0x000071c1eb7f9410 mode 0
Event: 0.795 Thread 0x000071c1e402c8c0 Uncommon trap: trap_request=0xffffff6e fr.pc=0x000071c1d4ce67c0 relative=0x0000000000000420
Event: 0.795 Thread 0x000071c1e402c8c0 Uncommon trap: reason=loop_limit_check action=maybe_recompile pc=0x000071c1d4ce67c0 method=java.lang.StringLatin1.indexOf([BI[BII)I @ 37 c2
Event: 0.795 Thread 0x000071c1e402c8c0 DEOPT PACKING pc=0x000071c1d4ce67c0 sp=0x000071c1eb7fd590
Event: 0.795 Thread 0x000071c1e402c8c0 DEOPT UNPACKING pc=0x000071c1d4790b19 sp=0x000071c1eb7fd510 mode 2
Event: 0.795 Thread 0x000071c1e402c8c0 Uncommon trap: trap_request=0xffffff45 fr.pc=0x000071c1d4ccacf4 relative=0x00000000000001d4
Event: 0.795 Thread 0x000071c1e402c8c0 Uncommon trap: reason=unstable_if action=reinterpret pc=0x000071c1d4ccacf4 method=java.io.BufferedInputStream.read()I @ 8 c2
Event: 0.795 Thread 0x000071c1e402c8c0 DEOPT PACKING pc=0x000071c1d4ccacf4 sp=0x000071c1eb7fd620
Event: 0.795 Thread 0x000071c1e402c8c0 DEOPT UNPACKING pc=0x000071c1d4790b19 sp=0x000071c1eb7fd5d8 mode 2

Classes loaded (20 events):
Event: 0.730 Loading class java/net/UnknownHostException
Event: 0.730 Loading class java/net/UnknownHostException done
Event: 0.735 Loading class java/lang/ProcessEnvironment
Event: 0.735 Loading class java/lang/ProcessEnvironment done
Event: 0.736 Loading class java/lang/ProcessEnvironment$Variable
Event: 0.736 Loading class java/lang/ProcessEnvironment$ExternalData
Event: 0.736 Loading class java/lang/ProcessEnvironment$ExternalData done
Event: 0.736 Loading class java/lang/ProcessEnvironment$Variable done
Event: 0.736 Loading class java/lang/ProcessEnvironment$Value
Event: 0.736 Loading class java/lang/ProcessEnvironment$Value done
Event: 0.737 Loading class java/lang/ProcessEnvironment$StringEnvironment
Event: 0.737 Loading class java/lang/ProcessEnvironment$StringEnvironment done
Event: 0.775 Loading class java/lang/Class$EnclosingMethodInfo
Event: 0.775 Loading class java/lang/Class$EnclosingMethodInfo done
Event: 0.786 Loading class java/util/concurrent/ScheduledExecutorService
Event: 0.786 Loading class java/util/concurrent/ScheduledExecutorService done
Event: 0.786 Loading class java/util/concurrent/CopyOnWriteArraySet
Event: 0.786 Loading class java/util/concurrent/CopyOnWriteArraySet done
Event: 0.802 Loading class sun/util/calendar/ZoneInfoFile$Checksum
Event: 0.802 Loading class sun/util/calendar/ZoneInfoFile$Checksum done

Classes unloaded (0 events):
No events

Classes redefined (0 events):
No events

Internal exceptions (12 events):
Event: 0.177 Thread 0x000071c1e402c8c0 Exception <a 'java/lang/NoSuchMethodError'{0x00000000ef405a08}: 'void java.lang.invoke.DirectMethodHandle$Holder.invokeInterface(java.lang.Object, java.lang.Object, java.lang.Object)'> (0x00000000ef405a08) 
thrown [src/hotspot/share/interpreter/linkResolver.cpp, line 758]
Event: 0.485 Thread 0x000071c1e402c8c0 Exception <a 'java/lang/NoSuchMethodError'{0x00000000eeff3418}: 'java.lang.Object java.lang.invoke.DirectMethodHandle$Holder.invokeStaticInit(java.lang.Object)'> (0x00000000eeff3418) 
thrown [src/hotspot/share/interpreter/linkResolver.cpp, line 758]
Event: 0.535 Thread 0x000071c1e402c8c0 Exception <a 'java/lang/NoSuchMethodError'{0x00000000eee309e8}: static Ljava/lang/Object;.<clinit>()V> (0x00000000eee309e8) 
thrown [src/hotspot/share/prims/jni.cpp, line 1112]
Event: 0.588 Thread 0x000071c1e402c8c0 Exception <a 'java/lang/NoSuchMethodError'{0x00000000eee950a8}: static Lorg/gradle/api/internal/tasks/testing/junitplatform/JUnitPlatformTestClassProcessorFactory;.<clinit>()V> (0x00000000eee950a8) 
thrown [src/hotspot/share/prims/jni.cpp, line 1112]
Event: 0.594 Thread 0x000071c1e402c8c0 Exception <a 'java/lang/NoSuchMethodError'{0x00000000eeea2fb8}: static Lorg/gradle/api/internal/tasks/testing/junitplatform/JUnitPlatformSpec;.<clinit>()V> (0x00000000eeea2fb8) 
thrown [src/hotspot/share/prims/jni.cpp, line 1112]
Event: 0.603 Thread 0x000071c1e402c8c0 Exception <a 'java/lang/NoSuchMethodError'{0x00000000eeebf598}: static Lorg/gradle/api/internal/tasks/testing/filter/TestFilterSpec;.<clinit>()V> (0x00000000eeebf598) 
thrown [src/hotspot/share/prims/jni.cpp, line 1112]
Event: 0.750 Thread 0x000071c1e402c8c0 Exception <a 'java/lang/NoSuchMethodError'{0x00000000eecfe430}: 'java.lang.Object java.lang.invoke.Invokers$Holder.invoker(java.lang.Object, java.lang.Object, java.lang.Object)'> (0x00000000eecfe430) 
thrown [src/hotspot/share/interpreter/linkResolver.cpp, line 758]
Event: 0.752 Thread 0x000071c1e402c8c0 Exception <a 'java/lang/NoSuchMethodError'{0x00000000eeb06cc8}: 'java.lang.Object java.lang.invoke.DirectMethodHandle$Holder.invokeStatic(java.lang.Object, java.lang.Object, int)'> (0x00000000eeb06cc8) 
thrown [src/hotspot/share/interpreter/linkResolver.cpp, line 758]
Event: 0.756 Thread 0x000071c1e402c8c0 Exception <a 'java/lang/NoSuchMethodError'{0x00000000eeb12980}: 'void java.lang.invoke.DelegatingMethodHandle$Holder.delegate(java.lang.Object, java.lang.Object, int, java.lang.Object)'> (0x00000000eeb12980) 
thrown [src/hotspot/share/interpreter/linkResolver.cpp, line 758]
Event: 0.757 Thread 0x000071c1e402c8c0 Exception <a 'java/lang/NoSuchMethodError'{0x00000000eeb16db0}: 'int java.lang.invoke.DirectMethodHandle$Holder.invokeSpecial(java.lang.Object, java.lang.Object, java.lang.Object)'> (0x00000000eeb16db0) 
thrown [src/hotspot/share/interpreter/linkResolver.cpp, line 758]
Event: 0.762 Thread 0x000071c1e402c8c0 Exception <a 'java/lang/NoSuchMethodError'{0x00000000eeb29da0}: 'java.lang.Object java.lang.invoke.Invokers$Holder.invokeExact_MT(java.lang.Object, java.lang.Object, java.lang.Object, java.lang.Object)'> (0x00000000eeb29da0) 
thrown [src/hotspot/share/interpreter/linkResolver.cpp, line 758]
Event: 0.772 Thread 0x000071c1e402c8c0 Exception <a 'java/lang/NoSuchMethodError'{0x00000000eeb5a0e0}: 'java.lang.Object java.lang.invoke.DirectMethodHandle$Holder.invokeVirtual(java.lang.Object, java.lang.Object, java.lang.Object)'> (0x00000000eeb5a0e0) 
thrown [src/hotspot/share/interpreter/linkResolver.cpp, line 758]

VM Operations (8 events):
Event: 0.361 Executing VM operation: HandshakeAllThreads
Event: 0.362 Executing VM operation: HandshakeAllThreads done
Event: 0.367 Executing VM operation: HandshakeAllThreads
Event: 0.367 Executing VM operation: HandshakeAllThreads done
Event: 0.502 Executing VM operation: HandshakeAllThreads
Event: 0.502 Executing VM operation: HandshakeAllThreads done
Event: 0.535 Executing VM operation: HandshakeAllThreads
Event: 0.535 Executing VM operation: HandshakeAllThreads done

Memory protections (11 events):
Event: 0.002 Protecting memory [0x000071c1eb700000,0x000071c1eb704000] with protection modes 0
Event: 0.053 Protecting memory [0x000071c1e8905000,0x000071c1e8909000] with protection modes 0
Event: 0.055 Protecting memory [0x000071c1e8805000,0x000071c1e8809000] with protection modes 0
Event: 0.062 Protecting memory [0x000071c1e8705000,0x000071c1e8709000] with protection modes 0
Event: 0.062 Protecting memory [0x000071c1e8605000,0x000071c1e8609000] with protection modes 0
Event: 0.063 Protecting memory [0x000071c1e8505000,0x000071c1e8509000] with protection modes 0
Event: 0.063 Protecting memory [0x000071c1e8405000,0x000071c1e8409000] with protection modes 0
Event: 0.067 Protecting memory [0x000071c1e8305000,0x000071c1e8309000] with protection modes 0
Event: 0.068 Protecting memory [0x000071c1e8205000,0x000071c1e8209000] with protection modes 0
Event: 0.094 Protecting memory [0x000071c1e8105000,0x000071c1e8109000] with protection modes 0
Event: 0.100 Protecting memory [0x000071c1e3f00000,0x000071c1e3f04000] with protection modes 0

Nmethod flushes (0 events):
No events

Events (11 events):
Event: 0.047 Thread 0x000071c1e402c8c0 Thread added: 0x000071c1e402c8c0
Event: 0.052 Thread 0x000071c1e402c8c0 Thread added: 0x000071c1e4154a90
Event: 0.055 Thread 0x000071c1e402c8c0 Thread added: 0x000071c1e4155e70
Event: 0.062 Thread 0x000071c1e402c8c0 Thread added: 0x000071c1e415b400
Event: 0.062 Thread 0x000071c1e402c8c0 Thread added: 0x000071c1e415c7b0
Event: 0.063 Thread 0x000071c1e402c8c0 Thread added: 0x000071c1e415dbc0
Event: 0.063 Thread 0x000071c1e402c8c0 Thread added: 0x000071c1e415f570
Event: 0.067 Thread 0x000071c1e402c8c0 Thread added: 0x000071c1e4160aa0
Event: 0.068 Thread 0x000071c1e402c8c0 Thread added: 0x000071c1e4161f10
Event: 0.094 Thread 0x000071c1e402c8c0 Thread added: 0x000071c1e4169f70
Event: 0.100 Thread 0x000071c1e402c8c0 Thread added: 0x000071c1e416d930


Dynamic libraries:
e0000000-ef600000 rw-p 00000000 00:00 0 
ef600000-ffe00000 ---p 00000000 00:00 0 
ffe00000-ffe75000 rw-p 00c77000 103:02 7612790                           /home/juste/.jdks/ms-17.0.16/lib/server/classes.jsa
ffe75000-fff00000 rw-p 00000000 00:00 0 
fff00000-fff78000 rw-p 00bff000 103:02 7612790                           /home/juste/.jdks/ms-17.0.16/lib/server/classes.jsa
fff78000-100000000 rw-p 00000000 00:00 0 
5bd3225a6000-5bd3225a7000 r-xp 00000000 103:02 7612234                   /home/juste/.jdks/ms-17.0.16/bin/java
5bd3225a8000-5bd3225a9000 r--p 00001000 103:02 7612234                   /home/juste/.jdks/ms-17.0.16/bin/java
5bd3225a9000-5bd3225aa000 rw-p 00002000 103:02 7612234                   /home/juste/.jdks/ms-17.0.16/bin/java
5bd335b4e000-5bd335b99000 rw-p 00000000 00:00 0                          [heap]
71c13c000000-71c13c021000 rw-p 00000000 00:00 0 
71c13c021000-71c140000000 ---p 00000000 00:00 0 
71c140000000-71c140021000 rw-p 00000000 00:00 0 
71c140021000-71c144000000 ---p 00000000 00:00 0 
71c144000000-71c144021000 rw-p 00000000 00:00 0 
71c144021000-71c148000000 ---p 00000000 00:00 0 
71c148000000-71c148021000 rw-p 00000000 00:00 0 
71c148021000-71c14c000000 ---p 00000000 00:00 0 
71c14c000000-71c14c1a4000 rw-p 00000000 00:00 0 
71c14c1a4000-71c150000000 ---p 00000000 00:00 0 
71c150000000-71c15013e000 rw-p 00000000 00:00 0 
71c15013e000-71c154000000 ---p 00000000 00:00 0 
71c154000000-71c154021000 rw-p 00000000 00:00 0 
71c154021000-71c158000000 ---p 00000000 00:00 0 
71c158000000-71c158021000 rw-p 00000000 00:00 0 
71c158021000-71c15c000000 ---p 00000000 00:00 0 
71c15c000000-71c15c021000 rw-p 00000000 00:00 0 
71c15c021000-71c160000000 ---p 00000000 00:00 0 
71c160000000-71c160021000 rw-p 00000000 00:00 0 
71c160021000-71c164000000 ---p 00000000 00:00 0 
71c164000000-71c164021000 rw-p 00000000 00:00 0 
71c164021000-71c168000000 ---p 00000000 00:00 0 
71c16b000000-71c16b230000 rw-p 00000000 00:00 0 
71c16b230000-71c16b400000 ---p 00000000 00:00 0 
71c16b400000-71c16b4e0000 rw-p 00000000 00:00 0 
71c16b4e0000-71c16f000000 ---p 00000000 00:00 0 
71c16f000000-71c16fbc7000 rw-p 00001000 103:02 7612790                   /home/juste/.jdks/ms-17.0.16/lib/server/classes.jsa
71c16fbc7000-71c170000000 ---p 00000000 00:00 0 
71c170000000-71c170040000 rw-p 00000000 00:00 0 
71c170040000-71c170080000 rw-p 00000000 00:00 0 
71c170080000-71c1b0000000 ---p 00000000 00:00 0 
71c1b0000000-71c1b0021000 rw-p 00000000 00:00 0 
71c1b0021000-71c1b4000000 ---p 00000000 00:00 0 
71c1b4000000-71c1b4021000 rw-p 00000000 00:00 0 
71c1b4021000-71c1b8000000 ---p 00000000 00:00 0 
71c1b8000000-71c1b8021000 rw-p 00000000 00:00 0 
71c1b8021000-71c1bc000000 ---p 00000000 00:00 0 
71c1be000000-71c1c0021000 rw-p 00000000 00:00 0 
71c1c0021000-71c1c4000000 ---p 00000000 00:00 0 
71c1c4000000-71c1c4021000 rw-p 00000000 00:00 0 
71c1c4021000-71c1c8000000 ---p 00000000 00:00 0 
71c1c8000000-71c1c8021000 rw-p 00000000 00:00 0 
71c1c8021000-71c1cc000000 ---p 00000000 00:00 0 
71c1cc617000-71c1cca00000 rw-p 00000000 00:00 0 
71c1cca00000-71c1cd1f2000 r--p 00000000 103:02 10354772                  /usr/lib/locale/locale-archive
71c1cd200000-71c1cd470000 rwxp 00000000 00:00 0 
71c1cd470000-71c1d4737000 ---p 00000000 00:00 0 
71c1d4737000-71c1d49a7000 rwxp 00000000 00:00 0 
71c1d49a7000-71c1d4cc9000 ---p 00000000 00:00 0 
71c1d4cc9000-71c1d4f39000 rwxp 00000000 00:00 0 
71c1d4f39000-71c1dc200000 ---p 00000000 00:00 0 
71c1dc200000-71c1e3e0a000 r--s 00000000 103:02 7612272                   /home/juste/.jdks/ms-17.0.16/lib/modules
71c1e3f00000-71c1e3f04000 ---p 00000000 00:00 0 
71c1e3f04000-71c1e4000000 rw-p 00000000 00:00 0 
71c1e4000000-71c1e46cf000 rw-p 00000000 00:00 0 
71c1e46cf000-71c1e8000000 ---p 00000000 00:00 0 
71c1e8004000-71c1e8005000 ---p 00000000 00:00 0 
71c1e8005000-71c1e8105000 rw-p 00000000 00:00 0 
71c1e8105000-71c1e8109000 ---p 00000000 00:00 0 
71c1e8109000-71c1e8205000 rw-p 00000000 00:00 0 
71c1e8205000-71c1e8209000 ---p 00000000 00:00 0 
71c1e8209000-71c1e8305000 rw-p 00000000 00:00 0 
71c1e8305000-71c1e8309000 ---p 00000000 00:00 0 
71c1e8309000-71c1e8405000 rw-p 00000000 00:00 0 
71c1e8405000-71c1e8409000 ---p 00000000 00:00 0 
71c1e8409000-71c1e8505000 rw-p 00000000 00:00 0 
71c1e8505000-71c1e8509000 ---p 00000000 00:00 0 
71c1e8509000-71c1e8605000 rw-p 00000000 00:00 0 
71c1e8605000-71c1e8609000 ---p 00000000 00:00 0 
71c1e8609000-71c1e8705000 rw-p 00000000 00:00 0 
71c1e8705000-71c1e8709000 ---p 00000000 00:00 0 
71c1e8709000-71c1e8805000 rw-p 00000000 00:00 0 
71c1e8805000-71c1e8809000 ---p 00000000 00:00 0 
71c1e8809000-71c1e8905000 rw-p 00000000 00:00 0 
71c1e8905000-71c1e8909000 ---p 00000000 00:00 0 
71c1e8909000-71c1e8a05000 rw-p 00000000 00:00 0 
71c1e8a05000-71c1e8a06000 ---p 00000000 00:00 0 
71c1e8a06000-71c1e8b06000 rw-p 00000000 00:00 0 
71c1e8b06000-71c1e8bd4000 r-xp 00000000 103:02 7612763                   /home/juste/.jdks/ms-17.0.16/lib/libjsvml.so
71c1e8bd4000-71c1e8bd5000 r--p 000cd000 103:02 7612763                   /home/juste/.jdks/ms-17.0.16/lib/libjsvml.so
71c1e8bd5000-71c1e8bd6000 rw-p 000ce000 103:02 7612763                   /home/juste/.jdks/ms-17.0.16/lib/libjsvml.so
71c1e8bd6000-71c1e8cf3000 rw-p 00000000 00:00 0 
71c1e8cf3000-71c1e8cf4000 ---p 00000000 00:00 0 
71c1e8cf4000-71c1e8df4000 rw-p 00000000 00:00 0 
71c1e8df4000-71c1e8df5000 ---p 00000000 00:00 0 
71c1e8df5000-71c1e8ef5000 rw-p 00000000 00:00 0 
71c1e8ef5000-71c1e96fd000 rw-p 00000000 00:00 0 
71c1e96fd000-71c1e96fe000 ---p 00000000 00:00 0 
71c1e96fe000-71c1e97fe000 rw-p 00000000 00:00 0 
71c1e97fe000-71c1e97ff000 ---p 00000000 00:00 0 
71c1e97ff000-71c1e98ff000 rw-p 00000000 00:00 0 
71c1e98ff000-71c1e9900000 ---p 00000000 00:00 0 
71c1e9900000-71c1e9a00000 rw-p 00000000 00:00 0 
71c1e9a00000-71c1e9dd8000 rw-p 00000000 00:00 0 
71c1e9dd8000-71c1ea1f8000 ---p 00000000 00:00 0 
71c1ea1f8000-71c1ea5d8000 rw-p 00000000 00:00 0 
71c1ea5d8000-71c1ea9f8000 ---p 00000000 00:00 0 
71c1ea9f8000-71c1eaa00000 rw-p 00000000 00:00 0 
71c1eaa12000-71c1eaa1f000 r-xp 00000000 103:02 7612740                   /home/juste/.jdks/ms-17.0.16/lib/libverify.so
71c1eaa1f000-71c1eaa21000 r--p 0000c000 103:02 7612740                   /home/juste/.jdks/ms-17.0.16/lib/libverify.so
71c1eaa21000-71c1eaa22000 rw-p 0000e000 103:02 7612740                   /home/juste/.jdks/ms-17.0.16/lib/libverify.so
71c1eaa22000-71c1eaa9d000 rw-p 00000000 00:00 0 
71c1eaa9d000-71c1eab21000 ---p 00000000 00:00 0 
71c1eab21000-71c1eab9d000 rw-p 00000000 00:00 0 
71c1eab9d000-71c1eac21000 ---p 00000000 00:00 0 
71c1eac21000-71c1eac9d000 rw-p 00000000 00:00 0 
71c1eac9d000-71c1ead21000 ---p 00000000 00:00 0 
71c1ead21000-71c1eb52f000 rw-p 00000000 00:00 0 
71c1eb52f000-71c1eb615000 ---p 00000000 00:00 0 
71c1eb615000-71c1eb61a000 rw-p 00000000 00:00 0 
71c1eb61a000-71c1eb700000 ---p 00000000 00:00 0 
71c1eb700000-71c1eb704000 ---p 00000000 00:00 0 
71c1eb704000-71c1eb800000 rw-p 00000000 00:00 0 
71c1eb800000-71c1eca35000 r-xp 00000000 103:02 7612788                   /home/juste/.jdks/ms-17.0.16/lib/server/libjvm.so
71c1eca35000-71c1eca36000 ---p 01235000 103:02 7612788                   /home/juste/.jdks/ms-17.0.16/lib/server/libjvm.so
71c1eca36000-71c1ecaef000 r--p 01235000 103:02 7612788                   /home/juste/.jdks/ms-17.0.16/lib/server/libjvm.so
71c1ecaef000-71c1ecb24000 rw-p 012ee000 103:02 7612788                   /home/juste/.jdks/ms-17.0.16/lib/server/libjvm.so
71c1ecb24000-71c1ecb7f000 rw-p 00000000 00:00 0 
71c1ecb8b000-71c1ecb92000 r-xp 00000000 103:02 7612779                   /home/juste/.jdks/ms-17.0.16/lib/libzip.so
71c1ecb92000-71c1ecb93000 ---p 00007000 103:02 7612779                   /home/juste/.jdks/ms-17.0.16/lib/libzip.so
71c1ecb93000-71c1ecb94000 r--p 00007000 103:02 7612779                   /home/juste/.jdks/ms-17.0.16/lib/libzip.so
71c1ecb94000-71c1ecb95000 rw-p 00008000 103:02 7612779                   /home/juste/.jdks/ms-17.0.16/lib/libzip.so
71c1ecb95000-71c1ecbc6000 rw-p 00000000 00:00 0 
71c1ecbc6000-71c1ecbdb000 r-xp 00000000 103:02 7612751                   /home/juste/.jdks/ms-17.0.16/lib/libnet.so
71c1ecbdb000-71c1ecbdc000 ---p 00015000 103:02 7612751                   /home/juste/.jdks/ms-17.0.16/lib/libnet.so
71c1ecbdc000-71c1ecbdd000 r--p 00015000 103:02 7612751                   /home/juste/.jdks/ms-17.0.16/lib/libnet.so
71c1ecbdd000-71c1ecbde000 rw-p 00016000 103:02 7612751                   /home/juste/.jdks/ms-17.0.16/lib/libnet.so
71c1ecbde000-71c1ecc00000 rw-p 00000000 00:00 0 
71c1ecc00000-71c1ecc28000 r--p 00000000 103:02 10379587                  /usr/lib/x86_64-linux-gnu/libc.so.6
71c1ecc28000-71c1ecdb0000 r-xp 00028000 103:02 10379587                  /usr/lib/x86_64-linux-gnu/libc.so.6
71c1ecdb0000-71c1ecdff000 r--p 001b0000 103:02 10379587                  /usr/lib/x86_64-linux-gnu/libc.so.6
71c1ecdff000-71c1ece03000 r--p 001fe000 103:02 10379587                  /usr/lib/x86_64-linux-gnu/libc.so.6
71c1ece03000-71c1ece05000 rw-p 00202000 103:02 10379587                  /usr/lib/x86_64-linux-gnu/libc.so.6
71c1ece05000-71c1ece12000 rw-p 00000000 00:00 0 
71c1ece13000-71c1ece26000 r-xp 00000000 103:02 7612765                   /home/juste/.jdks/ms-17.0.16/lib/libnio.so
71c1ece26000-71c1ece27000 ---p 00013000 103:02 7612765                   /home/juste/.jdks/ms-17.0.16/lib/libnio.so
71c1ece27000-71c1ece28000 r--p 00013000 103:02 7612765                   /home/juste/.jdks/ms-17.0.16/lib/libnio.so
71c1ece28000-71c1ece29000 rw-p 00014000 103:02 7612765                   /home/juste/.jdks/ms-17.0.16/lib/libnio.so
71c1ece29000-71c1ece2e000 rw-p 00000000 00:00 0 
71c1ece2e000-71c1ece35000 ---p 00000000 00:00 0 
71c1ece35000-71c1ece59000 r-xp 00000000 103:02 7612774                   /home/juste/.jdks/ms-17.0.16/lib/libjava.so
71c1ece59000-71c1ece5a000 ---p 00024000 103:02 7612774                   /home/juste/.jdks/ms-17.0.16/lib/libjava.so
71c1ece5a000-71c1ece5b000 r--p 00024000 103:02 7612774                   /home/juste/.jdks/ms-17.0.16/lib/libjava.so
71c1ece5b000-71c1ece5c000 rw-p 00025000 103:02 7612774                   /home/juste/.jdks/ms-17.0.16/lib/libjava.so
71c1ece5c000-71c1ece5d000 rw-p 00000000 00:00 0 
71c1ece5d000-71c1ece78000 r-xp 00000000 103:02 7612737                   /home/juste/.jdks/ms-17.0.16/lib/libjimage.so
71c1ece78000-71c1ece79000 ---p 0001b000 103:02 7612737                   /home/juste/.jdks/ms-17.0.16/lib/libjimage.so
71c1ece79000-71c1ece7b000 r--p 0001b000 103:02 7612737                   /home/juste/.jdks/ms-17.0.16/lib/libjimage.so
71c1ece7b000-71c1ece7c000 rw-p 0001d000 103:02 7612737                   /home/juste/.jdks/ms-17.0.16/lib/libjimage.so
71c1ece7c000-71c1ece8c000 r--p 00000000 103:02 10379590                  /usr/lib/x86_64-linux-gnu/libm.so.6
71c1ece8c000-71c1ecf0b000 r-xp 00010000 103:02 10379590                  /usr/lib/x86_64-linux-gnu/libm.so.6
71c1ecf0b000-71c1ecf63000 r--p 0008f000 103:02 10379590                  /usr/lib/x86_64-linux-gnu/libm.so.6
71c1ecf63000-71c1ecf64000 r--p 000e7000 103:02 10379590                  /usr/lib/x86_64-linux-gnu/libm.so.6
71c1ecf64000-71c1ecf65000 rw-p 000e8000 103:02 10379590                  /usr/lib/x86_64-linux-gnu/libm.so.6
71c1ecf65000-71c1ecf66000 r--p 00000000 103:02 10379603                  /usr/lib/x86_64-linux-gnu/librt.so.1
71c1ecf66000-71c1ecf67000 r-xp 00001000 103:02 10379603                  /usr/lib/x86_64-linux-gnu/librt.so.1
71c1ecf67000-71c1ecf68000 r--p 00002000 103:02 10379603                  /usr/lib/x86_64-linux-gnu/librt.so.1
71c1ecf68000-71c1ecf69000 r--p 00002000 103:02 10379603                  /usr/lib/x86_64-linux-gnu/librt.so.1
71c1ecf69000-71c1ecf6a000 rw-p 00003000 103:02 10379603                  /usr/lib/x86_64-linux-gnu/librt.so.1
71c1ecf6a000-71c1ecf6e000 rw-p 00000000 00:00 0 
71c1ecf6e000-71c1ecf6f000 r--p 00000000 103:02 10379589                  /usr/lib/x86_64-linux-gnu/libdl.so.2
71c1ecf6f000-71c1ecf70000 r-xp 00001000 103:02 10379589                  /usr/lib/x86_64-linux-gnu/libdl.so.2
71c1ecf70000-71c1ecf71000 r--p 00002000 103:02 10379589                  /usr/lib/x86_64-linux-gnu/libdl.so.2
71c1ecf71000-71c1ecf72000 r--p 00002000 103:02 10379589                  /usr/lib/x86_64-linux-gnu/libdl.so.2
71c1ecf72000-71c1ecf73000 rw-p 00003000 103:02 10379589                  /usr/lib/x86_64-linux-gnu/libdl.so.2
71c1ecf73000-71c1ecf74000 r--p 00000000 103:02 10379599                  /usr/lib/x86_64-linux-gnu/libpthread.so.0
71c1ecf74000-71c1ecf75000 r-xp 00001000 103:02 10379599                  /usr/lib/x86_64-linux-gnu/libpthread.so.0
71c1ecf75000-71c1ecf76000 r--p 00002000 103:02 10379599                  /usr/lib/x86_64-linux-gnu/libpthread.so.0
71c1ecf76000-71c1ecf77000 r--p 00002000 103:02 10379599                  /usr/lib/x86_64-linux-gnu/libpthread.so.0
71c1ecf77000-71c1ecf78000 rw-p 00003000 103:02 10379599                  /usr/lib/x86_64-linux-gnu/libpthread.so.0
71c1ecf78000-71c1ecf86000 r-xp 00000000 103:02 7612749                   /home/juste/.jdks/ms-17.0.16/lib/libjli.so
71c1ecf86000-71c1ecf87000 ---p 0000e000 103:02 7612749                   /home/juste/.jdks/ms-17.0.16/lib/libjli.so
71c1ecf87000-71c1ecf88000 r--p 0000e000 103:02 7612749                   /home/juste/.jdks/ms-17.0.16/lib/libjli.so
71c1ecf88000-71c1ecf89000 rw-p 0000f000 103:02 7612749                   /home/juste/.jdks/ms-17.0.16/lib/libjli.so
71c1ecf89000-71c1ecf8b000 r--p 00000000 103:02 10370859                  /usr/lib/x86_64-linux-gnu/libz.so.1.3
71c1ecf8b000-71c1ecf9d000 r-xp 00002000 103:02 10370859                  /usr/lib/x86_64-linux-gnu/libz.so.1.3
71c1ecf9d000-71c1ecfa3000 r--p 00014000 103:02 10370859                  /usr/lib/x86_64-linux-gnu/libz.so.1.3
71c1ecfa3000-71c1ecfa4000 r--p 0001a000 103:02 10370859                  /usr/lib/x86_64-linux-gnu/libz.so.1.3
71c1ecfa4000-71c1ecfa5000 rw-p 0001b000 103:02 10370859                  /usr/lib/x86_64-linux-gnu/libz.so.1.3
71c1ecfa6000-71c1ecfad000 r--s 00000000 103:02 10378071                  /usr/lib/x86_64-linux-gnu/gconv/gconv-modules.cache
71c1ecfad000-71c1ecfb5000 rw-s 00000000 103:02 10915358                  /tmp/hsperfdata_juste/16573
71c1ecfb5000-71c1ecfb6000 ---p 00000000 00:00 0 
71c1ecfb6000-71c1ecfb7000 r--p 00000000 00:00 0 
71c1ecfb7000-71c1ecfb8000 ---p 00000000 00:00 0 
71c1ecfb8000-71c1ecfba000 rw-p 00000000 00:00 0 
71c1ecfba000-71c1ecfbc000 r--p 00000000 00:00 0                          [vvar]
71c1ecfbc000-71c1ecfbe000 r--p 00000000 00:00 0                          [vvar_vclock]
71c1ecfbe000-71c1ecfc0000 r-xp 00000000 00:00 0                          [vdso]
71c1ecfc0000-71c1ecfc1000 r--p 00000000 103:02 10379584                  /usr/lib/x86_64-linux-gnu/ld-linux-x86-64.so.2
71c1ecfc1000-71c1ecfec000 r-xp 00001000 103:02 10379584                  /usr/lib/x86_64-linux-gnu/ld-linux-x86-64.so.2
71c1ecfec000-71c1ecff6000 r--p 0002c000 103:02 10379584                  /usr/lib/x86_64-linux-gnu/ld-linux-x86-64.so.2
71c1ecff6000-71c1ecff8000 r--p 00036000 103:02 10379584                  /usr/lib/x86_64-linux-gnu/ld-linux-x86-64.so.2
71c1ecff8000-71c1ecffa000 rw-p 00038000 103:02 10379584                  /usr/lib/x86_64-linux-gnu/ld-linux-x86-64.so.2
7ffd2d6ad000-7ffd2d6cf000 rw-p 00000000 00:00 0                          [stack]
ffffffffff600000-ffffffffff601000 --xp 00000000 00:00 0                  [vsyscall]


VM Arguments:
jvm_args: -Dorg.gradle.internal.worker.tmpdir=/home/juste/learnings/Spring Boot/cashcard/build/tmp/test/work -Xmx512m -Dfile.encoding=UTF-8 -Duser.country=US -Duser.language=en -Duser.variant -ea 
java_command: worker.org.gradle.process.internal.worker.GradleWorkerMain 'Gradle Test Executor 17'
java_class_path (initial): /home/juste/.gradle/caches/8.14.3/workerMain/gradle-worker.jar:/home/juste/learnings/Spring Boot/cashcard/build/classes/java/test:/home/juste/learnings/Spring Boot/cashcard/build/resources/test:/home/juste/learnings/Spring Boot/cashcard/build/classes/java/main:/home/juste/learnings/Spring Boot/cashcard/build/resources/main:/home/juste/.gradle/caches/modules-2/files-2.1/org.springframework.boot/spring-boot-starter-web/3.5.7/b98c28da1fe667776698882c27f68630c2747b87/spring-boot-starter-web-3.5.7.jar:/home/juste/.gradle/caches/modules-2/files-2.1/org.springframework.boot/spring-boot-starter-data-jdbc/3.5.7/494f232935178151d25a5926ccbdd7f86bc8694e/spring-boot-starter-data-jdbc-3.5.7.jar:/home/juste/.gradle/caches/modules-2/files-2.1/com.h2database/h2/2.3.232/4fcc05d966ccdb2812ae8b9a718f69226c0cf4e2/h2-2.3.232.jar:/home/juste/.gradle/caches/modules-2/files-2.1/org.springframework.boot/spring-boot-starter-test/3.5.7/a460fe60ea4c396c782f1c95743525a64ab1c0b6/spring-boot-starter-test-3.5.7.jar:/home/juste/.gradle/caches/modules-2/files-2.1/org.junit.jupiter/junit-jupiter/5.12.2/64d3ec64ae06517bc14b7faaaec7c996b0d05bea/junit-jupiter-5.12.2.jar:/home/juste/.gradle/caches/modules-2/files-2.1/org.junit.jupiter/junit-jupiter-engine/5.12.2/b8df7575b8cd3a94dbe27b481d1cd52c57864559/junit-jupiter-engine-5.12.2.jar:/home/juste/.gradle/caches/modules-2/files-2.1/org.junit.platform/junit-platform-engine/1.12.2/8519ece93f91b8115705d36be2c36d49808935cd/junit-platform-engine-1.12.2.jar:/home/juste/.gradle/caches/modules-2/files-2.1/org.mockito/mockito-junit-jupiter/5.17.0/4399e19e3fb5b55230027583323e4c883d5da07d/mockito-junit-jupiter-5.17.0.jar:/home/juste/.gradle/caches/modules-2/files-2.1/org.junit.jupiter/junit-jupiter-params/5.12.2/ff1434a66d1fb84c2c709cde2e2d56d5c8f4fad3/junit-jupiter-params-5.12.2.jar:/home/juste/.gradle/caches/modules-2/files-2.1/org.junit.jupiter/junit-jupiter-api/5.12.2/6de3a3256c5d90f4a439edcb6c2e8dc5180907b0/junit-jupiter-api-5.12.2.j
Launcher Type: SUN_STANDARD

[Global flags]
     intx CICompilerCount                          = 4                                         {product} {ergonomic}
     uint ConcGCThreads                            = 2                                         {product} {ergonomic}
     uint G1ConcRefinementThreads                  = 8                                         {product} {ergonomic}
   size_t G1HeapRegionSize                         = 1048576                                   {product} {ergonomic}
    uintx GCDrainStackTargetSize                   = 64                                        {product} {ergonomic}
   size_t InitialHeapSize                          = 257949696                                 {product} {ergonomic}
   size_t MarkStackSize                            = 4194304                                   {product} {ergonomic}
   size_t MaxHeapSize                              = 536870912                                 {product} {command line}
   size_t MaxNewSize                               = 321912832                                 {product} {ergonomic}
   size_t MinHeapDeltaBytes                        = 1048576                                   {product} {ergonomic}
   size_t MinHeapSize                              = 8388608                                   {product} {ergonomic}
    uintx NonNMethodCodeHeapSize                   = 5839372                                {pd product} {ergonomic}
    uintx NonProfiledCodeHeapSize                  = 122909434                              {pd product} {ergonomic}
    uintx ProfiledCodeHeapSize                     = 122909434                              {pd product} {ergonomic}
    uintx ReservedCodeCacheSize                    = 251658240                              {pd product} {ergonomic}
     bool SegmentedCodeCache                       = true                                      {product} {ergonomic}
   size_t SoftMaxHeapSize                          = 536870912                              {manageable} {ergonomic}
     bool UseCompressedClassPointers               = true                           {product lp64_product} {ergonomic}
     bool UseCompressedOops                        = true                           {product lp64_product} {ergonomic}
     bool UseG1GC                                  = true                                      {product} {ergonomic}

Logging:
Log output configuration:
 #0: stdout all=warning uptime,level,tags
 #1: stderr all=off uptime,level,tags

Environment Variables:
PATH=/home/juste/.nvm/versions/node/v22.14.0/bin:/home/juste/.local/bin:/usr/local/sbin:/usr/local/bin:/usr/sbin:/usr/bin:/sbin:/bin:/usr/games:/usr/local/games:/snap/bin:/snap/bin:/home/juste/.local/share/JetBrains/Toolbox/scripts
USERNAME=juste
SHELL=/bin/bash
DISPLAY=:0
LANG=en_US.UTF-8
LC_NUMERIC=en_US.UTF-8
LC_TIME=en_US.UTF-8
TERM=xterm-256color

Active Locale:
LC_ALL=en_US.UTF-8
LC_COLLATE=en_US.UTF-8
LC_CTYPE=en_US.UTF-8
LC_MESSAGES=en_US.UTF-8
LC_MONETARY=en_US.UTF-8
LC_NUMERIC=en_US.UTF-8
LC_TIME=en_US.UTF-8

Signal Handlers:
   SIGSEGV: crash_handler in libjvm.so, mask=11100100010111111101111111111110, flags=SA_RESTART|SA_SIGINFO, unblocked
    SIGBUS: crash_handler in libjvm.so, mask=11100100010111111101111111111110, flags=SA_RESTART|SA_SIGINFO, unblocked
    SIGFPE: crash_handler in libjvm.so, mask=11100100010111111101111111111110, flags=SA_RESTART|SA_SIGINFO, unblocked
   SIGPIPE: javaSignalHandler in libjvm.so, mask=11100100010111111101111111111110, flags=SA_RESTART|SA_SIGINFO, blocked
   SIGXFSZ: javaSignalHandler in libjvm.so, mask=11100100010111111101111111111110, flags=SA_RESTART|SA_SIGINFO, blocked
    SIGILL: crash_handler in libjvm.so, mask=11100100010111111101111111111110, flags=SA_RESTART|SA_SIGINFO, unblocked
   SIGUSR2: SR_handler in libjvm.so, mask=00000000000000000000000000000000, flags=SA_RESTART|SA_SIGINFO, blocked
    SIGHUP: UserHandler in libjvm.so, mask=11100100010111111101111111111110, flags=SA_RESTART|SA_SIGINFO, blocked
    SIGINT: UserHandler in libjvm.so, mask=11100100010111111101111111111110, flags=SA_RESTART|SA_SIGINFO, blocked
   SIGTERM: UserHandler in libjvm.so, mask=11100100010111111101111111111110, flags=SA_RESTART|SA_SIGINFO, blocked
   SIGQUIT: UserHandler in libjvm.so, mask=11100100010111111101111111111110, flags=SA_RESTART|SA_SIGINFO, blocked
   SIGTRAP: crash_handler in libjvm.so, mask=11100100010111111101111111111110, flags=SA_RESTART|SA_SIGINFO, unblocked


Periodic native trim disabled


---------------  S Y S T E M  ---------------

OS:
DISTRIB_ID=Ubuntu
DISTRIB_RELEASE=24.04
DISTRIB_CODENAME=noble
DISTRIB_DESCRIPTION="Ubuntu 24.04.3 LTS"
uname: Linux 6.14.0-33-generic #33~24.04.1-Ubuntu SMP PREEMPT_DYNAMIC Fri Sep 19 17:02:30 UTC 2 x86_64
OS uptime: 0 days 0:48 hours
libc: glibc 2.39 NPTL 2.39 
rlimit (soft/hard): STACK 8192k/infinity , CORE 0k/infinity , NPROC 62160/62160 , NOFILE 1048576/1048576 , AS infinity/infinity , CPU infinity/infinity , DATA infinity/infinity , FSIZE infinity/infinity , MEMLOCK 2008632k/2008632k
load average: 3.82 2.11 1.58

/proc/meminfo:
MemTotal:       16069072 kB
MemFree:          263156 kB
MemAvailable:    5731808 kB
Buffers:          264368 kB
Cached:          6766716 kB
SwapCached:            0 kB
Active:         10013412 kB
Inactive:        3848240 kB
Active(anon):    7354156 kB
Inactive(anon):   852116 kB
Active(file):    2659256 kB
Inactive(file):  2996124 kB
Unevictable:      922396 kB
Mlocked:             152 kB
SwapTotal:       4194300 kB
SwapFree:        4194300 kB
Zswap:                 0 kB
Zswapped:              0 kB
Dirty:             38008 kB
Writeback:             0 kB
AnonPages:       7753888 kB
Mapped:          2166192 kB
Shmem:           1375708 kB
KReclaimable:     235232 kB
Slab:             714632 kB
SReclaimable:     235232 kB
SUnreclaim:       479400 kB
KernelStack:       31024 kB
PageTables:        96916 kB
SecPageTables:      7020 kB
NFS_Unstable:          0 kB
Bounce:                0 kB
WritebackTmp:          0 kB
CommitLimit:    12228836 kB
Committed_AS:   48567700 kB
VmallocTotal:   34359738367 kB
VmallocUsed:       86156 kB
VmallocChunk:          0 kB
Percpu:            10048 kB
HardwareCorrupted:     0 kB
AnonHugePages:         0 kB
ShmemHugePages:        0 kB
ShmemPmdMapped:        0 kB
FileHugePages:         0 kB
FilePmdMapped:         0 kB
Unaccepted:            0 kB
HugePages_Total:       0
HugePages_Free:        0
HugePages_Rsvd:        0
HugePages_Surp:        0
Hugepagesize:       2048 kB
Hugetlb:               0 kB
DirectMap4k:      352764 kB
DirectMap2M:     6678528 kB
DirectMap1G:     9437184 kB

/sys/kernel/mm/transparent_hugepage/enabled: always [madvise] never
/sys/kernel/mm/transparent_hugepage/hpage_pmd_size: 2097152
/sys/kernel/mm/transparent_hugepage/defrag (defrag/compaction efforts parameter): always defer defer+madvise [madvise] never

Process Memory:
Virtual Size: 3335340K (peak: 3335340K)
Resident Set Size: 63708K (peak: 63708K) (anon: 42112K, file: 21596K, shmem: 0K)
Swapped out: 0K
C-Heap outstanding allocations: 31580K, retained: 2431K
glibc malloc tunables: (default)

/proc/sys/kernel/threads-max (system-wide limit on the number of threads): 124320
/proc/sys/vm/max_map_count (maximum number of memory map areas a process may have): 1048576
/proc/sys/vm/swappiness (control to define how aggressively the kernel swaps out anonymous memory): 60
/proc/sys/kernel/pid_max (system-wide limit on number of process identifiers): 4194304

container information not found.
Steal ticks since vm start: 0
Steal ticks percentage since vm start:  0.000

CPU: total 8 (initial active 8) (4 cores per cpu, 2 threads per core) family 6 model 140 stepping 1 microcode 0xbc, cx8, cmov, fxsr, ht, mmx, 3dnowpref, sse, sse2, sse3, ssse3, sse4.1, sse4.2, popcnt, lzcnt, tsc, tscinvbit, avx, avx2, aes, erms, clmul, bmi1, bmi2, adx, avx512f, avx512dq, avx512cd, avx512bw, avx512vl, sha, fma, vzeroupper, avx512_vpopcntdq, avx512_vpclmulqdq, avx512_vaes, avx512_vnni, clflush, clflushopt, clwb, avx512_vbmi2, avx512_vbmi
CPU Model and flags from /proc/cpuinfo:
model name	: 11th Gen Intel(R) Core(TM) i5-1135G7 @ 2.40GHz
flags		: fpu vme de pse tsc msr pae mce cx8 apic sep mtrr pge mca cmov pat pse36 clflush dts acpi mmx fxsr sse sse2 ss ht tm pbe syscall nx pdpe1gb rdtscp lm constant_tsc art arch_perfmon pebs bts rep_good nopl xtopology nonstop_tsc cpuid aperfmperf tsc_known_freq pni pclmulqdq dtes64 monitor ds_cpl vmx est tm2 ssse3 sdbg fma cx16 xtpr pdcm pcid sse4_1 sse4_2 x2apic movbe popcnt tsc_deadline_timer aes xsave avx f16c rdrand lahf_lm abm 3dnowprefetch cpuid_fault epb cat_l2 cdp_l2 ssbd ibrs ibpb stibp ibrs_enhanced tpr_shadow flexpriority ept vpid ept_ad fsgsbase tsc_adjust bmi1 avx2 smep bmi2 erms invpcid rdt_a avx512f avx512dq rdseed adx smap avx512ifma clflushopt clwb intel_pt avx512cd sha_ni avx512bw avx512vl xsaveopt xsavec xgetbv1 xsaves split_lock_detect user_shstk dtherm ida arat pln pts hwp hwp_notify hwp_act_window hwp_epp hwp_pkg_req vnmi avx512vbmi umip pku ospke avx512_vbmi2 gfni vaes vpclmulqdq avx512_vnni avx512_bitalg avx512_vpopcntdq rdpid movdiri movdir64b fsrm avx512_vp2intersect md_clear ibt flush_l1d arch_capabilities

Online cpus: 0-7
Offline cpus: 
BIOS frequency limitation: <Not Available>
Frequency switch latency (ns): 0
Available cpu frequencies: <Not Available>
Current governor: powersave
Core performance/turbo boost: <Not Available>

Memory: 4k page, physical 16069072k(263156k free), swap 4194300k(4194300k free)
Page Sizes: 4k

vm_info: OpenJDK 64-Bit Server VM (17.0.16+8-LTS) for linux-amd64 JRE (17.0.16+8-LTS), built on Jul 10 2025 00:05:16 by "MicrosoftCorporation" with gcc 11.3.0

END.
